/HCP/hcpdb/build_ssd/chpc/BUILD/HCP_Staging/1396128475_198451/STRUCTURAL/198451/T1w/198451/mri
/export/freesurfer-5.3-HCP/bin/talairach_avi
--i orig_nu.mgz --xfm transforms/talairach.auto.xfm
$Id: talairach_avi,v 1.9 2011/03/02 18:38:06 nicks Exp $
Linux node136 2.6.18-164.el5 #1 SMP Tue Aug 18 15:51:48 EDT 2009 x86_64 x86_64 x86_64 GNU/Linux
Sat Mar 29 19:14:32 CDT 2014
mri_convert orig_nu.mgz talsrcimg.img 
$Id: mri_convert.c,v 1.179.2.7 2012/09/05 21:55:16 mreuter Exp $
reading from orig_nu.mgz...
TR=2400.00, TE=0.00, TI=0.00, flip angle=0.00
i_ras = (-1, 0, 0)
j_ras = (0, 0, -1)
k_ras = (0, 1, 0)
writing to talsrcimg.img...
Analyze Output Matrix
-1.000   0.000   0.000   128.000;
 0.000   0.000   1.000  -146.500;
 0.000  -1.000   0.000   148.000;
 0.000   0.000   0.000   1.000;
--------------------
INFO: set hdr.hist.orient to -1
mpr2mni305 talsrcimg
Sat Mar 29 19:14:33 CDT 2014
/export/freesurfer-5.3-HCP/bin/mpr2mni305 talsrcimg
$Id: mpr2mni305,v 1.4 2009/06/03 16:01:38 nicks Exp $
target=711-2C_as_mni_average_305

---------------------------------------------------------------------
analyzeto4dfp talsrcimg -O0 -y
---------------------------------------------------------------------

$Id: ifh2hdr.c,v 1.3 2007/05/05 10:45:03 nicks Exp $
Sat Mar 29 19:14:33 2014
Writing: talsrcimg.4dfp.hdr
$Id: analyzeto4dfp.c,v 1.2 2007/05/05 00:00:06 nicks Exp $
Reading: talsrcimg.hdr
header size 348 bytes
hdr.dime.datatype	offset=70	value=2
hdr.dime.bitpix		offset=72	value=8
hdr.hist.orient		offset=252	value=-1
dimensionality     4
dimensions       256       256       256         1
Reading: talsrcimg.img
Writing: talsrcimg.4dfp.img
Writing: talsrcimg.4dfp.ifh
ifh2hdr talsrcimg -r0to255
ori=2

---------------------------------------------------------------------
gauss_4dfp talsrcimg 1.1
---------------------------------------------------------------------

$Id: gauss_4dfp.c,v 1.3 2009/05/15 21:43:46 nicks Exp $
Reading: talsrcimg.4dfp.img
Writing: talsrcimg_g11.4dfp.img
image dimensions 256 256 256 padded to 288 288 288
processing volume 1$Id: ifh2hdr.c,v 1.3 2007/05/05 10:45:03 nicks Exp $
Sat Mar 29 19:14:42 2014
Writing: talsrcimg_g11.4dfp.hdr

Writing: talsrcimg_g11.4dfp.ifh
including: talsrcimg.4dfp.img.rec in talsrcimg_g11.4dfp.img.rec

---------------------------------------------------------------------
imgreg_4dfp /export/freesurfer-5.3-HCP/average/711-2C_as_mni_average_305 none talsrcimg_g11 none talsrcimg_to_711-2C_as_mni_average_305_t4 4355
---------------------------------------------------------------------

$Id: imgreg_4dfp.c,v 1.4 2010/02/27 01:41:53 nicks Exp $
/export/freesurfer-5.3-HCP/average/711-2C_as_mni_average_305.4dfp.img
       256       256       256         1
  1.000000  1.000000  1.000000
orientation T byte_order littleendian
Reading image: /export/freesurfer-5.3-HCP/average/711-2C_as_mni_average_305.4dfp.img
dimensions:      256       256       256
mmppix:       1.0000   -1.0000   -1.0000
center:     128.0000 -129.0000 -129.0000
talsrcimg_g11.4dfp.img
       256       256       256         1
  1.000000  1.000000  1.000000
orientation T byte_order littleendian
Reading image: talsrcimg_g11.4dfp.img
dimensions:      256       256       256
mmppix:       1.0000   -1.0000   -1.0000
center:     128.0000 -129.0000 -129.0000
t4_read: talsrcimg_to_711-2C_as_mni_average_305_t4 read error
t4_read: transform initialized to I4
rotation matrix determinant  1.000000
image alignment mode   4355 decimal     1103 hex
   -7.5000  -45.0000  -45.0000 8986.4453    8.4915
    0.0000  -45.0000  -45.0000 9412.4785    8.4976
    7.5000  -45.0000  -45.0000 9029.1846    8.4862
   -7.5000  -37.5000  -45.0000 9303.2061    8.5599
    0.0000  -37.5000  -45.0000 9753.5361    8.5635
    7.5000  -37.5000  -45.0000 9346.2002    8.5495
   -7.5000  -30.0000  -45.0000 9908.5312    8.6249
    0.0000  -30.0000  -45.000010396.0449    8.6267
    7.5000  -30.0000  -45.0000 9948.7812    8.6103
   -7.5000  -22.5000  -45.000010536.2871    8.6013
    0.0000  -22.5000  -45.000011052.6289    8.6040
    7.5000  -22.5000  -45.000010569.4834    8.5877
   -7.5000  -15.0000  -45.000011226.0801    8.5358
    0.0000  -15.0000  -45.000011757.6787    8.5409
    7.5000  -15.0000  -45.000011257.3057    8.5270
   -7.5000   -7.5000  -45.000011700.5352    8.4848
    0.0000   -7.5000  -45.000012227.4814    8.4917
    7.5000   -7.5000  -45.000011670.8574    8.4803
   -7.5000    0.0000  -45.000011676.6230    8.4857
    0.0000    0.0000  -45.000012213.1084    8.4919
    7.5000    0.0000  -45.000011659.4062    8.4804
   -7.5000    7.5000  -45.000010840.4727    8.5599
    0.0000    7.5000  -45.000011356.3301    8.5635
    7.5000    7.5000  -45.000010826.0137    8.5495
   -7.5000   15.0000  -45.0000 9950.4932    8.6249
    0.0000   15.0000  -45.000010430.9307    8.6267
    7.5000   15.0000  -45.0000 9916.4688    8.6103
   -7.5000   22.5000  -45.0000 9077.2598    8.6002
    0.0000   22.5000  -45.0000 9528.5254    8.6028
    7.5000   22.5000  -45.0000 9023.3594    8.5865
   -7.5000   30.0000  -45.0000 8217.9746    8.4221
    0.0000   30.0000  -45.0000 8631.4854    8.4270
    7.5000   30.0000  -45.0000 8174.3091    8.4134
   -7.5000   37.5000  -45.0000 7670.3560    8.3718
    0.0000   37.5000  -45.0000 8058.2104    8.3786
    7.5000   37.5000  -45.0000 7629.1006    8.3674
   -7.5000   45.0000  -45.0000 6970.1113    8.5368
    0.0000   45.0000  -45.0000 7319.3853    8.5437
    7.5000   45.0000  -45.0000 6920.6416    8.5323
   -7.5000  -45.0000  -37.5000 9582.7549    8.3559
    0.0000  -45.0000  -37.500010061.9365    8.3588
    7.5000  -45.0000  -37.5000 9615.8066    8.3484
   -7.5000  -37.5000  -37.5000 9932.9971    8.4240
    0.0000  -37.5000  -37.500010432.5146    8.4240
    7.5000  -37.5000  -37.5000 9968.6797    8.4110
   -7.5000  -30.0000  -37.500010578.6924    8.4873
    0.0000  -30.0000  -37.500011114.2168    8.4861
    7.5000  -30.0000  -37.500010599.5068    8.4696
   -7.5000  -22.5000  -37.500011225.7324    8.4626
    0.0000  -22.5000  -37.500011784.0049    8.4632
    7.5000  -22.5000  -37.500011247.1348    8.4455
   -7.5000  -15.0000  -37.500011933.3896    8.3966
    0.0000  -15.0000  -37.500012523.8750    8.3999
    7.5000  -15.0000  -37.500011945.5723    8.3847
   -7.5000   -7.5000  -37.500012387.1465    8.3471
    0.0000   -7.5000  -37.500012983.3232    8.3517
    7.5000   -7.5000  -37.500012349.8525    8.3403
   -7.5000    0.0000  -37.500012371.0029    8.3502
    0.0000    0.0000  -37.500012981.8066    8.3532
    7.5000    0.0000  -37.500012362.3418    8.3428
   -7.5000    7.5000  -37.500011480.1289    8.4240
    0.0000    7.5000  -37.500012042.3037    8.4240
    7.5000    7.5000  -37.500011460.9043    8.4110
   -7.5000   15.0000  -37.500010507.2314    8.4873
    0.0000   15.0000  -37.500011031.7754    8.4861
    7.5000   15.0000  -37.500010500.1797    8.4696
   -7.5000   22.5000  -37.5000 9569.8164    8.4615
    0.0000   22.5000  -37.500010051.4473    8.4620
    7.5000   22.5000  -37.5000 9547.4258    8.4444
   -7.5000   30.0000  -37.5000 8652.3926    8.2847
    0.0000   30.0000  -37.5000 9060.7988    8.2880
    7.5000   30.0000  -37.5000 8604.1826    8.2729
   -7.5000   37.5000  -37.5000 8063.7290    8.2360
    0.0000   37.5000  -37.5000 8455.9766    8.2405
    7.5000   37.5000  -37.5000 8012.6826    8.2292
   -7.5000   45.0000  -37.5000 7304.1416    8.4006
    0.0000   45.0000  -37.5000 7675.4941    8.4041
    7.5000   45.0000  -37.5000 7260.4668    8.3936
   -7.5000  -45.0000  -30.000010395.4131    8.5895
    0.0000  -45.0000  -30.000010920.9658    8.5886
    7.5000  -45.0000  -30.000010417.2109    8.5765
   -7.5000  -37.5000  -30.000010768.2061    8.6609
    0.0000  -37.5000  -30.000011332.9570    8.6573
    7.5000  -37.5000  -30.000010785.9648    8.6426
   -7.5000  -30.0000  -30.000011455.1094    8.7275
    0.0000  -30.0000  -30.000012048.3809    8.7239
    7.5000  -30.0000  -30.000011468.2988    8.7054
   -7.5000  -22.5000  -30.000012146.5303    8.7023
    0.0000  -22.5000  -30.000012741.8193    8.7014
    7.5000  -22.5000  -30.000012157.1738    8.6810
   -7.5000  -15.0000  -30.000012890.7910    8.6332
    0.0000  -15.0000  -30.000013544.1416    8.6351
    7.5000  -15.0000  -30.000012882.3232    8.6169
   -7.5000   -7.5000  -30.000013321.5576    8.5808
    0.0000   -7.5000  -30.000013989.8896    8.5829
    7.5000   -7.5000  -30.000013272.9883    8.5692
   -7.5000    0.0000  -30.000013300.8301    8.5838
    0.0000    0.0000  -30.000013971.1826    8.5830
    7.5000    0.0000  -30.000013264.9736    8.5708
   -7.5000    7.5000  -30.000012312.8184    8.6609
    0.0000    7.5000  -30.000012961.9199    8.6573
    7.5000    7.5000  -30.000012313.9131    8.6426
   -7.5000   15.0000  -30.000011271.3535    8.7275
    0.0000   15.0000  -30.000011839.3574    8.7239
    7.5000   15.0000  -30.000011270.2012    8.7054
   -7.5000   22.5000  -30.000010261.1592    8.7002
    0.0000   22.5000  -30.000010765.1406    8.6993
    7.5000   22.5000  -30.000010231.2842    8.6789
   -7.5000   30.0000  -30.0000 9242.9854    8.5190
    0.0000   30.0000  -30.0000 9691.4834    8.5208
    7.5000   30.0000  -30.0000 9197.8545    8.5029
   -7.5000   37.5000  -30.0000 8573.7920    8.4674
    0.0000   37.5000  -30.0000 8994.8887    8.4694
    7.5000   37.5000  -30.0000 8532.8975    8.4559
   -7.5000   45.0000  -30.0000 7757.1646    8.6428
    0.0000   45.0000  -30.0000 8165.9580    8.6423
    7.5000   45.0000  -30.0000 7730.7671    8.6305
   -7.5000  -45.0000  -22.500011259.0684    8.8171
    0.0000  -45.0000  -22.500011822.1836    8.8147
    7.5000  -45.0000  -22.500011274.2666    8.8003
   -7.5000  -37.5000  -22.500011643.8857    8.8916
    0.0000  -37.5000  -22.500012241.8936    8.8873
    7.5000  -37.5000  -22.500011649.0586    8.8708
   -7.5000  -30.0000  -22.500012367.9951    8.9625
    0.0000  -30.0000  -22.500013023.1318    8.9592
    7.5000  -30.0000  -22.500012375.9414    8.9399
   -7.5000  -22.5000  -22.500013105.8652    8.9381
    0.0000  -22.5000  -22.500013786.4717    8.9374
    7.5000  -22.5000  -22.500013119.4736    8.9167
   -7.5000  -15.0000  -22.500013880.9424    8.8670
    0.0000  -15.0000  -22.500014631.0762    8.8682
    7.5000  -15.0000  -22.500013874.8633    8.8493
   -7.5000   -7.5000  -22.500014294.5830    8.8107
    0.0000   -7.5000  -22.500015040.4043    8.8113
    7.5000   -7.5000  -22.500014260.6445    8.7958
   -7.5000    0.0000  -22.500014257.4229    8.8113
    0.0000    0.0000  -22.500014992.0889    8.8089
    7.5000    0.0000  -22.500014226.8477    8.7947
   -7.5000    7.5000  -22.500013189.7705    8.8916
    0.0000    7.5000  -22.500013874.2676    8.8873
    7.5000    7.5000  -22.500013188.7627    8.8708
   -7.5000   15.0000  -22.500012067.8086    8.9625
    0.0000   15.0000  -22.500012659.5791    8.9592
    7.5000   15.0000  -22.500012067.2773    8.9399
   -7.5000   22.5000  -22.500010970.3662    8.9353
    0.0000   22.5000  -22.500011496.9688    8.9347
    7.5000   22.5000  -22.500010948.7363    8.9140
   -7.5000   30.0000  -22.5000 9854.9678    8.7510
    0.0000   30.0000  -22.500010333.6855    8.7522
    7.5000   30.0000  -22.5000 9822.4258    8.7335
   -7.5000   37.5000  -22.5000 9112.3975    8.6956
    0.0000   37.5000  -22.5000 9571.5146    8.6962
    7.5000   37.5000  -22.5000 9084.9883    8.6809
   -7.5000   45.0000  -22.5000 8228.2979    8.8791
    0.0000   45.0000  -22.5000 8664.5957    8.8768
    7.5000   45.0000  -22.5000 8223.4678    8.8633
   -7.5000  -45.0000  -15.000012154.8018    9.0218
    0.0000  -45.0000  -15.000012782.0469    9.0215
    7.5000  -45.0000  -15.000012178.2158    9.0058
   -7.5000  -37.5000  -15.000012551.7549    9.0981
    0.0000  -37.5000  -15.000013206.6084    9.0966
    7.5000  -37.5000  -15.000012574.5820    9.0793
   -7.5000  -30.0000  -15.000013329.5811    9.1718
    0.0000  -30.0000  -15.000014058.4854    9.1713
    7.5000  -30.0000  -15.000013361.9746    9.1525
   -7.5000  -22.5000  -15.000014111.2529    9.1479
    0.0000  -22.5000  -15.000014917.3750    9.1490
    7.5000  -22.5000  -15.000014155.9277    9.1301
   -7.5000  -15.0000  -15.000014941.4863    9.0758
    0.0000  -15.0000  -15.000015786.7881    9.0781
    7.5000  -15.0000  -15.000014947.2549    9.0605
   -7.5000   -7.5000  -15.000015335.4678    9.0172
    0.0000   -7.5000  -15.000016166.5186    9.0190
    7.5000   -7.5000  -15.000015326.2598    9.0033
   -7.5000    0.0000  -15.000015280.9766    9.0160
    0.0000    0.0000  -15.000016078.5859    9.0157
    7.5000    0.0000  -15.000015274.3916    9.0000
   -7.5000    7.5000  -15.000014130.1260    9.0981
    0.0000    7.5000  -15.000014856.4492    9.0966
    7.5000    7.5000  -15.000014164.7959    9.0793
   -7.5000   15.0000  -15.000012886.5703    9.1718
    0.0000   15.0000  -15.000013523.1426    9.1713
    7.5000   15.0000  -15.000012909.7207    9.1525
   -7.5000   22.5000  -15.000011684.9746    9.1447
    0.0000   22.5000  -15.000012246.6729    9.1458
    7.5000   22.5000  -15.000011692.2490    9.1268
   -7.5000   30.0000  -15.000010477.8799    8.9583
    0.0000   30.0000  -15.000010988.6172    8.9606
    7.5000   30.0000  -15.000010477.7305    8.9432
   -7.5000   37.5000  -15.0000 9672.0947    8.9006
    0.0000   37.5000  -15.000010166.5967    8.9024
    7.5000   37.5000  -15.0000 9667.5674    8.8869
   -7.5000   45.0000  -15.0000 8732.1143    9.0917
    0.0000   45.0000  -15.0000 9178.5137    9.0911
    7.5000   45.0000  -15.0000 8737.9561    9.0765
   -7.5000  -45.0000   -7.500013114.9219    9.1385
    0.0000  -45.0000   -7.500013811.4551    9.1424
    7.5000  -45.0000   -7.500013152.8672    9.1285
   -7.5000  -37.5000   -7.500013558.9492    9.2137
    0.0000  -37.5000   -7.500014284.4561    9.2161
    7.5000  -37.5000   -7.500013607.2920    9.2003
   -7.5000  -30.0000   -7.500014380.1885    9.2865
    0.0000  -30.0000   -7.500015208.0967    9.2886
    7.5000  -30.0000   -7.500014463.9072    9.2714
   -7.5000  -22.5000   -7.500015221.6562    9.2627
    0.0000  -22.5000   -7.500016141.6191    9.2656
    7.5000  -22.5000   -7.500015302.5732    9.2488
   -7.5000  -15.0000   -7.500016126.7705    9.1915
    0.0000  -15.0000   -7.500017036.6562    9.1959
    7.5000  -15.0000   -7.500016145.7061    9.1809
   -7.5000   -7.5000   -7.500016491.2695    9.1339
    0.0000   -7.5000   -7.500017347.8262    9.1389
    7.5000   -7.5000   -7.500016494.0996    9.1253
   -7.5000    0.0000   -7.500016392.5430    9.1326
    0.0000    0.0000   -7.500017233.5859    9.1366
    7.5000    0.0000   -7.500016417.1406    9.1226
   -7.5000    7.5000   -7.500015162.3691    9.2137
    0.0000    7.5000   -7.500015936.8965    9.2161
    7.5000    7.5000   -7.500015209.8555    9.2003
   -7.5000   15.0000   -7.500013808.1543    9.2865
    0.0000   15.0000   -7.500014503.4053    9.2886
    7.5000   15.0000   -7.500013851.8633    9.2714
   -7.5000   22.5000   -7.500012469.0742    9.2584
    0.0000   22.5000   -7.500013098.2725    9.2614
    7.5000   22.5000   -7.500012513.2168    9.2446
   -7.5000   30.0000   -7.500011178.7178    9.0723
    0.0000   30.0000   -7.500011749.9238    9.0766
    7.5000   30.0000   -7.500011209.4824    9.0618
   -7.5000   37.5000   -7.500010315.2148    9.0155
    0.0000   37.5000   -7.500010840.9814    9.0205
    7.5000   37.5000   -7.500010333.1143    9.0071
   -7.5000   45.0000   -7.5000 9289.7773    9.2096
    0.0000   45.0000   -7.5000 9781.5010    9.2136
    7.5000   45.0000   -7.5000 9326.9219    9.2001
   -7.5000  -45.0000    0.000013999.9326    9.1740
    0.0000  -45.0000    0.000014773.4893    9.1797
    7.5000  -45.0000    0.000014071.7080    9.1682
   -7.5000  -37.5000    0.000014540.7227    9.2477
    0.0000  -37.5000    0.000015343.1025    9.2510
    7.5000  -37.5000    0.000014617.8037    9.2371
   -7.5000  -30.0000    0.000015465.0049    9.3181
    0.0000  -30.0000    0.000016405.4355    9.3198
    7.5000  -30.0000    0.000015609.8115    9.3034
   -7.5000  -22.5000    0.000016339.4707    9.2932
    0.0000  -22.5000    0.000017388.5059    9.2958
    7.5000  -22.5000    0.000016485.8633    9.2793
   -7.5000  -15.0000    0.000017298.9336    9.2228
    0.0000  -15.0000    0.000018274.0801    9.2275
    7.5000  -15.0000    0.000017335.9453    9.2133
   -7.5000   -7.5000    0.000017653.7031    9.1675
    0.0000   -7.5000    0.000018546.6855    9.1739
    7.5000   -7.5000    0.000017659.2090    9.1623
   -7.5000    0.0000    0.000017550.7656    9.1680
    0.0000    0.0000    0.000018432.0059    9.1737
    7.5000    0.0000    0.000017599.5918    9.1622
   -7.5000    7.5000    0.000016227.9326    9.2477
    0.0000    7.5000    0.000017065.8477    9.2510
    7.5000    7.5000    0.000016279.5400    9.2371
   -7.5000   15.0000    0.000014776.9580    9.3181
    0.0000   15.0000    0.000015556.2158    9.3198
    7.5000   15.0000    0.000014829.7822    9.3034
   -7.5000   22.5000    0.000013325.1572    9.2889
    0.0000   22.5000    0.000014033.9453    9.2915
    7.5000   22.5000    0.000013369.8281    9.2750
   -7.5000   30.0000    0.000011915.2676    9.1034
    0.0000   30.0000    0.000012583.2227    9.1081
    7.5000   30.0000    0.000011962.0723    9.0941
   -7.5000   37.5000    0.000010958.8955    9.0490
    0.0000   37.5000    0.000011546.9941    9.0553
    7.5000   37.5000    0.000011000.9316    9.0438
   -7.5000   45.0000    0.0000 9833.3877    9.2442
    0.0000   45.0000    0.000010379.8975    9.2503
    7.5000   45.0000    0.0000 9878.4902    9.2386
   -7.5000  -45.0000    7.500013759.2393    9.1800
    0.0000  -45.0000    7.500014559.9004    9.1830
    7.5000  -45.0000    7.500013870.8076    9.1718
   -7.5000  -37.5000    7.500014365.6973    9.2544
    0.0000  -37.5000    7.500015213.9102    9.2544
    7.5000  -37.5000    7.500014478.9609    9.2404
   -7.5000  -30.0000    7.500015409.0322    9.3238
    0.0000  -30.0000    7.500016537.0918    9.3225
    7.5000  -30.0000    7.500015624.3037    9.3049
   -7.5000  -22.5000    7.500016404.1992    9.2973
    0.0000  -22.5000    7.500017619.5547    9.2979
    7.5000  -22.5000    7.500016602.4395    9.2789
   -7.5000  -15.0000    7.500017314.5332    9.2254
    0.0000  -15.0000    7.500018310.0254    9.2288
    7.5000  -15.0000    7.500017346.8672    9.2124
   -7.5000   -7.5000    7.500017578.1328    9.1710
    0.0000   -7.5000    7.500018479.0938    9.1757
    7.5000   -7.5000    7.500017549.5488    9.1634
   -7.5000    0.0000    7.500017453.2734    9.1739
    0.0000    0.0000    7.500018391.0039    9.1770
    7.5000    0.0000    7.500017442.8535    9.1657
   -7.5000    7.5000    7.500016086.0322    9.2544
    0.0000    7.5000    7.500017020.5566    9.2544
    7.5000    7.5000    7.500016116.6270    9.2404
   -7.5000   15.0000    7.500014643.0605    9.3238
    0.0000   15.0000    7.500015501.7373    9.3225
    7.5000   15.0000    7.500014664.7930    9.3049
   -7.5000   22.5000    7.500013159.1152    9.2930
    0.0000   22.5000    7.500013950.2607    9.2936
    7.5000   22.5000    7.500013199.3125    9.2746
   -7.5000   30.0000    7.500011760.8213    9.1060
    0.0000   30.0000    7.500012473.9072    9.1094
    7.5000   30.0000    7.500011792.5039    9.0932
   -7.5000   37.5000    7.500010779.4141    9.0525
    0.0000   37.5000    7.500011411.0977    9.0571
    7.5000   37.5000    7.500010820.1807    9.0450
   -7.5000   45.0000    7.5000 9645.5068    9.2498
    0.0000   45.0000    7.500010219.2168    9.2534
    7.5000   45.0000    7.5000 9696.5723    9.2420
   -7.5000  -45.0000   15.000013421.2559    9.1697
    0.0000  -45.0000   15.000014171.0928    9.1688
    7.5000  -45.0000   15.000013511.2900    9.1560
   -7.5000  -37.5000   15.000013998.6270    9.2457
    0.0000  -37.5000   15.000014869.3154    9.2419
    7.5000  -37.5000   15.000014113.8545    9.2264
   -7.5000  -30.0000   15.000015110.0557    9.3166
    0.0000  -30.0000   15.000016425.4707    9.3128
    7.5000  -30.0000   15.000015385.5293    9.2933
   -7.5000  -22.5000   15.000016229.3926    9.2900
    0.0000  -22.5000   15.000017759.5840    9.2891
    7.5000  -22.5000   15.000016502.4277    9.2675
   -7.5000  -15.0000   15.000017149.9512    9.2165
    0.0000  -15.0000   15.000018468.9824    9.2186
    7.5000  -15.0000   15.000017254.2734    9.1994
   -7.5000   -7.5000   15.000017248.8457    9.1606
    0.0000   -7.5000   15.000018369.7461    9.1628
    7.5000   -7.5000   15.000017231.1719    9.1485
   -7.5000    0.0000   15.000016991.8086    9.1636
    0.0000    0.0000   15.000018087.8574    9.1628
    7.5000    0.0000   15.000016992.6211    9.1501
   -7.5000    7.5000   15.000015650.9766    9.2457
    0.0000    7.5000   15.000016652.5508    9.2419
    7.5000    7.5000   15.000015690.0254    9.2264
   -7.5000   15.0000   15.000014233.4219    9.3166
    0.0000   15.0000   15.000015118.4922    9.3128
    7.5000   15.0000   15.000014316.6494    9.2933
   -7.5000   22.5000   15.000012833.3770    9.2857
    0.0000   22.5000   15.000013605.2021    9.2848
    7.5000   22.5000   15.000012892.7725    9.2633
   -7.5000   30.0000   15.000011472.5547    9.0972
    0.0000   30.0000   15.000012153.3379    9.0992
    7.5000   30.0000   15.000011523.3086    9.0803
   -7.5000   37.5000   15.000010513.4131    9.0422
    0.0000   37.5000   15.000011112.6045    9.0444
    7.5000   37.5000   15.000010543.6260    9.0302
   -7.5000   45.0000   15.0000 9370.2256    9.2404
    0.0000   45.0000   15.0000 9918.6230    9.2399
    7.5000   45.0000   15.0000 9410.7695    9.2276
   -7.5000  -45.0000   22.500012898.0117    9.1524
    0.0000  -45.0000   22.500013647.8154    9.1498
    7.5000  -45.0000   22.500013014.0400    9.1350
   -7.5000  -37.5000   22.500013464.5684    9.2297
    0.0000  -37.5000   22.500014351.5469    9.2252
    7.5000  -37.5000   22.500013614.7598    9.2082
   -7.5000  -30.0000   22.500014533.5771    9.3033
    0.0000  -30.0000   22.500015698.4824    9.2999
    7.5000  -30.0000   22.500014755.8955    9.2798
   -7.5000  -22.5000   22.500015542.2949    9.2780
    0.0000  -22.5000   22.500016734.2168    9.2773
    7.5000  -22.5000   22.500015709.6270    9.2558
   -7.5000  -15.0000   22.500016369.5000    9.2042
    0.0000  -15.0000   22.500017497.4238    9.2055
    7.5000  -15.0000   22.500016439.4980    9.1858
   -7.5000   -7.5000   22.500016468.4277    9.1457
    0.0000   -7.5000   22.500017519.1816    9.1464
    7.5000   -7.5000   22.500016496.3945    9.1303
   -7.5000    0.0000   22.500016212.3398    9.1464
    0.0000    0.0000   22.500017219.5703    9.1439
    7.5000    0.0000   22.500016262.4941    9.1291
   -7.5000    7.5000   22.500014954.3252    9.2297
    0.0000    7.5000   22.500015834.8066    9.2252
    7.5000    7.5000   22.500015015.5234    9.2082
   -7.5000   15.0000   22.500013631.5410    9.3033
    0.0000   15.0000   22.500014406.3496    9.2999
    7.5000   15.0000   22.500013697.3350    9.2798
   -7.5000   22.5000   22.500012309.8838    9.2737
    0.0000   22.5000   22.500013004.1475    9.2730
    7.5000   22.5000   22.500012336.2471    9.2516
   -7.5000   30.0000   22.500010987.7480    9.0851
    0.0000   30.0000   22.500011612.6816    9.0863
    7.5000   30.0000   22.500011026.1865    9.0669
   -7.5000   37.5000   22.500010054.6963    9.0275
    0.0000   37.5000   22.500010590.4971    9.0281
    7.5000   37.5000   22.500010076.0967    9.0123
   -7.5000   45.0000   22.5000 8987.4463    9.2247
    0.0000   45.0000   22.5000 9465.6221    9.2223
    7.5000   45.0000   22.5000 9000.1074    9.2083
   -7.5000  -45.0000   30.000012186.9570    9.1564
    0.0000  -45.0000   30.000012837.3545    9.1561
    7.5000  -45.0000   30.000012258.6416    9.1403
   -7.5000  -37.5000   30.000012693.1572    9.2336
    0.0000  -37.5000   30.000013432.6934    9.2322
    7.5000  -37.5000   30.000012790.0693    9.2146
   -7.5000  -30.0000   30.000013610.5986    9.3083
    0.0000  -30.0000   30.000014358.0264    9.3078
    7.5000  -30.0000   30.000013684.7109    9.2888
   -7.5000  -22.5000   30.000014407.7031    9.2840
    0.0000  -22.5000   30.000015087.1572    9.2853
    7.5000  -22.5000   30.000014404.3594    9.2660
   -7.5000  -15.0000   30.000015156.2734    9.2109
    0.0000  -15.0000   30.000015844.5215    9.2134
    7.5000  -15.0000   30.000015141.9150    9.1956
   -7.5000   -7.5000   30.000015310.1611    9.1516
    0.0000   -7.5000   30.000016043.2705    9.1536
    7.5000   -7.5000   30.000015313.3457    9.1377
   -7.5000    0.0000   30.000015183.0322    9.1504
    0.0000    0.0000   30.000015935.5400    9.1502
    7.5000    0.0000   30.000015220.4434    9.1344
   -7.5000    7.5000   30.000014026.5137    9.2336
    0.0000    7.5000   30.000014730.9346    9.2322
    7.5000    7.5000   30.000014073.6904    9.2146
   -7.5000   15.0000   30.000012848.2344    9.3083
    0.0000   15.0000   30.000013508.0322    9.3078
    7.5000   15.0000   30.000012883.1094    9.2888
   -7.5000   22.5000   30.000011635.0127    9.2798
    0.0000   22.5000   30.000012248.3828    9.2810
    7.5000   22.5000   30.000011630.0977    9.2618
   -7.5000   30.0000   30.000010362.3135    9.0917
    0.0000   30.0000   30.000010917.7363    9.0942
    7.5000   30.0000   30.000010368.6768    9.0766
   -7.5000   37.5000   30.0000 9446.1377    9.0333
    0.0000   37.5000   30.0000 9942.0928    9.0352
    7.5000   37.5000   30.0000 9439.0498    9.0195
   -7.5000   45.0000   30.0000 8446.1211    9.2288
    0.0000   45.0000   30.0000 8882.4834    9.2283
    7.5000   45.0000   30.0000 8443.8652    9.2135
   -7.5000  -45.0000   37.500011854.4023    9.2532
    0.0000  -45.0000   37.500012440.5684    9.2575
    7.5000  -45.0000   37.500011897.7412    9.2433
   -7.5000  -37.5000   37.500012334.3477    9.3295
    0.0000  -37.5000   37.500012947.8906    9.3324
    7.5000  -37.5000   37.500012368.0723    9.3163
   -7.5000  -30.0000   37.500013129.4512    9.4035
    0.0000  -30.0000   37.500013700.7969    9.4060
    7.5000  -30.0000   37.500013109.0244    9.3885
   -7.5000  -22.5000   37.500013861.0469    9.3792
    0.0000  -22.5000   37.500014398.4404    9.3826
    7.5000  -22.5000   37.500013792.9492    9.3655
   -7.5000  -15.0000   37.500014622.9102    9.3068
    0.0000  -15.0000   37.500015232.5889    9.3116
    7.5000  -15.0000   37.500014574.7949    9.2964
   -7.5000   -7.5000   37.500014784.4229    9.2482
    0.0000   -7.5000   37.500015432.2041    9.2538
    7.5000   -7.5000   37.500014756.4160    9.2400
   -7.5000    0.0000   37.500014709.3232    9.2471
    0.0000    0.0000   37.500015363.8711    9.2514
    7.5000    0.0000   37.500014705.4160    9.2373
   -7.5000    7.5000   37.500013633.7930    9.3295
    0.0000    7.5000   37.500014256.4688    9.3324
    7.5000    7.5000   37.500013642.3311    9.3163
   -7.5000   15.0000   37.500012514.7373    9.4035
    0.0000   15.0000   37.500013099.9189    9.4060
    7.5000   15.0000   37.500012505.1455    9.3885
   -7.5000   22.5000   37.500011327.1279    9.3748
    0.0000   22.5000   37.500011867.2402    9.3782
    7.5000   22.5000   37.500011287.6113    9.3612
   -7.5000   30.0000   37.500010089.0713    9.1863
    0.0000   30.0000   37.500010572.3438    9.1911
    7.5000   30.0000   37.500010066.6924    9.1761
   -7.5000   37.5000   37.5000 9201.8428    9.1287
    0.0000   37.5000   37.5000 9644.8799    9.1341
    7.5000   37.5000   37.5000 9173.5693    9.1205
   -7.5000   45.0000   37.5000 8233.6768    9.3274
    0.0000   45.0000   37.5000 8611.3145    9.3318
    7.5000   45.0000   37.5000 8215.4932    9.3181
   -7.5000  -45.0000   45.000010969.5254    9.3646
    0.0000  -45.0000   45.000011504.0811    9.3707
    7.5000  -45.0000   45.000011006.9580    9.3586
   -7.5000  -37.5000   45.000011391.7188    9.4404
    0.0000  -37.5000   45.000011930.7549    9.4439
    7.5000  -37.5000   45.000011409.0127    9.4292
   -7.5000  -30.0000   45.000012067.7930    9.5127
    0.0000  -30.0000   45.000012575.6094    9.5145
    7.5000  -30.0000   45.000012041.4414    9.4972
   -7.5000  -22.5000   45.000012756.6318    9.4869
    0.0000  -22.5000   45.000013276.3672    9.4896
    7.5000  -22.5000   45.000012702.9443    9.4721
   -7.5000  -15.0000   45.000013502.2227    9.4143
    0.0000  -15.0000   45.000014066.5488    9.4193
    7.5000  -15.0000   45.000013453.8740    9.4043
   -7.5000   -7.5000   45.000013635.8457    9.3577
    0.0000   -7.5000   45.000014214.4102    9.3644
    7.5000   -7.5000   45.000013590.7441    9.3521
   -7.5000    0.0000   45.000013587.6240    9.3583
    0.0000    0.0000   45.000014163.5986    9.3644
    7.5000    0.0000   45.000013562.1094    9.3524
   -7.5000    7.5000   45.000012602.5420    9.4404
    0.0000    7.5000   45.000013143.3701    9.4439
    7.5000    7.5000   45.000012587.9268    9.4292
   -7.5000   15.0000   45.000011566.7588    9.5127
    0.0000   15.0000   45.000012076.6621    9.5145
    7.5000   15.0000   45.000011542.8574    9.4972
   -7.5000   22.5000   45.000010456.6650    9.4825
    0.0000   22.5000   45.000010917.6572    9.4852
    7.5000   22.5000   45.000010430.5410    9.4677
   -7.5000   30.0000   45.0000 9315.4912    9.2917
    0.0000   30.0000   45.0000 9719.0244    9.2966
    7.5000   30.0000   45.0000 9287.1768    9.2818
   -7.5000   37.5000   45.0000 8531.9746    9.2359
    0.0000   37.5000   45.0000 8897.7441    9.2425
    7.5000   37.5000   45.0000 8491.7559    9.2304
   -7.5000   45.0000   45.0000 7629.7441    9.4435
    0.0000   45.0000   45.0000 7947.7471    9.4500
    7.5000   45.0000   45.0000 7590.3262    9.4378

---------------------------------------------------------------------
imgreg_4dfp /export/freesurfer-5.3-HCP/average/711-2C_as_mni_average_305 /export/freesurfer-5.3-HCP/average/711-2B_as_mni_average_305_mask talsrcimg_g11 none talsrcimg_to_711-2C_as_mni_average_305_t4 4355
---------------------------------------------------------------------

$Id: imgreg_4dfp.c,v 1.4 2010/02/27 01:41:53 nicks Exp $
/export/freesurfer-5.3-HCP/average/711-2C_as_mni_average_305.4dfp.img
       256       256       256         1
  1.000000  1.000000  1.000000
orientation T byte_order littleendian
Reading image: /export/freesurfer-5.3-HCP/average/711-2C_as_mni_average_305.4dfp.img
dimensions:      256       256       256
mmppix:       1.0000   -1.0000   -1.0000
center:     128.0000 -129.0000 -129.0000
/export/freesurfer-5.3-HCP/average/711-2B_as_mni_average_305_mask.4dfp.img
       256       256       256         1
  1.000000  1.000000  1.000000
orientation T byte_order littleendian
Reading mask: /export/freesurfer-5.3-HCP/average/711-2B_as_mni_average_305_mask.4dfp.img (2306576 pixels)
talsrcimg_g11.4dfp.img
       256       256       256         1
  1.000000  1.000000  1.000000
orientation T byte_order littleendian
Reading image: talsrcimg_g11.4dfp.img
dimensions:      256       256       256
mmppix:       1.0000   -1.0000   -1.0000
center:     128.0000 -129.0000 -129.0000
rotation matrix determinant  1.000000
image alignment mode   4355 decimal     1103 hex
   -7.5000  -52.5000  -45.0000 2294.1145   10.5685
    0.0000  -52.5000  -45.0000 2299.9583   10.5843
    7.5000  -52.5000  -45.0000 2289.9175   10.6037
   -7.5000  -45.0000  -45.0000 2332.9651   10.1371
    0.0000  -45.0000  -45.0000 2341.7324   10.1579
    7.5000  -45.0000  -45.0000 2335.7490   10.1867
   -7.5000  -37.5000  -45.0000 2340.8398    9.9394
    0.0000  -37.5000  -45.0000 2351.3496    9.9562
    7.5000  -37.5000  -45.0000 2343.7507    9.9904
   -7.5000  -30.0000  -45.0000 2335.2415    9.8372
    0.0000  -30.0000  -45.0000 2346.8284    9.8454
    7.5000  -30.0000  -45.0000 2339.4321    9.8762
   -7.5000  -22.5000  -45.0000 2328.3770    9.8866
    0.0000  -22.5000  -45.0000 2341.6992    9.8780
    7.5000  -22.5000  -45.0000 2333.4893    9.9051
   -7.5000  -15.0000  -45.0000 2311.9910   10.0677
    0.0000  -15.0000  -45.0000 2331.3154   10.0518
    7.5000  -15.0000  -45.0000 2320.6433   10.0734
   -7.5000   -7.5000  -45.0000 2283.8530   10.3891
    0.0000   -7.5000  -45.0000 2299.0281   10.3658
    7.5000   -7.5000  -45.0000 2288.2732   10.3977
   -7.5000    0.0000  -45.0000 2238.8162   10.8898
    0.0000    0.0000  -45.0000 2253.3289   10.8479
    7.5000    0.0000  -45.0000 2245.0999   10.8738
   -7.5000    7.5000  -45.0000 2185.0649   11.5807
    0.0000    7.5000  -45.0000 2200.9561   11.5061
    7.5000    7.5000  -45.0000 2190.8442   11.5142
   -7.5000   15.0000  -45.0000 2114.2253   12.4449
    0.0000   15.0000  -45.0000 2128.3179   12.3852
    7.5000   15.0000  -45.0000 2119.1941   12.3720
   -7.5000   22.5000  -45.0000 2022.4915   13.5853
    0.0000   22.5000  -45.0000 2038.6024   13.5182
    7.5000   22.5000  -45.0000 2023.0455   13.5377
   -7.5000   30.0000  -45.0000 1921.6757   15.1729
    0.0000   30.0000  -45.0000 1935.2434   15.0577
    7.5000   30.0000  -45.0000 1925.1573   15.0984
   -7.5000   37.5000  -45.0000 1811.3364   17.3202
    0.0000   37.5000  -45.0000 1826.2433   17.1650
    7.5000   37.5000  -45.0000 1815.4459   17.2198
   -7.5000  -52.5000  -37.5000 2397.2253    9.7561
    0.0000  -52.5000  -37.5000 2408.4067    9.7836
    7.5000  -52.5000  -37.5000 2391.1765    9.7964
   -7.5000  -45.0000  -37.5000 2442.3613    9.3479
    0.0000  -45.0000  -37.5000 2454.2773    9.3869
    7.5000  -45.0000  -37.5000 2440.6667    9.4111
   -7.5000  -37.5000  -37.5000 2455.8625    9.1593
    0.0000  -37.5000  -37.5000 2468.8679    9.1802
    7.5000  -37.5000  -37.5000 2452.9834    9.2031
   -7.5000  -30.0000  -37.5000 2450.2783    9.0619
    0.0000  -30.0000  -37.5000 2463.1365    9.0599
    7.5000  -30.0000  -37.5000 2447.0474    9.1059
   -7.5000  -22.5000  -37.5000 2438.3687    9.0671
    0.0000  -22.5000  -37.5000 2454.8044    9.0575
    7.5000  -22.5000  -37.5000 2439.2024    9.0857
   -7.5000  -15.0000  -37.5000 2421.4011    9.2095
    0.0000  -15.0000  -37.5000 2439.5208    9.1684
    7.5000  -15.0000  -37.5000 2421.6948    9.2139
   -7.5000   -7.5000  -37.5000 2391.9622    9.4884
    0.0000   -7.5000  -37.5000 2410.4133    9.4478
    7.5000   -7.5000  -37.5000 2393.1780    9.5039
   -7.5000    0.0000  -37.5000 2351.9961    9.9455
    0.0000    0.0000  -37.5000 2371.7114    9.8939
    7.5000    0.0000  -37.5000 2358.0063    9.9480
   -7.5000    7.5000  -37.5000 2295.0527   10.5735
    0.0000    7.5000  -37.5000 2309.7019   10.5285
    7.5000    7.5000  -37.5000 2296.7844   10.5593
   -7.5000   15.0000  -37.5000 2218.8494   11.3809
    0.0000   15.0000  -37.5000 2233.5840   11.3297
    7.5000   15.0000  -37.5000 2225.0291   11.3396
   -7.5000   22.5000  -37.5000 2120.0962   12.4174
    0.0000   22.5000  -37.5000 2138.7024   12.3696
    7.5000   22.5000  -37.5000 2121.9778   12.4035
   -7.5000   30.0000  -37.5000 2012.9751   13.8141
    0.0000   30.0000  -37.5000 2022.6135   13.7755
    7.5000   30.0000  -37.5000 2012.3658   13.8057
   -7.5000   37.5000  -37.5000 1896.8568   15.7288
    0.0000   37.5000  -37.5000 1910.8403   15.6426
    7.5000   37.5000  -37.5000 1901.4460   15.6917
   -7.5000  -52.5000  -30.0000 2532.9126    9.3503
    0.0000  -52.5000  -30.0000 2547.9905    9.3661
    7.5000  -52.5000  -30.0000 2531.5852    9.3784
   -7.5000  -45.0000  -30.0000 2583.3567    8.9282
    0.0000  -45.0000  -30.0000 2600.5664    8.9351
    7.5000  -45.0000  -30.0000 2583.8357    8.9533
   -7.5000  -37.5000  -30.0000 2606.0125    8.7240
    0.0000  -37.5000  -30.0000 2625.6685    8.7130
    7.5000  -37.5000  -30.0000 2601.7498    8.7438
   -7.5000  -30.0000  -30.0000 2605.5249    8.6041
    0.0000  -30.0000  -30.0000 2620.6401    8.6004
    7.5000  -30.0000  -30.0000 2603.6475    8.6404
   -7.5000  -22.5000  -30.0000 2596.4705    8.5895
    0.0000  -22.5000  -30.0000 2610.0513    8.5634
    7.5000  -22.5000  -30.0000 2596.3894    8.6137
   -7.5000  -15.0000  -30.0000 2580.5701    8.7061
    0.0000  -15.0000  -30.0000 2596.5098    8.6693
    7.5000  -15.0000  -30.0000 2577.4517    8.7362
   -7.5000   -7.5000  -30.0000 2548.5625    8.9651
    0.0000   -7.5000  -30.0000 2568.3792    8.9194
    7.5000   -7.5000  -30.0000 2550.4875    8.9891
   -7.5000    0.0000  -30.0000 2506.5112    9.4034
    0.0000    0.0000  -30.0000 2527.6868    9.3486
    7.5000    0.0000  -30.0000 2507.6208    9.4137
   -7.5000    7.5000  -30.0000 2443.1355    9.9935
    0.0000    7.5000  -30.0000 2465.8804    9.9381
    7.5000    7.5000  -30.0000 2445.2266    9.9957
   -7.5000   15.0000  -30.0000 2361.0889   10.7742
    0.0000   15.0000  -30.0000 2383.2249   10.7163
    7.5000   15.0000  -30.0000 2366.4072   10.7634
   -7.5000   22.5000  -30.0000 2258.1851   11.7713
    0.0000   22.5000  -30.0000 2280.7583   11.7339
    7.5000   22.5000  -30.0000 2258.7610   11.7766
   -7.5000   30.0000  -30.0000 2137.3909   13.0875
    0.0000   30.0000  -30.0000 2155.7607   13.0251
    7.5000   30.0000  -30.0000 2137.2778   13.0586
   -7.5000   37.5000  -30.0000 2008.8019   14.8476
    0.0000   37.5000  -30.0000 2024.7413   14.7822
    7.5000   37.5000  -30.0000 2013.9561   14.8334
   -7.5000  -52.5000  -22.5000 2638.0352    8.8642
    0.0000  -52.5000  -22.5000 2659.3301    8.8477
    7.5000  -52.5000  -22.5000 2639.3894    8.8831
   -7.5000  -45.0000  -22.5000 2691.6438    8.4407
    0.0000  -45.0000  -22.5000 2708.7744    8.4302
    7.5000  -45.0000  -22.5000 2692.7458    8.4475
   -7.5000  -37.5000  -22.5000 2718.5930    8.2079
    0.0000  -37.5000  -22.5000 2734.5837    8.1881
    7.5000  -37.5000  -22.5000 2716.5195    8.2246
   -7.5000  -30.0000  -22.5000 2730.7717    8.0810
    0.0000  -30.0000  -22.5000 2749.8721    8.0550
    7.5000  -30.0000  -22.5000 2728.6958    8.0926
   -7.5000  -22.5000  -22.5000 2731.8469    8.0492
    0.0000  -22.5000  -22.5000 2745.8865    8.0191
    7.5000  -22.5000  -22.5000 2730.6479    8.0696
   -7.5000  -15.0000  -22.5000 2716.5391    8.1637
    0.0000  -15.0000  -22.5000 2732.9031    8.1280
    7.5000  -15.0000  -22.5000 2713.2112    8.1877
   -7.5000   -7.5000  -22.5000 2681.8455    8.4185
    0.0000   -7.5000  -22.5000 2703.1030    8.3744
    7.5000   -7.5000  -22.5000 2685.1709    8.4446
   -7.5000    0.0000  -22.5000 2630.9011    8.8476
    0.0000    0.0000  -22.5000 2654.5762    8.7697
    7.5000    0.0000  -22.5000 2636.4543    8.8350
   -7.5000    7.5000  -22.5000 2563.2869    9.4135
    0.0000    7.5000  -22.5000 2587.7937    9.3240
    7.5000    7.5000  -22.5000 2567.0518    9.3932
   -7.5000   15.0000  -22.5000 2473.8916   10.1671
    0.0000   15.0000  -22.5000 2499.4268   10.0729
    7.5000   15.0000  -22.5000 2479.1721   10.1525
   -7.5000   22.5000  -22.5000 2365.3511   11.1193
    0.0000   22.5000  -22.5000 2390.2681   11.0399
    7.5000   22.5000  -22.5000 2369.4109   11.1051
   -7.5000   30.0000  -22.5000 2238.9578   12.3490
    0.0000   30.0000  -22.5000 2262.9031   12.2777
    7.5000   30.0000  -22.5000 2242.1614   12.3080
   -7.5000   37.5000  -22.5000 2100.1316   13.9614
    0.0000   37.5000  -22.5000 2121.5425   13.9147
    7.5000   37.5000  -22.5000 2101.1050   13.9463
   -7.5000  -52.5000  -15.0000 2704.4390    8.3923
    0.0000  -52.5000  -15.0000 2727.0378    8.3566
    7.5000  -52.5000  -15.0000 2708.3118    8.4006
   -7.5000  -45.0000  -15.0000 2763.3689    7.9824
    0.0000  -45.0000  -15.0000 2784.3547    7.9556
    7.5000  -45.0000  -15.0000 2769.3513    7.9889
   -7.5000  -37.5000  -15.0000 2796.4614    7.7545
    0.0000  -37.5000  -15.0000 2817.8921    7.7270
    7.5000  -37.5000  -15.0000 2802.2065    7.7556
   -7.5000  -30.0000  -15.0000 2818.3877    7.6144
    0.0000  -30.0000  -15.0000 2842.5339    7.5784
    7.5000  -30.0000  -15.0000 2822.6116    7.6066
   -7.5000  -22.5000  -15.0000 2830.3389    7.5689
    0.0000  -22.5000  -15.0000 2853.8589    7.5121
    7.5000  -22.5000  -15.0000 2834.4583    7.5552
   -7.5000  -15.0000  -15.0000 2816.9380    7.6575
    0.0000  -15.0000  -15.0000 2836.4683    7.6130
    7.5000  -15.0000  -15.0000 2816.9082    7.6611
   -7.5000   -7.5000  -15.0000 2782.2551    7.9288
    0.0000   -7.5000  -15.0000 2809.1731    7.8624
    7.5000   -7.5000  -15.0000 2788.5105    7.9269
   -7.5000    0.0000  -15.0000 2731.0063    8.3400
    0.0000    0.0000  -15.0000 2758.4778    8.2438
    7.5000    0.0000  -15.0000 2739.2634    8.3127
   -7.5000    7.5000  -15.0000 2654.9607    8.8896
    0.0000    7.5000  -15.0000 2677.7576    8.7782
    7.5000    7.5000  -15.0000 2662.8337    8.8460
   -7.5000   15.0000  -15.0000 2556.2866    9.6330
    0.0000   15.0000  -15.0000 2578.9265    9.5047
    7.5000   15.0000  -15.0000 2561.2380    9.5853
   -7.5000   22.5000  -15.0000 2445.9690   10.5503
    0.0000   22.5000  -15.0000 2467.0486   10.4432
    7.5000   22.5000  -15.0000 2451.6326   10.5057
   -7.5000   30.0000  -15.0000 2312.6284   11.7367
    0.0000   30.0000  -15.0000 2336.1775   11.6385
    7.5000   30.0000  -15.0000 2320.3530   11.6826
   -7.5000   37.5000  -15.0000 2163.9978   13.2557
    0.0000   37.5000  -15.0000 2187.1299   13.1898
    7.5000   37.5000  -15.0000 2167.3525   13.2292
   -7.5000  -52.5000   -7.5000 2747.6147    7.9901
    0.0000  -52.5000   -7.5000 2762.6072    7.9534
    7.5000  -52.5000   -7.5000 2754.4131    8.0029
   -7.5000  -45.0000   -7.5000 2817.4421    7.5867
    0.0000  -45.0000   -7.5000 2835.4839    7.5466
    7.5000  -45.0000   -7.5000 2825.1401    7.5959
   -7.5000  -37.5000   -7.5000 2858.2224    7.3668
    0.0000  -37.5000   -7.5000 2879.3494    7.3270
    7.5000  -37.5000   -7.5000 2868.0195    7.3681
   -7.5000  -30.0000   -7.5000 2886.3755    7.2205
    0.0000  -30.0000   -7.5000 2911.3726    7.1718
    7.5000  -30.0000   -7.5000 2893.2883    7.2100
   -7.5000  -22.5000   -7.5000 2904.8672    7.1408
    0.0000  -22.5000   -7.5000 2932.3264    7.0883
    7.5000  -22.5000   -7.5000 2910.7532    7.1252
   -7.5000  -15.0000   -7.5000 2898.0776    7.2247
    0.0000  -15.0000   -7.5000 2921.3840    7.1542
    7.5000  -15.0000   -7.5000 2901.7454    7.2140
   -7.5000   -7.5000   -7.5000 2864.9548    7.4975
    0.0000   -7.5000   -7.5000 2890.3564    7.4057
    7.5000   -7.5000   -7.5000 2872.5046    7.4767
   -7.5000    0.0000   -7.5000 2804.8723    7.9011
    0.0000    0.0000   -7.5000 2831.0256    7.7829
    7.5000    0.0000   -7.5000 2816.0291    7.8606
   -7.5000    7.5000   -7.5000 2723.9485    8.4399
    0.0000    7.5000   -7.5000 2745.6060    8.3090
    7.5000    7.5000   -7.5000 2735.1604    8.3913
   -7.5000   15.0000   -7.5000 2620.0518    9.1465
    0.0000   15.0000   -7.5000 2641.1145    9.0223
    7.5000   15.0000   -7.5000 2629.9478    9.1060
   -7.5000   22.5000   -7.5000 2507.2854   10.0495
    0.0000   22.5000   -7.5000 2526.2305    9.9396
    7.5000   22.5000   -7.5000 2515.5447   10.0132
   -7.5000   30.0000   -7.5000 2371.3994   11.1944
    0.0000   30.0000   -7.5000 2393.1196   11.0849
    7.5000   30.0000   -7.5000 2376.8726   11.1706
   -7.5000   37.5000   -7.5000 2213.3423   12.6509
    0.0000   37.5000   -7.5000 2229.8025   12.5612
    7.5000   37.5000   -7.5000 2214.3530   12.6377
   -7.5000  -52.5000    0.0000 2773.4810    7.6941
    0.0000  -52.5000    0.0000 2785.2266    7.6384
    7.5000  -52.5000    0.0000 2780.3284    7.7173
   -7.5000  -45.0000    0.0000 2850.5554    7.2909
    0.0000  -45.0000    0.0000 2864.7087    7.2380
    7.5000  -45.0000    0.0000 2857.3005    7.3124
   -7.5000  -37.5000    0.0000 2901.4021    7.0922
    0.0000  -37.5000    0.0000 2919.7524    7.0258
    7.5000  -37.5000    0.0000 2910.1187    7.0863
   -7.5000  -30.0000    0.0000 2933.0349    6.9486
    0.0000  -30.0000    0.0000 2958.8159    6.8921
    7.5000  -30.0000    0.0000 2942.0581    6.9486
   -7.5000  -22.5000    0.0000 2957.1284    6.8556
    0.0000  -22.5000    0.0000 2989.6130    6.7950
    7.5000  -22.5000    0.0000 2965.7112    6.8476
   -7.5000  -15.0000    0.0000 2954.7761    6.9087
    0.0000  -15.0000    0.0000 2985.0701    6.7987
    7.5000  -15.0000    0.0000 2957.0835    6.8825
   -7.5000   -7.5000    0.0000 2923.6667    7.1613
    0.0000   -7.5000    0.0000 2948.4011    7.0364
    7.5000   -7.5000    0.0000 2928.9546    7.1367
   -7.5000    0.0000    0.0000 2860.7468    7.5732
    0.0000    0.0000    0.0000 2885.4929    7.4346
    7.5000    0.0000    0.0000 2872.9495    7.5281
   -7.5000    7.5000    0.0000 2777.0725    8.1315
    0.0000    7.5000    0.0000 2801.0591    7.9763
    7.5000    7.5000    0.0000 2789.5979    8.0806
   -7.5000   15.0000    0.0000 2671.3586    8.8265
    0.0000   15.0000    0.0000 2695.5872    8.6757
    7.5000   15.0000    0.0000 2682.8584    8.7719
   -7.5000   22.5000    0.0000 2549.2649    9.7152
    0.0000   22.5000    0.0000 2573.2410    9.5600
    7.5000   22.5000    0.0000 2560.9766    9.6646
   -7.5000   30.0000    0.0000 2405.1755   10.8166
    0.0000   30.0000    0.0000 2434.0090   10.6872
    7.5000   30.0000    0.0000 2414.0198   10.7991
   -7.5000   37.5000    0.0000 2244.4832   12.2424
    0.0000   37.5000    0.0000 2263.0061   12.1114
    7.5000   37.5000    0.0000 2250.5142   12.1922
   -7.5000  -52.5000    7.5000 2788.5879    7.4769
    0.0000  -52.5000    7.5000 2793.5579    7.4236
    7.5000  -52.5000    7.5000 2792.9617    7.5163
   -7.5000  -45.0000    7.5000 2868.8076    7.0859
    0.0000  -45.0000    7.5000 2878.3274    7.0255
    7.5000  -45.0000    7.5000 2871.9482    7.1099
   -7.5000  -37.5000    7.5000 2928.3044    6.9021
    0.0000  -37.5000    7.5000 2943.2249    6.8215
    7.5000  -37.5000    7.5000 2933.2522    6.8982
   -7.5000  -30.0000    7.5000 2969.2070    6.8053
    0.0000  -30.0000    7.5000 2993.7737    6.7601
    7.5000  -30.0000    7.5000 2977.0164    6.7945
   -7.5000  -22.5000    7.5000 2999.9863    6.7276
    0.0000  -22.5000    7.5000 3041.3943    6.6931
    7.5000  -22.5000    7.5000 3013.0315    6.7114
   -7.5000  -15.0000    7.5000 2993.6008    6.7276
    0.0000  -15.0000    7.5000 3031.0793    6.6295
    7.5000  -15.0000    7.5000 2998.4309    6.6951
   -7.5000   -7.5000    7.5000 2962.0249    6.9483
    0.0000   -7.5000    7.5000 2989.4109    6.8070
    7.5000   -7.5000    7.5000 2963.1218    6.8996
   -7.5000    0.0000    7.5000 2898.2234    7.3556
    0.0000    0.0000    7.5000 2925.1206    7.2251
    7.5000    0.0000    7.5000 2905.1709    7.2966
   -7.5000    7.5000    7.5000 2808.3855    7.9097
    0.0000    7.5000    7.5000 2840.7097    7.7794
    7.5000    7.5000    7.5000 2822.9619    7.8296
   -7.5000   15.0000    7.5000 2699.7244    8.6081
    0.0000   15.0000    7.5000 2727.5613    8.4850
    7.5000   15.0000    7.5000 2711.6963    8.5252
   -7.5000   22.5000    7.5000 2572.2896    9.4706
    0.0000   22.5000    7.5000 2599.9863    9.3628
    7.5000   22.5000    7.5000 2585.7971    9.4121
   -7.5000   30.0000    7.5000 2431.9592   10.5565
    0.0000   30.0000    7.5000 2457.2881   10.4595
    7.5000   30.0000    7.5000 2439.4761   10.4973
   -7.5000   37.5000    7.5000 2270.1284   11.9612
    0.0000   37.5000    7.5000 2284.8662   11.8476
    7.5000   37.5000    7.5000 2274.1069   11.8974
   -7.5000  -52.5000   15.0000 2792.5693    7.3917
    0.0000  -52.5000   15.0000 2796.6470    7.3324
    7.5000  -52.5000   15.0000 2797.0435    7.4159
   -7.5000  -45.0000   15.0000 2871.8865    7.0056
    0.0000  -45.0000   15.0000 2879.9458    6.9425
    7.5000  -45.0000   15.0000 2878.3867    7.0169
   -7.5000  -37.5000   15.0000 2934.3174    6.8313
    0.0000  -37.5000   15.0000 2947.8022    6.7485
    7.5000  -37.5000   15.0000 2941.6086    6.8164
   -7.5000  -30.0000   15.0000 2984.7456    6.7593
    0.0000  -30.0000   15.0000 3017.6729    6.7152
    7.5000  -30.0000   15.0000 3000.4792    6.7446
   -7.5000  -22.5000   15.0000 3023.3125    6.7284
    0.0000  -22.5000   15.0000 3083.2100    6.7357
    7.5000  -22.5000   15.0000 3044.6406    6.7097
   -7.5000  -15.0000   15.0000 3016.3198    6.7389
    0.0000  -15.0000   15.0000 3068.8582    6.7074
    7.5000  -15.0000   15.0000 3025.9751    6.7117
   -7.5000   -7.5000   15.0000 2976.0186    6.8839
    0.0000   -7.5000   15.0000 3013.8733    6.7866
    7.5000   -7.5000   15.0000 2980.9465    6.8328
   -7.5000    0.0000   15.0000 2907.2500    7.2294
    0.0000    0.0000   15.0000 2945.6860    7.1017
    7.5000    0.0000   15.0000 2918.3203    7.1553
   -7.5000    7.5000   15.0000 2817.4199    7.7763
    0.0000    7.5000   15.0000 2849.9353    7.6504
    7.5000    7.5000   15.0000 2832.1833    7.6957
   -7.5000   15.0000   15.0000 2704.8967    8.4840
    0.0000   15.0000   15.0000 2732.0083    8.3626
    7.5000   15.0000   15.0000 2724.1145    8.4092
   -7.5000   22.5000   15.0000 2579.1055    9.3635
    0.0000   22.5000   15.0000 2606.6814    9.2460
    7.5000   22.5000   15.0000 2595.6001    9.3028
   -7.5000   30.0000   15.0000 2436.8713   10.4589
    0.0000   30.0000   15.0000 2463.6504   10.3465
    7.5000   30.0000   15.0000 2447.0261   10.4105
   -7.5000   37.5000   15.0000 2273.8667   11.8337
    0.0000   37.5000   15.0000 2296.1975   11.7137
    7.5000   37.5000   15.0000 2281.9062   11.7733
   -7.5000  -52.5000   22.5000 2789.8589    7.4377
    0.0000  -52.5000   22.5000 2795.2029    7.3722
    7.5000  -52.5000   22.5000 2796.0884    7.4584
   -7.5000  -45.0000   22.5000 2873.1016    7.0652
    0.0000  -45.0000   22.5000 2884.2830    6.9945
    7.5000  -45.0000   22.5000 2882.5308    7.0705
   -7.5000  -37.5000   22.5000 2933.2944    6.8893
    0.0000  -37.5000   22.5000 2952.4495    6.8170
    7.5000  -37.5000   22.5000 2944.2136    6.8812
   -7.5000  -30.0000   22.5000 2985.3572    6.8230
    0.0000  -30.0000   22.5000 3023.1436    6.7801
    7.5000  -30.0000   22.5000 3000.4766    6.8005
   -7.5000  -22.5000   22.5000 3022.3838    6.7964
    0.0000  -22.5000   22.5000 3084.3162    6.7653
    7.5000  -22.5000   22.5000 3040.1907    6.7773
   -7.5000  -15.0000   22.5000 3007.3538    6.8358
    0.0000  -15.0000   22.5000 3055.7417    6.7329
    7.5000  -15.0000   22.5000 3016.1096    6.7921
   -7.5000   -7.5000   22.5000 2962.8064    6.9984
    0.0000   -7.5000   22.5000 3000.6296    6.8785
    7.5000   -7.5000   22.5000 2974.4727    6.9326
   -7.5000    0.0000   22.5000 2893.0278    7.3180
    0.0000    0.0000   22.5000 2927.8560    7.2082
    7.5000    0.0000   22.5000 2909.5476    7.2532
   -7.5000    7.5000   22.5000 2805.0857    7.8258
    0.0000    7.5000   22.5000 2833.8127    7.7086
    7.5000    7.5000   22.5000 2820.7498    7.7559
   -7.5000   15.0000   22.5000 2692.0815    8.5088
    0.0000   15.0000   22.5000 2716.7251    8.3777
    7.5000   15.0000   22.5000 2710.7454    8.4308
   -7.5000   22.5000   22.5000 2568.2747    9.3693
    0.0000   22.5000   22.5000 2592.2249    9.2563
    7.5000   22.5000   22.5000 2581.0728    9.3089
   -7.5000   30.0000   22.5000 2422.7664   10.4642
    0.0000   30.0000   22.5000 2449.8335   10.3433
    7.5000   30.0000   22.5000 2437.2144   10.3886
   -7.5000   37.5000   22.5000 2259.5200   11.8057
    0.0000   37.5000   22.5000 2278.8301   11.6887
    7.5000   37.5000   22.5000 2271.5562   11.7603
   -7.5000  -52.5000   30.0000 2779.2954    7.5953
    0.0000  -52.5000   30.0000 2793.4470    7.5079
    7.5000  -52.5000   30.0000 2786.5037    7.5902
   -7.5000  -45.0000   30.0000 2866.8818    7.2099
    0.0000  -45.0000   30.0000 2885.3074    7.1168
    7.5000  -45.0000   30.0000 2874.1719    7.2005
   -7.5000  -37.5000   30.0000 2922.0989    7.0214
    0.0000  -37.5000   30.0000 2947.9045    6.9322
    7.5000  -37.5000   30.0000 2934.0906    7.0010
   -7.5000  -30.0000   30.0000 2966.8396    6.9155
    0.0000  -30.0000   30.0000 2999.5403    6.8315
    7.5000  -30.0000   30.0000 2981.3264    6.8808
   -7.5000  -22.5000   30.0000 2992.0371    6.8782
    0.0000  -22.5000   30.0000 3029.7930    6.7251
    7.5000  -22.5000   30.0000 3004.0984    6.8244
   -7.5000  -15.0000   30.0000 2975.0376    6.9504
    0.0000  -15.0000   30.0000 3007.4270    6.7781
    7.5000  -15.0000   30.0000 2985.3359    6.8818
   -7.5000   -7.5000   30.0000 2932.4397    7.1788
    0.0000   -7.5000   30.0000 2967.3704    7.0366
    7.5000   -7.5000   30.0000 2949.4241    7.1080
   -7.5000    0.0000   30.0000 2861.7981    7.5361
    0.0000    0.0000   30.0000 2893.2739    7.4196
    7.5000    0.0000   30.0000 2881.1909    7.4747
   -7.5000    7.5000   30.0000 2770.3242    8.0419
    0.0000    7.5000   30.0000 2796.3003    7.9127
    7.5000    7.5000   30.0000 2790.2798    7.9632
   -7.5000   15.0000   30.0000 2661.5820    8.6842
    0.0000   15.0000   30.0000 2685.4993    8.5662
    7.5000   15.0000   30.0000 2678.7456    8.6156
   -7.5000   22.5000   30.0000 2536.4456    9.5243
    0.0000   22.5000   30.0000 2563.9863    9.4233
    7.5000   22.5000   30.0000 2550.2114    9.4431
   -7.5000   30.0000   30.0000 2387.5437   10.5965
    0.0000   30.0000   30.0000 2411.8374   10.5123
    7.5000   30.0000   30.0000 2405.8533   10.5293
   -7.5000   37.5000   30.0000 2222.9297   11.9518
    0.0000   37.5000   30.0000 2242.2759   11.8508
    7.5000   37.5000   30.0000 2237.4910   11.8821
   -7.5000  -52.5000   37.5000 2766.3062    7.8472
    0.0000  -52.5000   37.5000 2789.8401    7.7116
    7.5000  -52.5000   37.5000 2775.1960    7.8193
   -7.5000  -45.0000   37.5000 2851.2815    7.4497
    0.0000  -45.0000   37.5000 2876.6680    7.3234
    7.5000  -45.0000   37.5000 2860.7690    7.4105
   -7.5000  -37.5000   37.5000 2906.0415    7.2492
    0.0000  -37.5000   37.5000 2935.7078    7.1332
    7.5000  -37.5000   37.5000 2918.9624    7.2043
   -7.5000  -30.0000   37.5000 2942.8418    7.1303
    0.0000  -30.0000   37.5000 2971.6345    6.9814
    7.5000  -30.0000   37.5000 2953.0249    7.0636
   -7.5000  -22.5000   37.5000 2953.1606    7.0702
    0.0000  -22.5000   37.5000 2980.7678    6.8762
    7.5000  -22.5000   37.5000 2960.3225    6.9877
   -7.5000  -15.0000   37.5000 2931.3604    7.1744
    0.0000  -15.0000   37.5000 2959.5854    7.0272
    7.5000  -15.0000   37.5000 2942.5845    7.1027
   -7.5000   -7.5000   37.5000 2885.7988    7.4541
    0.0000   -7.5000   37.5000 2919.1206    7.3211
    7.5000   -7.5000   37.5000 2900.5876    7.3776
   -7.5000    0.0000   37.5000 2816.3872    7.8421
    0.0000    0.0000   37.5000 2844.7988    7.7219
    7.5000    0.0000   37.5000 2833.9397    7.7713
   -7.5000    7.5000   37.5000 2724.4714    8.3492
    0.0000    7.5000   37.5000 2750.6956    8.2281
    7.5000    7.5000   37.5000 2745.0347    8.2793
   -7.5000   15.0000   37.5000 2616.9370    8.9715
    0.0000   15.0000   37.5000 2642.8396    8.8755
    7.5000   15.0000   37.5000 2634.1440    8.9067
   -7.5000   22.5000   37.5000 2491.6228    9.8124
    0.0000   22.5000   37.5000 2516.9656    9.7170
    7.5000   22.5000   37.5000 2505.8516    9.7263
   -7.5000   30.0000   37.5000 2341.7507   10.9148
    0.0000   30.0000   37.5000 2361.1123   10.8098
    7.5000   30.0000   37.5000 2356.6995   10.8263
   -7.5000   37.5000   37.5000 2182.0854   12.3028
    0.0000   37.5000   37.5000 2200.0513   12.1710
    7.5000   37.5000   37.5000 2193.9385   12.1943
   -7.5000  -52.5000   45.0000 2742.1743    8.1781
    0.0000  -52.5000   45.0000 2768.4517    8.0171
    7.5000  -52.5000   45.0000 2752.0791    8.1266
   -7.5000  -45.0000   45.0000 2817.8489    7.7715
    0.0000  -45.0000   45.0000 2849.6707    7.6245
    7.5000  -45.0000   45.0000 2832.4919    7.7173
   -7.5000  -37.5000   45.0000 2875.4504    7.5627
    0.0000  -37.5000   45.0000 2907.8574    7.4030
    7.5000  -37.5000   45.0000 2889.4712    7.4716
   -7.5000  -30.0000   45.0000 2896.8047    7.4277
    0.0000  -30.0000   45.0000 2929.2195    7.2266
    7.5000  -30.0000   45.0000 2911.1289    7.3157
   -7.5000  -22.5000   45.0000 2902.2327    7.3702
    0.0000  -22.5000   45.0000 2936.5981    7.2056
    7.5000  -22.5000   45.0000 2912.1621    7.2787
   -7.5000  -15.0000   45.0000 2877.9817    7.5383
    0.0000  -15.0000   45.0000 2902.8489    7.4015
    7.5000  -15.0000   45.0000 2887.7495    7.4507
   -7.5000   -7.5000   45.0000 2824.6301    7.8188
    0.0000   -7.5000   45.0000 2851.7949    7.6862
    7.5000   -7.5000   45.0000 2838.3682    7.7294
   -7.5000    0.0000   45.0000 2754.1316    8.2262
    0.0000    0.0000   45.0000 2778.4856    8.0914
    7.5000    0.0000   45.0000 2770.4473    8.1363
   -7.5000    7.5000   45.0000 2665.9319    8.7459
    0.0000    7.5000   45.0000 2692.3430    8.6109
    7.5000    7.5000   45.0000 2685.0623    8.6447
   -7.5000   15.0000   45.0000 2559.2493    9.3927
    0.0000   15.0000   45.0000 2583.9358    9.2693
    7.5000   15.0000   45.0000 2578.1643    9.2959
   -7.5000   22.5000   45.0000 2432.3435   10.2428
    0.0000   22.5000   45.0000 2459.3044   10.1402
    7.5000   22.5000   45.0000 2454.1069   10.1473
   -7.5000   30.0000   45.0000 2280.0583   11.3443
    0.0000   30.0000   45.0000 2300.8762   11.2445
    7.5000   30.0000   45.0000 2296.2834   11.2433
   -7.5000   37.5000   45.0000 2131.5103   12.7418
    0.0000   37.5000   45.0000 2148.6597   12.6275
    7.5000   37.5000   45.0000 2142.6326   12.6460

---------------------------------------------------------------------
imgreg_4dfp /export/freesurfer-5.3-HCP/average/711-2C_as_mni_average_305 /export/freesurfer-5.3-HCP/average/711-2B_as_mni_average_305_mask talsrcimg_g11 none talsrcimg_to_711-2C_as_mni_average_305_t4 1283
---------------------------------------------------------------------

$Id: imgreg_4dfp.c,v 1.4 2010/02/27 01:41:53 nicks Exp $
/export/freesurfer-5.3-HCP/average/711-2C_as_mni_average_305.4dfp.img
       256       256       256         1
  1.000000  1.000000  1.000000
orientation T byte_order littleendian
Reading image: /export/freesurfer-5.3-HCP/average/711-2C_as_mni_average_305.4dfp.img
dimensions:      256       256       256
mmppix:       1.0000   -1.0000   -1.0000
center:     128.0000 -129.0000 -129.0000
/export/freesurfer-5.3-HCP/average/711-2B_as_mni_average_305_mask.4dfp.img
       256       256       256         1
  1.000000  1.000000  1.000000
orientation T byte_order littleendian
Reading mask: /export/freesurfer-5.3-HCP/average/711-2B_as_mni_average_305_mask.4dfp.img (2306576 pixels)
talsrcimg_g11.4dfp.img
       256       256       256         1
  1.000000  1.000000  1.000000
orientation T byte_order littleendian
Reading image: talsrcimg_g11.4dfp.img
dimensions:      256       256       256
mmppix:       1.0000   -1.0000   -1.0000
center:     128.0000 -129.0000 -129.0000
rotation matrix determinant  1.000000
$Id: fimgreg.f,v 1.1 2007/05/04 22:33:59 nicks Exp $
image alignment mode   1283 decimal      503 hex
parameters
    0.0000  -22.5000   22.5000    0.0000    0.0000    0.0000
eta,q 0.96797  6.78265
niter,ni,del,rscale     5    3   12.0000    1.2000
parameter  3  0.915899 ->  0.500000 qaram    1.1500
parameters
    0.5087  -20.8641   19.0500    0.8267    0.2116    1.2254
eta,q 0.97055  6.74176
  0.0479  0.0458  0.0298  0.0362  0.0368  0.0357
  0.0415  0.0414  0.0295  0.0336  0.0329  0.0332
  0.0365  0.0370  0.0311  0.0310  0.0302  0.0310
  0.0348  0.0346  0.0339  0.0298  0.0296  0.0297
  0.0357  0.0337  0.0378  0.0298  0.0306  0.0295
  0.0387  0.0348  0.0429  0.0314  0.0324  0.0306
  0.0441  0.0385  0.0484  0.0337  0.0356  0.0325
niter,ni,del,rscale     5    3   12.0000    1.2000
parameters
    0.5061  -20.6670   18.2876    0.5475    0.1706    1.3196
eta,q 0.97082  6.74810
  0.0424  0.0399  0.0375  0.0348  0.0353  0.0339
  0.0354  0.0351  0.0327  0.0318  0.0318  0.0315
  0.0307  0.0315  0.0297  0.0297  0.0298  0.0298
  0.0295  0.0295  0.0294  0.0292  0.0292  0.0292
  0.0308  0.0305  0.0318  0.0305  0.0301  0.0297
  0.0354  0.0342  0.0360  0.0329  0.0319  0.0312
  0.0425  0.0389  0.0414  0.0355  0.0354  0.0337
niter,ni,del,rscale     4    3   12.0000    1.2000
parameters
    0.4995  -20.5788   18.1695    0.4463    0.1783    1.3298
eta,q 0.97084  6.74880
  0.0422  0.0396  0.0391  0.0351  0.0353  0.0338
  0.0352  0.0346  0.0340  0.0322  0.0319  0.0314
  0.0305  0.0309  0.0303  0.0298  0.0298  0.0297
  0.0292  0.0292  0.0292  0.0292  0.0292  0.0292
  0.0306  0.0305  0.0308  0.0303  0.0300  0.0297
  0.0352  0.0344  0.0346  0.0326  0.0318  0.0312
  0.0423  0.0390  0.0396  0.0353  0.0352  0.0338
niter,ni,del,rscale     3    3   12.0000    1.2000
parameters
    0.4960  -20.5448   18.1406    0.4146    0.1837    1.3303
eta,q 0.97084  6.74878
  0.0422  0.0395  0.0393  0.0353  0.0353  0.0337
  0.0352  0.0345  0.0342  0.0323  0.0319  0.0313
  0.0305  0.0308  0.0304  0.0299  0.0298  0.0297
  0.0292  0.0292  0.0292  0.0292  0.0292  0.0292
  0.0306  0.0306  0.0306  0.0302  0.0300  0.0297
  0.0352  0.0346  0.0344  0.0326  0.0318  0.0312
  0.0423  0.0392  0.0394  0.0352  0.0352  0.0338
registration optimization eta report
parameter search radius
    6.0000    6.0000    6.9000    6.0000    6.0000    6.0000
100000*second partial in parameter space
       36.       28.       21.       17.       17.       13.
  0.0422  0.0395  0.0393  0.0353  0.0353  0.0337
  0.0352  0.0345  0.0342  0.0323  0.0319  0.0313
  0.0305  0.0308  0.0304  0.0299  0.0298  0.0297
  0.0292  0.0292  0.0292  0.0292  0.0292  0.0292
  0.0306  0.0306  0.0306  0.0302  0.0300  0.0297
  0.0352  0.0346  0.0344  0.0326  0.0318  0.0312
  0.0423  0.0392  0.0394  0.0352  0.0352  0.0338
    0.4960  -20.5448   18.1406    0.4146    0.1837    1.3303
eta,q 0.97084  6.74878

---------------------------------------------------------------------
imgreg_4dfp /export/freesurfer-5.3-HCP/average/711-2C_as_mni_average_305 /export/freesurfer-5.3-HCP/average/711-2B_as_mni_average_305_mask talsrcimg_g11 none talsrcimg_to_711-2C_as_mni_average_305_t4 3335
---------------------------------------------------------------------

$Id: imgreg_4dfp.c,v 1.4 2010/02/27 01:41:53 nicks Exp $
/export/freesurfer-5.3-HCP/average/711-2C_as_mni_average_305.4dfp.img
       256       256       256         1
  1.000000  1.000000  1.000000
orientation T byte_order littleendian
Reading image: /export/freesurfer-5.3-HCP/average/711-2C_as_mni_average_305.4dfp.img
dimensions:      256       256       256
mmppix:       1.0000   -1.0000   -1.0000
center:     128.0000 -129.0000 -129.0000
/export/freesurfer-5.3-HCP/average/711-2B_as_mni_average_305_mask.4dfp.img
       256       256       256         1
  1.000000  1.000000  1.000000
orientation T byte_order littleendian
Reading mask: /export/freesurfer-5.3-HCP/average/711-2B_as_mni_average_305_mask.4dfp.img (2306576 pixels)
talsrcimg_g11.4dfp.img
       256       256       256         1
  1.000000  1.000000  1.000000
orientation T byte_order littleendian
Reading image: talsrcimg_g11.4dfp.img
dimensions:      256       256       256
mmppix:       1.0000   -1.0000   -1.0000
center:     128.0000 -129.0000 -129.0000
$Id: fimgreg.f,v 1.1 2007/05/04 22:33:59 nicks Exp $
image alignment mode   3335 decimal      D07 hex
parameters
    0.4960  -20.5448   18.1406   -0.0275   -0.0296   -0.0031
   -2.3238   -0.3037    2.3215   -0.7309    0.3206    0.7236
eta,q 0.97288  6.79142
niter,ni,del,rscale     5    3    5.0000    1.2000
parameter  4  1.089541 ->  0.500000 qaram    1.1500
parameter  5  1.149668 ->  0.500000 qaram    1.1500
parameters
    0.9039  -20.6806   18.3354   -4.1675   -4.1696    0.2400
   -1.6641    0.5245    3.8337   -2.1179    1.6471   -1.2488
eta,q 0.97841  6.74334
  0.0304  0.0289  0.0286  0.0247  0.0216  0.0245  0.0249  0.0263  0.0245  0.0236  0.0234  0.0223
  0.0289  0.0278  0.0278  0.0245  0.0220  0.0235  0.0235  0.0244  0.0233  0.0223  0.0226  0.0218
  0.0277  0.0272  0.0272  0.0252  0.0229  0.0228  0.0226  0.0229  0.0225  0.0218  0.0221  0.0216
  0.0271  0.0270  0.0270  0.0270  0.0246  0.0222  0.0221  0.0221  0.0220  0.0219  0.0218  0.0217
  0.0271  0.0274  0.0271  0.0293  0.0270  0.0222  0.0223  0.0221  0.0219  0.0227  0.0217  0.0221
  0.0276  0.0281  0.0275  0.0316  0.0298  0.0229  0.0229  0.0231  0.0223  0.0238  0.0220  0.0228
  0.0288  0.0293  0.0281  0.0339  0.0326  0.0246  0.0241  0.0250  0.0231  0.0253  0.0225  0.0238
niter,ni,del,rscale     6    3    5.0000    1.2000
parameters
    0.8623  -20.5400   18.5812   -5.2540   -7.0217    1.6919
   -2.2812    0.2919    3.3860   -1.2603    1.7743   -1.5647
eta,q 0.97913  6.70079
  0.0249  0.0242  0.0234  0.0249  0.0226  0.0246  0.0228  0.0244  0.0224  0.0244  0.0222  0.0221
  0.0230  0.0228  0.0225  0.0233  0.0217  0.0234  0.0216  0.0225  0.0215  0.0226  0.0215  0.0214
  0.0219  0.0220  0.0218  0.0220  0.0213  0.0224  0.0210  0.0213  0.0210  0.0214  0.0210  0.0210
  0.0216  0.0216  0.0216  0.0216  0.0216  0.0213  0.0209  0.0209  0.0209  0.0209  0.0209  0.0209
  0.0221  0.0218  0.0217  0.0226  0.0227  0.0209  0.0213  0.0214  0.0212  0.0211  0.0210  0.0211
  0.0232  0.0225  0.0221  0.0248  0.0249  0.0214  0.0222  0.0228  0.0218  0.0218  0.0214  0.0216
  0.0250  0.0236  0.0228  0.0274  0.0279  0.0232  0.0235  0.0250  0.0228  0.0230  0.0221  0.0223
niter,ni,del,rscale     5    3    5.0000    1.2000
parameters
    0.8119  -20.4626   19.1455   -5.3468   -7.8345    2.0086
   -2.2346    0.2983    3.1656   -0.7871    1.7883   -1.1146
eta,q 0.97928  6.68380
  0.0241  0.0232  0.0233  0.0249  0.0232  0.0241  0.0230  0.0245  0.0223  0.0239  0.0220  0.0222
  0.0222  0.0219  0.0222  0.0232  0.0218  0.0229  0.0218  0.0226  0.0214  0.0223  0.0213  0.0215
  0.0212  0.0211  0.0213  0.0217  0.0210  0.0218  0.0210  0.0212  0.0209  0.0212  0.0209  0.0210
  0.0209  0.0209  0.0209  0.0208  0.0208  0.0208  0.0207  0.0207  0.0207  0.0207  0.0207  0.0207
  0.0213  0.0211  0.0208  0.0212  0.0212  0.0207  0.0210  0.0211  0.0210  0.0210  0.0208  0.0208
  0.0225  0.0218  0.0211  0.0230  0.0224  0.0218  0.0217  0.0225  0.0216  0.0219  0.0213  0.0212
  0.0243  0.0229  0.0218  0.0255  0.0247  0.0243  0.0230  0.0246  0.0225  0.0231  0.0220  0.0219
niter,ni,del,rscale     4    3    5.0000    1.2000
parameters
    0.7949  -20.5168   19.3572   -5.4325   -8.1817    2.0421
   -2.2325    0.3407    3.1129   -0.7570    1.8152   -0.8079
eta,q 0.97929  6.67294
  0.0240  0.0228  0.0228  0.0248  0.0234  0.0240  0.0230  0.0246  0.0224  0.0236  0.0220  0.0222
  0.0222  0.0216  0.0217  0.0231  0.0219  0.0228  0.0218  0.0226  0.0215  0.0220  0.0213  0.0214
  0.0210  0.0209  0.0210  0.0216  0.0210  0.0216  0.0210  0.0212  0.0209  0.0210  0.0209  0.0209
  0.0207  0.0207  0.0207  0.0207  0.0207  0.0207  0.0207  0.0207  0.0207  0.0207  0.0207  0.0207
  0.0211  0.0210  0.0208  0.0211  0.0210  0.0208  0.0210  0.0211  0.0209  0.0211  0.0208  0.0208
  0.0223  0.0218  0.0213  0.0229  0.0221  0.0221  0.0217  0.0225  0.0215  0.0221  0.0213  0.0213
  0.0241  0.0229  0.0221  0.0254  0.0241  0.0246  0.0230  0.0246  0.0225  0.0235  0.0220  0.0220
niter,ni,del,rscale     3    3    5.0000    1.2000
parameters
    0.7920  -20.5727   19.4195   -5.4519   -8.2603    2.0293
   -2.2423    0.3545    3.1050   -0.8318    1.8265   -0.6453
eta,q 0.97929  6.66973
  0.0241  0.0228  0.0225  0.0248  0.0235  0.0239  0.0230  0.0246  0.0224  0.0235  0.0220  0.0222
  0.0222  0.0216  0.0215  0.0232  0.0221  0.0228  0.0217  0.0226  0.0215  0.0220  0.0213  0.0214
  0.0211  0.0209  0.0209  0.0216  0.0211  0.0216  0.0210  0.0212  0.0209  0.0210  0.0209  0.0209
  0.0207  0.0207  0.0207  0.0207  0.0207  0.0207  0.0207  0.0207  0.0207  0.0207  0.0207  0.0207
  0.0211  0.0210  0.0209  0.0211  0.0210  0.0208  0.0210  0.0211  0.0209  0.0211  0.0208  0.0208
  0.0222  0.0218  0.0214  0.0228  0.0219  0.0221  0.0218  0.0225  0.0215  0.0222  0.0213  0.0213
  0.0240  0.0229  0.0223  0.0253  0.0238  0.0247  0.0230  0.0246  0.0225  0.0235  0.0220  0.0221
niter,ni,del,rscale     2    3    5.0000    1.2000
parameters
    0.7912  -20.6065   19.4386   -5.4476   -8.2646    2.0223
   -2.2463    0.3576    3.0988   -0.9028    1.8406   -0.5876
eta,q 0.97930  6.66933
  0.0241  0.0228  0.0225  0.0249  0.0236  0.0239  0.0230  0.0246  0.0224  0.0235  0.0220  0.0221
  0.0222  0.0216  0.0215  0.0232  0.0221  0.0228  0.0218  0.0226  0.0215  0.0220  0.0213  0.0214
  0.0211  0.0209  0.0209  0.0216  0.0211  0.0216  0.0209  0.0212  0.0209  0.0210  0.0209  0.0209
  0.0207  0.0207  0.0207  0.0207  0.0207  0.0207  0.0207  0.0207  0.0207  0.0207  0.0207  0.0207
  0.0211  0.0210  0.0209  0.0211  0.0209  0.0208  0.0210  0.0211  0.0209  0.0211  0.0208  0.0208
  0.0222  0.0217  0.0215  0.0228  0.0219  0.0221  0.0217  0.0225  0.0215  0.0222  0.0213  0.0213
  0.0240  0.0229  0.0224  0.0253  0.0238  0.0247  0.0230  0.0246  0.0224  0.0235  0.0220  0.0221
niter,ni,del,rscale     1    3    5.0000    1.2000
parameters
    0.7906  -20.6265   19.4437   -5.4398   -8.2519    2.0252
   -2.2409    0.3567    3.0944   -0.9444    1.8456   -0.5530
eta,q 0.97931  6.66971
  0.0241  0.0229  0.0225  0.0249  0.0236  0.0239  0.0230  0.0246  0.0224  0.0235  0.0220  0.0221
  0.0222  0.0216  0.0215  0.0232  0.0221  0.0228  0.0217  0.0226  0.0215  0.0220  0.0213  0.0214
  0.0210  0.0209  0.0209  0.0216  0.0211  0.0216  0.0209  0.0212  0.0209  0.0210  0.0209  0.0209
  0.0207  0.0207  0.0207  0.0207  0.0207  0.0207  0.0207  0.0207  0.0207  0.0207  0.0207  0.0207
  0.0211  0.0210  0.0209  0.0211  0.0209  0.0208  0.0210  0.0211  0.0209  0.0211  0.0208  0.0208
  0.0222  0.0217  0.0215  0.0228  0.0219  0.0221  0.0217  0.0225  0.0215  0.0221  0.0213  0.0213
  0.0240  0.0229  0.0224  0.0253  0.0238  0.0247  0.0230  0.0246  0.0224  0.0235  0.0220  0.0221
registration optimization eta report
parameter search radius
    2.4000    2.4000    2.4000    8.2800    8.2800    7.2000
    7.2000    7.2000    7.2000    7.2000    7.2000    7.2000
100000*second partial in parameter space
       58.       38.       30.        6.        4.        7.
        4.        7.        3.        5.        3.        3.
  0.0241  0.0229  0.0225  0.0249  0.0236  0.0239  0.0230  0.0246  0.0224  0.0235  0.0220  0.0221
  0.0222  0.0216  0.0215  0.0232  0.0221  0.0228  0.0217  0.0226  0.0215  0.0220  0.0213  0.0214
  0.0210  0.0209  0.0209  0.0216  0.0211  0.0216  0.0209  0.0212  0.0209  0.0210  0.0209  0.0209
  0.0207  0.0207  0.0207  0.0207  0.0207  0.0207  0.0207  0.0207  0.0207  0.0207  0.0207  0.0207
  0.0211  0.0210  0.0209  0.0211  0.0209  0.0208  0.0210  0.0211  0.0209  0.0211  0.0208  0.0208
  0.0222  0.0217  0.0215  0.0228  0.0219  0.0221  0.0217  0.0225  0.0215  0.0221  0.0213  0.0213
  0.0240  0.0229  0.0224  0.0253  0.0238  0.0247  0.0230  0.0246  0.0224  0.0235  0.0220  0.0221
    0.7906  -20.6265   19.4437   -5.4398   -8.2519    2.0252
   -2.2409    0.3567    3.0944   -0.9444    1.8456   -0.5530
eta,q 0.97931  6.66971

---------------------------------------------------------------------
imgreg_4dfp /export/freesurfer-5.3-HCP/average/711-2C_as_mni_average_305 /export/freesurfer-5.3-HCP/average/711-2B_as_mni_average_305_mask talsrcimg_g11 none talsrcimg_to_711-2C_as_mni_average_305_t4 2311
---------------------------------------------------------------------

$Id: imgreg_4dfp.c,v 1.4 2010/02/27 01:41:53 nicks Exp $
/export/freesurfer-5.3-HCP/average/711-2C_as_mni_average_305.4dfp.img
       256       256       256         1
  1.000000  1.000000  1.000000
orientation T byte_order littleendian
Reading image: /export/freesurfer-5.3-HCP/average/711-2C_as_mni_average_305.4dfp.img
dimensions:      256       256       256
mmppix:       1.0000   -1.0000   -1.0000
center:     128.0000 -129.0000 -129.0000
/export/freesurfer-5.3-HCP/average/711-2B_as_mni_average_305_mask.4dfp.img
       256       256       256         1
  1.000000  1.000000  1.000000
orientation T byte_order littleendian
Reading mask: /export/freesurfer-5.3-HCP/average/711-2B_as_mni_average_305_mask.4dfp.img (2306576 pixels)
talsrcimg_g11.4dfp.img
       256       256       256         1
  1.000000  1.000000  1.000000
orientation T byte_order littleendian
Reading image: talsrcimg_g11.4dfp.img
dimensions:      256       256       256
mmppix:       1.0000   -1.0000   -1.0000
center:     128.0000 -129.0000 -129.0000
$Id: fimgreg.f,v 1.1 2007/05/04 22:33:59 nicks Exp $
image alignment mode   2311 decimal      907 hex
parameters
    0.7906  -20.6265   19.4437   -5.4398   -8.2519    2.0252
   -2.2409    0.3567    3.0944   -0.9444    1.8456   -0.5530
eta,q 0.97931  6.66970
niter,ni,del,rscale     5    3    5.0000    0.8000
parameters
    0.7718  -20.6640   19.4407   -5.0124   -8.0397    2.6207
   -2.2565    0.3307    3.1120   -1.4929    1.8262   -0.7627
eta,q 0.97944  6.69631
  0.0222  0.0216  0.0215  0.0227  0.0217  0.0227  0.0216  0.0225  0.0214  0.0216  0.0212  0.0211
  0.0213  0.0211  0.0210  0.0218  0.0211  0.0219  0.0210  0.0214  0.0209  0.0210  0.0208  0.0208
  0.0208  0.0208  0.0208  0.0211  0.0208  0.0212  0.0207  0.0208  0.0207  0.0206  0.0206  0.0206
  0.0207  0.0207  0.0207  0.0207  0.0207  0.0207  0.0206  0.0206  0.0206  0.0206  0.0205  0.0206
  0.0209  0.0208  0.0208  0.0207  0.0207  0.0206  0.0207  0.0208  0.0207  0.0209  0.0206  0.0206
  0.0214  0.0212  0.0211  0.0213  0.0210  0.0211  0.0210  0.0214  0.0209  0.0214  0.0208  0.0209
  0.0222  0.0217  0.0215  0.0223  0.0215  0.0221  0.0216  0.0225  0.0214  0.0222  0.0212  0.0212
niter,ni,del,rscale     4    3    5.0000    0.7000
parameters
    0.7675  -20.6927   19.5728   -4.9690   -7.9320    2.9952
   -2.2502    0.3003    3.0802   -1.6775    1.7727   -0.8473
eta,q 0.97949  6.70730
  0.0217  0.0213  0.0213  0.0220  0.0213  0.0222  0.0213  0.0220  0.0211  0.0215  0.0210  0.0210
  0.0211  0.0209  0.0209  0.0213  0.0209  0.0215  0.0209  0.0212  0.0208  0.0209  0.0207  0.0207
  0.0207  0.0206  0.0207  0.0208  0.0206  0.0209  0.0206  0.0207  0.0206  0.0206  0.0206  0.0206
  0.0206  0.0206  0.0206  0.0205  0.0205  0.0205  0.0205  0.0205  0.0205  0.0205  0.0205  0.0205
  0.0207  0.0207  0.0206  0.0207  0.0206  0.0206  0.0206  0.0207  0.0206  0.0207  0.0206  0.0206
  0.0211  0.0209  0.0207  0.0212  0.0208  0.0210  0.0209  0.0212  0.0208  0.0211  0.0207  0.0207
  0.0217  0.0213  0.0211  0.0221  0.0212  0.0219  0.0213  0.0220  0.0211  0.0217  0.0210  0.0210
niter,ni,del,rscale     3    3    5.0000    0.6000
parameters
    0.7586  -20.7163   19.6704   -4.9594   -7.9506    3.2280
   -2.2481    0.2950    3.0637   -1.7799    1.7307   -0.8462
eta,q 0.97950  6.71124
  0.0214  0.0210  0.0211  0.0216  0.0210  0.0218  0.0211  0.0216  0.0209  0.0212  0.0208  0.0209
  0.0209  0.0207  0.0208  0.0211  0.0207  0.0212  0.0207  0.0210  0.0207  0.0208  0.0206  0.0207
  0.0206  0.0206  0.0206  0.0207  0.0206  0.0208  0.0206  0.0206  0.0205  0.0206  0.0205  0.0205
  0.0205  0.0205  0.0205  0.0205  0.0205  0.0205  0.0205  0.0205  0.0205  0.0205  0.0205  0.0205
  0.0206  0.0206  0.0205  0.0206  0.0206  0.0206  0.0206  0.0206  0.0205  0.0206  0.0205  0.0205
  0.0209  0.0208  0.0207  0.0210  0.0207  0.0209  0.0207  0.0210  0.0207  0.0209  0.0207  0.0207
  0.0214  0.0211  0.0209  0.0217  0.0210  0.0216  0.0211  0.0216  0.0209  0.0213  0.0209  0.0209
niter,ni,del,rscale     2    3    5.0000    0.5000
parameters
    0.7507  -20.7426   19.7336   -4.9461   -7.9845    3.3763
   -2.2554    0.3007    3.0505   -1.8504    1.7210   -0.8336
eta,q 0.97951  6.71304
  0.0211  0.0209  0.0209  0.0213  0.0208  0.0215  0.0209  0.0213  0.0208  0.0210  0.0207  0.0207
  0.0208  0.0207  0.0207  0.0209  0.0206  0.0210  0.0207  0.0208  0.0206  0.0207  0.0206  0.0206
  0.0206  0.0205  0.0206  0.0206  0.0205  0.0206  0.0205  0.0206  0.0205  0.0205  0.0205  0.0205
  0.0205  0.0205  0.0205  0.0205  0.0205  0.0205  0.0205  0.0205  0.0205  0.0205  0.0205  0.0205
  0.0206  0.0205  0.0205  0.0206  0.0205  0.0206  0.0205  0.0206  0.0205  0.0206  0.0205  0.0205
  0.0208  0.0207  0.0206  0.0209  0.0206  0.0208  0.0207  0.0208  0.0206  0.0208  0.0206  0.0206
  0.0211  0.0209  0.0208  0.0213  0.0208  0.0213  0.0209  0.0213  0.0208  0.0211  0.0207  0.0207
niter,ni,del,rscale     1    3    5.0000    0.4000
parameters
    0.7458  -20.7592   19.7801   -4.9313   -8.0048    3.4720
   -2.2655    0.3108    3.0219   -1.9149    1.7204   -0.8375
eta,q 0.97952  6.71438
  0.0209  0.0207  0.0207  0.0210  0.0207  0.0211  0.0207  0.0210  0.0207  0.0208  0.0206  0.0206
  0.0207  0.0206  0.0206  0.0207  0.0206  0.0208  0.0206  0.0207  0.0206  0.0206  0.0206  0.0206
  0.0205  0.0205  0.0205  0.0206  0.0205  0.0206  0.0205  0.0205  0.0205  0.0205  0.0205  0.0205
  0.0205  0.0205  0.0205  0.0205  0.0205  0.0205  0.0205  0.0205  0.0205  0.0205  0.0205  0.0205
  0.0205  0.0205  0.0205  0.0205  0.0205  0.0205  0.0205  0.0205  0.0205  0.0205  0.0205  0.0205
  0.0207  0.0206  0.0206  0.0207  0.0206  0.0207  0.0206  0.0207  0.0206  0.0207  0.0206  0.0206
  0.0209  0.0207  0.0207  0.0210  0.0207  0.0210  0.0207  0.0210  0.0207  0.0209  0.0207  0.0206
registration optimization eta report
parameter search radius
    0.8000    0.8000    0.8000    2.4000    2.4000    2.4000
    2.4000    2.4000    2.4000    2.4000    2.4000    2.4000
100000*second partial in parameter space
       61.       38.       33.        9.        4.       10.
        4.        9.        3.        6.        3.        3.
  0.0209  0.0207  0.0207  0.0210  0.0207  0.0211  0.0207  0.0210  0.0207  0.0208  0.0206  0.0206
  0.0207  0.0206  0.0206  0.0207  0.0206  0.0208  0.0206  0.0207  0.0206  0.0206  0.0206  0.0206
  0.0205  0.0205  0.0205  0.0206  0.0205  0.0206  0.0205  0.0205  0.0205  0.0205  0.0205  0.0205
  0.0205  0.0205  0.0205  0.0205  0.0205  0.0205  0.0205  0.0205  0.0205  0.0205  0.0205  0.0205
  0.0205  0.0205  0.0205  0.0205  0.0205  0.0205  0.0205  0.0205  0.0205  0.0205  0.0205  0.0205
  0.0207  0.0206  0.0206  0.0207  0.0206  0.0207  0.0206  0.0207  0.0206  0.0207  0.0206  0.0206
  0.0209  0.0207  0.0207  0.0210  0.0207  0.0210  0.0207  0.0210  0.0207  0.0209  0.0207  0.0206
    0.7458  -20.7592   19.7801   -4.9313   -8.0048    3.4720
   -2.2655    0.3108    3.0219   -1.9149    1.7204   -0.8375
eta,q 0.97952  6.71438

---------------------------------------------------------------------
imgreg_4dfp /export/freesurfer-5.3-HCP/average/711-2C_as_mni_average_305 /export/freesurfer-5.3-HCP/average/711-2B_as_mni_average_305_mask talsrcimg_g11 none talsrcimg_to_711-2C_as_mni_average_305_t4 2311
---------------------------------------------------------------------

$Id: imgreg_4dfp.c,v 1.4 2010/02/27 01:41:53 nicks Exp $
/export/freesurfer-5.3-HCP/average/711-2C_as_mni_average_305.4dfp.img
       256       256       256         1
  1.000000  1.000000  1.000000
orientation T byte_order littleendian
Reading image: /export/freesurfer-5.3-HCP/average/711-2C_as_mni_average_305.4dfp.img
dimensions:      256       256       256
mmppix:       1.0000   -1.0000   -1.0000
center:     128.0000 -129.0000 -129.0000
/export/freesurfer-5.3-HCP/average/711-2B_as_mni_average_305_mask.4dfp.img
       256       256       256         1
  1.000000  1.000000  1.000000
orientation T byte_order littleendian
Reading mask: /export/freesurfer-5.3-HCP/average/711-2B_as_mni_average_305_mask.4dfp.img (2306576 pixels)
talsrcimg_g11.4dfp.img
       256       256       256         1
  1.000000  1.000000  1.000000
orientation T byte_order littleendian
Reading image: talsrcimg_g11.4dfp.img
dimensions:      256       256       256
mmppix:       1.0000   -1.0000   -1.0000
center:     128.0000 -129.0000 -129.0000
$Id: fimgreg.f,v 1.1 2007/05/04 22:33:59 nicks Exp $
image alignment mode   2311 decimal      907 hex
parameters
    0.7458  -20.7592   19.7801   -4.9313   -8.0048    3.4720
   -2.2655    0.3108    3.0219   -1.9149    1.7204   -0.8375
eta,q 0.97952  6.71438
niter,ni,del,rscale     5    3    5.0000    0.8000
parameters
    0.7717  -20.7494   19.7730   -5.0975   -8.0268    3.1728
   -2.2191    0.3125    3.0763   -1.6761    1.7062   -0.7023
eta,q 0.97950  6.70498
  0.0221  0.0215  0.0213  0.0223  0.0214  0.0223  0.0216  0.0224  0.0213  0.0220  0.0211  0.0212
  0.0212  0.0209  0.0209  0.0214  0.0209  0.0215  0.0210  0.0214  0.0209  0.0212  0.0208  0.0208
  0.0207  0.0206  0.0206  0.0207  0.0206  0.0208  0.0206  0.0207  0.0206  0.0207  0.0206  0.0206
  0.0205  0.0205  0.0205  0.0205  0.0205  0.0205  0.0205  0.0205  0.0205  0.0205  0.0205  0.0205
  0.0207  0.0206  0.0206  0.0207  0.0206  0.0207  0.0206  0.0207  0.0206  0.0206  0.0206  0.0206
  0.0212  0.0209  0.0209  0.0215  0.0209  0.0216  0.0209  0.0214  0.0208  0.0211  0.0208  0.0208
  0.0220  0.0214  0.0214  0.0226  0.0214  0.0231  0.0215  0.0225  0.0213  0.0217  0.0211  0.0211
niter,ni,del,rscale     4    3    5.0000    0.7000
parameters
    0.7648  -20.7514   19.7386   -5.0489   -8.0395    3.1655
   -2.2384    0.3186    3.0880   -1.7261    1.7153   -0.7014
eta,q 0.97950  6.70549
  0.0217  0.0213  0.0211  0.0220  0.0212  0.0221  0.0213  0.0220  0.0211  0.0216  0.0210  0.0210
  0.0210  0.0208  0.0208  0.0213  0.0208  0.0214  0.0208  0.0212  0.0208  0.0210  0.0207  0.0207
  0.0206  0.0206  0.0206  0.0207  0.0206  0.0208  0.0206  0.0207  0.0206  0.0206  0.0206  0.0206
  0.0205  0.0205  0.0205  0.0205  0.0205  0.0205  0.0205  0.0205  0.0205  0.0205  0.0205  0.0205
  0.0206  0.0206  0.0206  0.0206  0.0206  0.0206  0.0206  0.0207  0.0206  0.0206  0.0205  0.0206
  0.0211  0.0208  0.0208  0.0211  0.0208  0.0212  0.0209  0.0212  0.0208  0.0210  0.0207  0.0207
  0.0217  0.0212  0.0212  0.0220  0.0212  0.0223  0.0213  0.0220  0.0211  0.0216  0.0210  0.0210
niter,ni,del,rscale     3    3    5.0000    0.6000
parameters
    0.7619  -20.7593   19.7417   -4.9962   -8.0214    3.2705
   -2.2577    0.3114    3.0823   -1.8157    1.7110   -0.7483
eta,q 0.97951  6.70903
  0.0214  0.0211  0.0210  0.0217  0.0210  0.0218  0.0211  0.0216  0.0209  0.0213  0.0208  0.0208
  0.0209  0.0207  0.0207  0.0211  0.0207  0.0212  0.0207  0.0210  0.0207  0.0208  0.0207  0.0206
  0.0206  0.0206  0.0206  0.0207  0.0206  0.0207  0.0206  0.0206  0.0205  0.0206  0.0205  0.0205
  0.0205  0.0205  0.0205  0.0205  0.0205  0.0205  0.0205  0.0205  0.0205  0.0205  0.0205  0.0205
  0.0206  0.0206  0.0206  0.0206  0.0205  0.0206  0.0206  0.0206  0.0205  0.0206  0.0205  0.0205
  0.0209  0.0208  0.0207  0.0210  0.0207  0.0210  0.0208  0.0210  0.0207  0.0209  0.0207  0.0207
  0.0214  0.0211  0.0210  0.0216  0.0210  0.0217  0.0211  0.0216  0.0209  0.0213  0.0209  0.0209
niter,ni,del,rscale     2    3    5.0000    0.5000
parameters
    0.7535  -20.7680   19.7623   -4.9559   -7.9954    3.3830
   -2.2610    0.3070    3.0642   -1.8885    1.7164   -0.7881
eta,q 0.97951  6.71243
  0.0211  0.0209  0.0208  0.0213  0.0208  0.0214  0.0209  0.0213  0.0208  0.0210  0.0207  0.0207
  0.0207  0.0207  0.0207  0.0209  0.0206  0.0210  0.0207  0.0208  0.0206  0.0207  0.0206  0.0206
  0.0206  0.0205  0.0205  0.0206  0.0205  0.0206  0.0205  0.0206  0.0205  0.0205  0.0205  0.0205
  0.0205  0.0205  0.0205  0.0205  0.0205  0.0205  0.0205  0.0205  0.0205  0.0205  0.0205  0.0205
  0.0206  0.0205  0.0205  0.0206  0.0205  0.0206  0.0205  0.0206  0.0205  0.0206  0.0205  0.0205
  0.0208  0.0207  0.0206  0.0208  0.0206  0.0208  0.0207  0.0208  0.0206  0.0208  0.0206  0.0206
  0.0211  0.0209  0.0208  0.0213  0.0208  0.0214  0.0209  0.0213  0.0208  0.0211  0.0207  0.0207
niter,ni,del,rscale     1    3    5.0000    0.4000
parameters
    0.7473  -20.7717   19.7842   -4.9309   -7.9967    3.4731
   -2.2761    0.3140    3.0261   -1.9337    1.7196   -0.7999
eta,q 0.97951  6.71440
  0.0209  0.0207  0.0207  0.0210  0.0207  0.0211  0.0207  0.0210  0.0207  0.0208  0.0206  0.0206
  0.0207  0.0206  0.0206  0.0207  0.0206  0.0208  0.0206  0.0207  0.0206  0.0206  0.0206  0.0206
  0.0205  0.0205  0.0205  0.0206  0.0205  0.0206  0.0205  0.0205  0.0205  0.0205  0.0205  0.0205
  0.0205  0.0205  0.0205  0.0205  0.0205  0.0205  0.0205  0.0205  0.0205  0.0205  0.0205  0.0205
  0.0205  0.0205  0.0205  0.0205  0.0205  0.0205  0.0205  0.0205  0.0205  0.0205  0.0205  0.0205
  0.0207  0.0206  0.0206  0.0207  0.0206  0.0207  0.0206  0.0207  0.0206  0.0207  0.0206  0.0206
  0.0209  0.0207  0.0207  0.0210  0.0207  0.0211  0.0207  0.0210  0.0207  0.0209  0.0206  0.0206
registration optimization eta report
parameter search radius
    0.8000    0.8000    0.8000    2.4000    2.4000    2.4000
    2.4000    2.4000    2.4000    2.4000    2.4000    2.4000
100000*second partial in parameter space
       62.       38.       33.        9.        4.       10.
        4.        9.        3.        6.        3.        3.
  0.0209  0.0207  0.0207  0.0210  0.0207  0.0211  0.0207  0.0210  0.0207  0.0208  0.0206  0.0206
  0.0207  0.0206  0.0206  0.0207  0.0206  0.0208  0.0206  0.0207  0.0206  0.0206  0.0206  0.0206
  0.0205  0.0205  0.0205  0.0206  0.0205  0.0206  0.0205  0.0205  0.0205  0.0205  0.0205  0.0205
  0.0205  0.0205  0.0205  0.0205  0.0205  0.0205  0.0205  0.0205  0.0205  0.0205  0.0205  0.0205
  0.0205  0.0205  0.0205  0.0205  0.0205  0.0205  0.0205  0.0205  0.0205  0.0205  0.0205  0.0205
  0.0207  0.0206  0.0206  0.0207  0.0206  0.0207  0.0206  0.0207  0.0206  0.0207  0.0206  0.0206
  0.0209  0.0207  0.0207  0.0210  0.0207  0.0211  0.0207  0.0210  0.0207  0.0209  0.0206  0.0206
    0.7473  -20.7717   19.7842   -4.9309   -7.9967    3.4731
   -2.2761    0.3140    3.0261   -1.9337    1.7196   -0.7999
eta,q 0.97951  6.71440

---------------------------------------------------------------------
compute_vox2vox talsrcimg talsrcimg_to_711-2C_as_mni_average_305_t4 /export/freesurfer-5.3-HCP/average/711-2C_as_mni_average_305
---------------------------------------------------------------------

$Id: compute_vox2vox.c,v 1.3 2010/02/27 01:41:53 nicks Exp $
Reading: talsrcimg.4dfp.ifh
Reading: talsrcimg_to_711-2C_as_mni_average_305_t4
Reading: /export/freesurfer-5.3-HCP/average/711-2C_as_mni_average_305.4dfp.ifh
Writing: talsrcimg_to_711-2C_as_mni_average_305_t4_vox2vox.txt

start time Sat Mar 29 19:14:33 CDT 2014
end		time Sat Mar 29 19:15:02 CDT 2014

mpr2mni305 success

avi2talxfm orig_nu.mgz /export/freesurfer-5.3-HCP/average/mni305.cor.mgz talsrcimg_to_711-2C_as_mni_average_305_t4_vox2vox.txt transforms/talairach.auto.xfm
avi2talxfm done
 
 
Sat Mar 29 19:15:04 CDT 2014
talairach_avi done
