/home/bverreman/Desktop/test2_high_res/mri
/usr/local/freesurfer/7.4.1/bin/mri_nu_correct.mni
--i orig.mgz --o nu.mgz --uchar transforms/talairach.xfm --cm --n 2 --ants-n4
nIters 2
mri_nu_correct.mni 7.4.1
Linux virtual-machine-pc 6.2.0-26-generic #26~22.04.1-Ubuntu SMP PREEMPT_DYNAMIC Thu Jul 13 16:27:29 UTC 2 x86_64 x86_64 x86_64 GNU/Linux
Fri Aug 18 12:16:51 EDT 2023
tmpdir is ./tmp.mri_nu_correct.mni.282556
cd /home/bverreman/Desktop/test2_high_res/mri
AntsN4BiasFieldCorrectionFs -i orig.mgz -o ./tmp.mri_nu_correct.mni.282556/nu0.mgz --dtype uchar
AntsN4BiasFieldCorrectionFs done
mri_binarize --i ./tmp.mri_nu_correct.mni.282556/nu0.mgz --min -1 --o ./tmp.mri_nu_correct.mni.282556/ones.mgz

7.4.1
cwd /home/bverreman/Desktop/test2_high_res/mri
cmdline mri_binarize --i ./tmp.mri_nu_correct.mni.282556/nu0.mgz --min -1 --o ./tmp.mri_nu_correct.mni.282556/ones.mgz 
sysname  Linux
hostname virtual-machine-pc
machine  x86_64
user     bverreman

input      ./tmp.mri_nu_correct.mni.282556/nu0.mgz
frame      0
nErode3d   0
nErode2d   0
output     ./tmp.mri_nu_correct.mni.282556/ones.mgz
Binarizing based on threshold
min        -1
max        +infinity
binval        1
binvalnot     0
fstart = 0, fend = 0, nframes = 1
Starting parallel 1
Found 30080231 values in range
Counting number of voxels in first frame
Found 30080230 voxels in final mask
Writing output to ./tmp.mri_nu_correct.mni.282556/ones.mgz
Count: 30080230 10317518.732223 30080231 99.999997
mri_binarize done
mri_segstats --id 1 --seg ./tmp.mri_nu_correct.mni.282556/ones.mgz --i orig.mgz --sum ./tmp.mri_nu_correct.mni.282556/sum.junk --avgwf ./tmp.mri_nu_correct.mni.282556/input.mean.dat

7.4.1
cwd 
cmdline mri_segstats --id 1 --seg ./tmp.mri_nu_correct.mni.282556/ones.mgz --i orig.mgz --sum ./tmp.mri_nu_correct.mni.282556/sum.junk --avgwf ./tmp.mri_nu_correct.mni.282556/input.mean.dat 
sysname  Linux
hostname virtual-machine-pc
machine  x86_64
user     bverreman
whitesurfname  white
UseRobust  0
Loading ./tmp.mri_nu_correct.mni.282556/ones.mgz
Loading orig.mgz
Voxel Volume is 0.343 mm^3
Generating list of segmentation ids
Found   1 segmentations
Computing statistics for each segmentation

Reporting on   1 segmentations
Using PrintSegStat
Computing spatial average of each frame

Writing to ./tmp.mri_nu_correct.mni.282556/input.mean.dat
mri_segstats done
mri_segstats --id 1 --seg ./tmp.mri_nu_correct.mni.282556/ones.mgz --i ./tmp.mri_nu_correct.mni.282556/nu0.mgz --sum ./tmp.mri_nu_correct.mni.282556/sum.junk --avgwf ./tmp.mri_nu_correct.mni.282556/output.mean.dat

7.4.1
cwd 
cmdline mri_segstats --id 1 --seg ./tmp.mri_nu_correct.mni.282556/ones.mgz --i ./tmp.mri_nu_correct.mni.282556/nu0.mgz --sum ./tmp.mri_nu_correct.mni.282556/sum.junk --avgwf ./tmp.mri_nu_correct.mni.282556/output.mean.dat 
sysname  Linux
hostname virtual-machine-pc
machine  x86_64
user     bverreman
whitesurfname  white
UseRobust  0
Loading ./tmp.mri_nu_correct.mni.282556/ones.mgz
Loading ./tmp.mri_nu_correct.mni.282556/nu0.mgz
Voxel Volume is 0.343 mm^3
Generating list of segmentation ids
Found   1 segmentations
Computing statistics for each segmentation

Reporting on   1 segmentations
Using PrintSegStat
Computing spatial average of each frame

Writing to ./tmp.mri_nu_correct.mni.282556/output.mean.dat
mri_segstats done
mris_calc -o ./tmp.mri_nu_correct.mni.282556/nu0.mgz ./tmp.mri_nu_correct.mni.282556/nu0.mgz mul 1.14262024026421191341
mri_convert ./tmp.mri_nu_correct.mni.282556/nu0.mgz nu.mgz --like orig.mgz
mri_convert ./tmp.mri_nu_correct.mni.282556/nu0.mgz nu.mgz --like orig.mgz 
reading from ./tmp.mri_nu_correct.mni.282556/nu0.mgz...
TR=2400.00, TE=0.00, TI=0.00, flip angle=0.00
i_ras = (-1, 0, 0)
j_ras = (0, 0, -1)
k_ras = (0, 1, 0)
INFO: transform src into the like-volume: orig.mgz
writing to nu.mgz...
mri_make_uchar nu.mgz transforms/talairach.xfm nu.mgz
type change took 0 minutes and 12 seconds.
FIRST_PERCENTILE 0.010000
WM_PERCENTILE    0.900000
MAX_R 50.000000
i1 = 6, i2 = 75
#mri_make_uchar# mapping 15 193 to  3 110  :  b -6.79348 m 0.604578 : thresh 11.2367 maxsat 433.019 : nzero 20611429 nsat 0
 
 
Fri Aug 18 12:23:14 EDT 2023
mri_nu_correct.mni done
