/home/bverreman/Desktop/test2_high_res/mri
/usr/local/freesurfer/7.4.1/bin/talairach_avi
--i orig_nu.mgz --xfm transforms/talairach.auto.xfm
talairach_avi 7.4.1
Linux virtual-machine-pc 6.2.0-26-generic #26~22.04.1-Ubuntu SMP PREEMPT_DYNAMIC Thu Jul 13 16:27:29 UTC 2 x86_64 x86_64 x86_64 GNU/Linux
Fri Aug 18 12:16:14 EDT 2023
mri_convert orig_nu.mgz talsrcimg.img 
reading from orig_nu.mgz...
TR=2400.00, TE=0.00, TI=0.00, flip angle=0.00
i_ras = (-1, 0, 0)
j_ras = (0, 0, -1)
k_ras = (0, 1, 0)
writing to talsrcimg.img...
Analyze Output Matrix
-0.70000   0.00000   0.00000   108.55000;
 0.00000   0.00000   0.70000  -126.70000;
 0.00000  -0.70000   0.00000   128.54999;
 0.00000   0.00000   0.00000   1.00000;
--------------------
INFO: set hdr.hist.orient to -1
mpr2mni305 talsrcimg
Fri Aug 18 12:16:15 EDT 2023
/usr/local/freesurfer/7.4.1/bin/mpr2mni305 talsrcimg
mpr2mni305 7.4.1
target=711-2C_as_mni_average_305

---------------------------------------------------------------------
analyzeto4dfp talsrcimg -O0 -y
---------------------------------------------------------------------

freesurfer ifh2hdr.c
Fri Aug 18 12:16:16 2023
Writing: talsrcimg.4dfp.hdr
freesurfer analyzeto4dfp.c
Reading: talsrcimg.hdr
header size 348 bytes
hdr.dime.datatype	offset=70	value=2
hdr.dime.bitpix		offset=72	value=8
hdr.hist.orient		offset=252	value=-1
dimensionality     4
dimensions       311       311       311         1
Reading: talsrcimg.img
Writing: talsrcimg.4dfp.img
Writing: talsrcimg.4dfp.ifh
ifh2hdr talsrcimg -r0to252
ori=2

---------------------------------------------------------------------
gauss_4dfp talsrcimg 1.1
---------------------------------------------------------------------

freesurfer gauss_4dfp.c
Reading: talsrcimg.4dfp.img
Writing: talsrcimg_g11.4dfp.img
image dimensions 311 311 311 padded to 384 384 384
processing volume 1freesurfer ifh2hdr.c
Fri Aug 18 12:16:32 2023
Writing: talsrcimg_g11.4dfp.hdr

Writing: talsrcimg_g11.4dfp.ifh
including: talsrcimg.4dfp.img.rec in talsrcimg_g11.4dfp.img.rec

---------------------------------------------------------------------
imgreg_4dfp /usr/local/freesurfer/7.4.1/average/711-2C_as_mni_average_305 none talsrcimg_g11 none talsrcimg_to_711-2C_as_mni_average_305_t4 4355
---------------------------------------------------------------------

freesurfer imgreg_4dfp.c
/usr/local/freesurfer/7.4.1/average/711-2C_as_mni_average_305.4dfp.img
       256       256       256         1
  1.000000  1.000000  1.000000
orientation T byte_order littleendian
Reading image: /usr/local/freesurfer/7.4.1/average/711-2C_as_mni_average_305.4dfp.img
dimensions:      256       256       256
mmppix:       1.0000   -1.0000   -1.0000
center:     128.0000 -129.0000 -129.0000
talsrcimg_g11.4dfp.img
       311       311       311         1
  0.700000  0.700000  0.700000
orientation T byte_order littleendian
Reading image: talsrcimg_g11.4dfp.img
dimensions:      311       311       311
mmppix:       0.7000   -0.7000   -0.7000
center:     109.2000 -109.2000 -109.2000
t4_read: open error in t4_sub.f l:  41 t4_file(1:l)talsrcimg_to_711-2C_as_mni_average_305_t4 
t4_read: transform initialized to I4
rotation matrix determinant  1.000000
image alignment mode   4355 decimal     1103 hex
   -7.5000  -45.0000  -45.0000 5969.0586   10.2755
    0.0000  -45.0000  -45.0000 6289.4414   10.2709
    7.5000  -45.0000  -45.0000 6005.9170   10.2363
   -7.5000  -37.5000  -45.0000 6170.4253   10.3214
    0.0000  -37.5000  -45.0000 6511.9829   10.3145
    7.5000  -37.5000  -45.0000 6217.8911   10.2776
   -7.5000  -30.0000  -45.0000 6403.4888   11.0280
    0.0000  -30.0000  -45.0000 6758.9316   11.0205
    7.5000  -30.0000  -45.0000 6454.8540   10.9757
   -7.5000  -22.5000  -45.0000 6678.2773   11.3530
    0.0000  -22.5000  -45.0000 7042.4790   11.3468
    7.5000  -22.5000  -45.0000 6738.8696   11.2972
   -7.5000  -15.0000  -45.0000 7129.1948   11.2817
    0.0000  -15.0000  -45.0000 7515.3750   11.2773
    7.5000  -15.0000  -45.0000 7192.5156   11.2303
   -7.5000   -7.5000  -45.0000 7508.6851   11.2072
    0.0000   -7.5000  -45.0000 7886.3555   11.2032
    7.5000   -7.5000  -45.0000 7532.8311   11.1621
   -7.5000    0.0000  -45.0000 7582.6040   11.1922
    0.0000    0.0000  -45.0000 7954.6792   11.1865
    7.5000    0.0000  -45.0000 7597.2246   11.1485
   -7.5000    7.5000  -45.0000 6999.2236   11.2653
    0.0000    7.5000  -45.0000 7325.7451   11.2573
    7.5000    7.5000  -45.0000 7012.3252   11.2167
   -7.5000   15.0000  -45.0000 6371.3989   11.1984
    0.0000   15.0000  -45.0000 6659.1821   11.1904
    7.5000   15.0000  -45.0000 6387.4043   11.1448
   -7.5000   22.5000  -45.0000 5827.8145   10.9258
    0.0000   22.5000  -45.0000 6088.2339   10.9197
    7.5000   22.5000  -45.0000 5839.5039   10.8719
   -7.5000   30.0000  -45.0000 5401.2007   10.9908
    0.0000   30.0000  -45.0000 5644.0674   10.9877
    7.5000   30.0000  -45.0000 5422.7373   10.9414
   -7.5000   37.5000  -45.0000 4956.1924   11.0420
    0.0000   37.5000  -45.0000 5178.4585   11.0368
    7.5000   37.5000  -45.0000 4978.2944   10.9923
   -7.5000   45.0000  -45.0000 4677.8960   11.5905
    0.0000   45.0000  -45.0000 4888.8394   11.5825
    7.5000   45.0000  -45.0000 4683.2759   11.5363
   -7.5000  -45.0000  -37.5000 6362.0801   10.0146
    0.0000  -45.0000  -37.5000 6731.0249   10.0129
    7.5000  -45.0000  -37.5000 6401.4673    9.9733
   -7.5000  -37.5000  -37.5000 6572.5381   10.0500
    0.0000  -37.5000  -37.5000 6949.5259   10.0466
    7.5000  -37.5000  -37.5000 6606.2490   10.0070
   -7.5000  -30.0000  -37.5000 6803.9307   10.7315
    0.0000  -30.0000  -37.5000 7192.1802   10.7265
    7.5000  -30.0000  -37.5000 6838.3691   10.6797
   -7.5000  -22.5000  -37.5000 7086.8086   11.0514
    0.0000  -22.5000  -37.5000 7486.5586   11.0468
    7.5000  -22.5000  -37.5000 7119.5796   10.9940
   -7.5000  -15.0000  -37.5000 7554.4771   10.9920
    0.0000  -15.0000  -37.5000 7969.6255   10.9891
    7.5000  -15.0000  -37.5000 7589.0190   10.9368
   -7.5000   -7.5000  -37.5000 7931.0542   10.9260
    0.0000   -7.5000  -37.5000 8339.8545   10.9239
    7.5000   -7.5000  -37.5000 7943.4365   10.8761
   -7.5000    0.0000  -37.5000 8003.6987   10.9076
    0.0000    0.0000  -37.5000 8415.0615   10.9050
    7.5000    0.0000  -37.5000 8014.8647   10.8616
   -7.5000    7.5000  -37.5000 7376.0015   10.9694
    0.0000    7.5000  -37.5000 7746.3369   10.9651
    7.5000    7.5000  -37.5000 7391.5107   10.9216
   -7.5000   15.0000  -37.5000 6698.7622   10.8981
    0.0000   15.0000  -37.5000 7029.0142   10.8927
    7.5000   15.0000  -37.5000 6715.6113   10.8450
   -7.5000   22.5000  -37.5000 6109.7754   10.6355
    0.0000   22.5000  -37.5000 6410.3027   10.6310
    7.5000   22.5000  -37.5000 6127.5918   10.5801
   -7.5000   30.0000  -37.5000 5642.9717   10.7030
    0.0000   30.0000  -37.5000 5897.1514   10.7017
    7.5000   30.0000  -37.5000 5667.6416   10.6511
   -7.5000   37.5000  -37.5000 5174.9346   10.7581
    0.0000   37.5000  -37.5000 5401.3740   10.7567
    7.5000   37.5000  -37.5000 5201.8408   10.7085
   -7.5000   45.0000  -37.5000 4878.3164   11.2916
    0.0000   45.0000  -37.5000 5082.6431   11.2879
    7.5000   45.0000  -37.5000 4880.1162   11.2367
   -7.5000  -45.0000  -30.0000 6870.6914   10.3899
    0.0000  -45.0000  -30.0000 7276.2812   10.3877
    7.5000  -45.0000  -30.0000 6911.7729   10.3452
   -7.5000  -37.5000  -30.0000 7104.0879   10.4241
    0.0000  -37.5000  -30.0000 7523.2505   10.4215
    7.5000  -37.5000  -30.0000 7130.1274   10.3800
   -7.5000  -30.0000  -30.0000 7345.1499   11.1323
    0.0000  -30.0000  -30.0000 7779.5576   11.1293
    7.5000  -30.0000  -30.0000 7376.7012   11.0820
   -7.5000  -22.5000  -30.0000 7654.1294   11.4433
    0.0000  -22.5000  -30.0000 8104.3291   11.4410
    7.5000  -22.5000  -30.0000 7678.1143   11.3884
   -7.5000  -15.0000  -30.0000 8144.5386   11.3834
    0.0000  -15.0000  -30.0000 8617.3223   11.3816
    7.5000  -15.0000  -30.0000 8177.2681   11.3286
   -7.5000   -7.5000  -30.0000 8505.3848   11.3189
    0.0000   -7.5000  -30.0000 8990.4785   11.3164
    7.5000   -7.5000  -30.0000 8511.0068   11.2660
   -7.5000    0.0000  -30.0000 8571.6338   11.3017
    0.0000    0.0000  -30.0000 9055.1328   11.2987
    7.5000    0.0000  -30.0000 8582.7832   11.2522
   -7.5000    7.5000  -30.0000 7890.3730   11.3629
    0.0000    7.5000  -30.0000 8330.5381   11.3595
    7.5000    7.5000  -30.0000 7904.4097   11.3141
   -7.5000   15.0000  -30.0000 7162.1265   11.2871
    0.0000   15.0000  -30.0000 7548.0854   11.2837
    7.5000   15.0000  -30.0000 7187.6431   11.2356
   -7.5000   22.5000  -30.0000 6526.2012   11.0205
    0.0000   22.5000  -30.0000 6858.7163   11.0181
    7.5000   22.5000  -30.0000 6536.3325   10.9674
   -7.5000   30.0000  -30.0000 6001.8896   11.0925
    0.0000   30.0000  -30.0000 6297.3242   11.0910
    7.5000   30.0000  -30.0000 6031.4956   11.0398
   -7.5000   37.5000  -30.0000 5503.9849   11.1413
    0.0000   37.5000  -30.0000 5756.7847   11.1383
    7.5000   37.5000  -30.0000 5528.7959   11.0878
   -7.5000   45.0000  -30.0000 5170.2031   11.6962
    0.0000   45.0000  -30.0000 5382.6606   11.6895
    7.5000   45.0000  -30.0000 5172.5801   11.6341
   -7.5000  -45.0000  -22.5000 7410.7178   10.7794
    0.0000  -45.0000  -22.5000 7836.7485   10.7749
    7.5000  -45.0000  -22.5000 7443.2466   10.7347
   -7.5000  -37.5000  -22.5000 7632.0825   10.8175
    0.0000  -37.5000  -22.5000 8083.1826   10.8131
    7.5000  -37.5000  -22.5000 7661.2397   10.7729
   -7.5000  -30.0000  -22.5000 7896.9297   11.5539
    0.0000  -30.0000  -22.5000 8368.3545   11.5512
    7.5000  -30.0000  -22.5000 7932.3809   11.5064
   -7.5000  -22.5000  -22.5000 8230.4912   11.8534
    0.0000  -22.5000  -22.5000 8746.2822   11.8525
    7.5000  -22.5000  -22.5000 8262.0439   11.8049
   -7.5000  -15.0000  -22.5000 8727.7920   11.7869
    0.0000  -15.0000  -22.5000 9283.0967   11.7857
    7.5000  -15.0000  -22.5000 8758.7646   11.7387
   -7.5000   -7.5000  -22.5000 9055.5508   11.7229
    0.0000   -7.5000  -22.5000 9609.7744   11.7191
    7.5000   -7.5000  -22.5000 9076.1904   11.6737
   -7.5000    0.0000  -22.5000 9115.5254   11.7129
    0.0000    0.0000  -22.5000 9660.8027   11.7073
    7.5000    0.0000  -22.5000 9134.8760   11.6633
   -7.5000    7.5000  -22.5000 8388.1787   11.7789
    0.0000    7.5000  -22.5000 8892.9287   11.7735
    7.5000    7.5000  -22.5000 8408.8213   11.7295
   -7.5000   15.0000  -22.5000 7625.2769   11.6986
    0.0000   15.0000  -22.5000 8070.6987   11.6955
    7.5000   15.0000  -22.5000 7652.8877   11.6500
   -7.5000   22.5000  -22.5000 6935.7437   11.4236
    0.0000   22.5000  -22.5000 7314.0923   11.4225
    7.5000   22.5000  -22.5000 6958.6582   11.3766
   -7.5000   30.0000  -22.5000 6365.7622   11.5038
    0.0000   30.0000  -22.5000 6701.1592   11.5012
    7.5000   30.0000  -22.5000 6400.0405   11.4552
   -7.5000   37.5000  -22.5000 5821.2256   11.5530
    0.0000   37.5000  -22.5000 6100.1245   11.5457
    7.5000   37.5000  -22.5000 5842.7754   11.4972
   -7.5000   45.0000  -22.5000 5460.4141   12.1358
    0.0000   45.0000  -22.5000 5685.1055   12.1229
    7.5000   45.0000  -22.5000 5465.6733   12.0678
   -7.5000  -45.0000  -15.0000 7921.0195   11.1235
    0.0000  -45.0000  -15.0000 8383.0225   11.1172
    7.5000  -45.0000  -15.0000 7950.3706   11.0806
   -7.5000  -37.5000  -15.0000 8151.7207   11.1692
    0.0000  -37.5000  -15.0000 8635.7832   11.1624
    7.5000  -37.5000  -15.0000 8188.3613   11.1236
   -7.5000  -30.0000  -15.0000 8435.7549   11.9392
    0.0000  -30.0000  -15.0000 8943.7334   11.9345
    7.5000  -30.0000  -15.0000 8461.7217   11.8909
   -7.5000  -22.5000  -15.0000 8787.6191   12.2300
    0.0000  -22.5000  -15.0000 9354.0381   12.2277
    7.5000  -22.5000  -15.0000 8820.1436   12.1826
   -7.5000  -15.0000  -15.0000 9294.0498   12.1530
    0.0000  -15.0000  -15.0000 9896.5234   12.1507
    7.5000  -15.0000  -15.0000 9326.0420   12.1081
   -7.5000   -7.5000  -15.0000 9617.4355   12.0839
    0.0000   -7.5000  -15.000010230.1348   12.0791
    7.5000   -7.5000  -15.0000 9635.5469   12.0390
   -7.5000    0.0000  -15.0000 9670.6621   12.0793
    0.0000    0.0000  -15.000010270.3047   12.0717
    7.5000    0.0000  -15.0000 9685.5186   12.0316
   -7.5000    7.5000  -15.0000 8891.1113   12.1540
    0.0000    7.5000  -15.0000 9432.8545   12.1460
    7.5000    7.5000  -15.0000 8914.0859   12.1035
   -7.5000   15.0000  -15.0000 8064.7554   12.0761
    0.0000   15.0000  -15.0000 8552.8506   12.0710
    7.5000   15.0000  -15.0000 8100.2432   12.0268
   -7.5000   22.5000  -15.0000 7337.9287   11.7949
    0.0000   22.5000  -15.0000 7769.2168   11.7925
    7.5000   22.5000  -15.0000 7368.6240   11.7489
   -7.5000   30.0000  -15.0000 6716.3198   11.8797
    0.0000   30.0000  -15.0000 7099.3096   11.8756
    7.5000   30.0000  -15.0000 6749.7764   11.8327
   -7.5000   37.5000  -15.0000 6121.6553   11.9351
    0.0000   37.5000  -15.0000 6438.7134   11.9245
    7.5000   37.5000  -15.0000 6145.9253   11.8776
   -7.5000   45.0000  -15.0000 5741.2354   12.5418
    0.0000   45.0000  -15.0000 5995.6396   12.5253
    7.5000   45.0000  -15.0000 5749.4209   12.4726
   -7.5000  -45.0000   -7.5000 8411.6748   11.4676
    0.0000  -45.0000   -7.5000 8921.8145   11.4612
    7.5000  -45.0000   -7.5000 8458.7441   11.4250
   -7.5000  -37.5000   -7.5000 8667.7041   11.5177
    0.0000  -37.5000   -7.5000 9183.9053   11.5095
    7.5000  -37.5000   -7.5000 8719.6475   11.4700
   -7.5000  -30.0000   -7.5000 8968.3076   12.3162
    0.0000  -30.0000   -7.5000 9516.9258   12.3092
    7.5000  -30.0000   -7.5000 8994.3037   12.2626
   -7.5000  -22.5000   -7.5000 9334.2168   12.6066
    0.0000  -22.5000   -7.5000 9928.6455   12.6018
    7.5000  -22.5000   -7.5000 9362.1855   12.5523
   -7.5000  -15.0000   -7.5000 9862.1016   12.5237
    0.0000  -15.0000   -7.500010500.5957   12.5198
    7.5000  -15.0000   -7.5000 9898.8232   12.4736
   -7.5000   -7.5000   -7.500010181.2031   12.4469
    0.0000   -7.5000   -7.500010836.7861   12.4419
    7.5000   -7.5000   -7.500010213.3154   12.4010
   -7.5000    0.0000   -7.500010227.0322   12.4402
    0.0000    0.0000   -7.500010863.9785   12.4325
    7.5000    0.0000   -7.500010252.1260   12.3928
   -7.5000    7.5000   -7.5000 9391.0039   12.5203
    0.0000    7.5000   -7.5000 9966.3691   12.5109
    7.5000    7.5000   -7.5000 9419.1533   12.4677
   -7.5000   15.0000   -7.5000 8509.9326   12.4483
    0.0000   15.0000   -7.5000 9032.1738   12.4409
    7.5000   15.0000   -7.5000 8546.4482   12.3936
   -7.5000   22.5000   -7.5000 7737.5889   12.1673
    0.0000   22.5000   -7.5000 8196.3682   12.1625
    7.5000   22.5000   -7.5000 7765.7407   12.1146
   -7.5000   30.0000   -7.5000 7075.9097   12.2611
    0.0000   30.0000   -7.5000 7500.7861   12.2566
    7.5000   30.0000   -7.5000 7115.5322   12.2097
   -7.5000   37.5000   -7.5000 6439.3945   12.3274
    0.0000   37.5000   -7.5000 6779.6587   12.3171
    7.5000   37.5000   -7.5000 6466.2114   12.2681
   -7.5000   45.0000   -7.5000 6033.2603   12.9537
    0.0000   45.0000   -7.5000 6318.9360   12.9391
    7.5000   45.0000   -7.5000 6031.9897   12.8867
   -7.5000  -45.0000    0.0000 8893.3672   11.7312
    0.0000  -45.0000    0.0000 9406.4297   11.7273
    7.5000  -45.0000    0.0000 8938.5449   11.6878
   -7.5000  -37.5000    0.0000 9191.4482   11.7779
    0.0000  -37.5000    0.0000 9715.0742   11.7712
    7.5000  -37.5000    0.0000 9236.2793   11.7290
   -7.5000  -30.0000    0.0000 9489.7842   12.5934
    0.0000  -30.0000    0.000010078.0703   12.5856
    7.5000  -30.0000    0.0000 9532.7578   12.5342
   -7.5000  -22.5000    0.0000 9861.5908   12.8908
    0.0000  -22.5000    0.000010453.6094   12.8842
    7.5000  -22.5000    0.0000 9891.5186   12.8273
   -7.5000  -15.0000    0.000010419.3730   12.8115
    0.0000  -15.0000    0.000011036.0430   12.8071
    7.5000  -15.0000    0.000010464.8984   12.7529
   -7.5000   -7.5000    0.000010735.0469   12.7294
    0.0000   -7.5000    0.000011385.3037   12.7259
    7.5000   -7.5000    0.000010761.4609   12.6787
   -7.5000    0.0000    0.000010780.4561   12.7134
    0.0000    0.0000    0.000011427.3779   12.7083
    7.5000    0.0000    0.000010794.1533   12.6651
   -7.5000    7.5000    0.0000 9895.7998   12.7902
    0.0000    7.5000    0.000010484.0293   12.7824
    7.5000    7.5000    0.0000 9911.9307   12.7363
   -7.5000   15.0000    0.0000 9001.2754   12.7226
    0.0000   15.0000    0.0000 9544.8877   12.7144
    7.5000   15.0000    0.0000 9031.6309   12.6624
   -7.5000   22.5000    0.0000 8172.1270   12.4491
    0.0000   22.5000    0.0000 8656.6035   12.4427
    7.5000   22.5000    0.0000 8201.8203   12.3876
   -7.5000   30.0000    0.0000 7469.7285   12.5546
    0.0000   30.0000    0.0000 7908.4639   12.5513
    7.5000   30.0000    0.0000 7499.1436   12.4969
   -7.5000   37.5000    0.0000 6761.2983   12.6324
    0.0000   37.5000    0.0000 7138.9795   12.6264
    7.5000   37.5000    0.0000 6779.8291   12.5734
   -7.5000   45.0000    0.0000 6304.1484   13.2648
    0.0000   45.0000    0.0000 6633.4092   13.2564
    7.5000   45.0000    0.0000 6303.7671   13.2017
   -7.5000  -45.0000    7.5000 8617.5244   11.7396
    0.0000  -45.0000    7.5000 9050.5361   11.7379
    7.5000  -45.0000    7.5000 8641.5908   11.6939
   -7.5000  -37.5000    7.5000 8974.4482   11.7788
    0.0000  -37.5000    7.5000 9488.7383   11.7751
    7.5000  -37.5000    7.5000 9018.4072   11.7309
   -7.5000  -30.0000    7.5000 9352.8213   12.5920
    0.0000  -30.0000    7.5000 9959.0693   12.5862
    7.5000  -30.0000    7.5000 9420.0508   12.5332
   -7.5000  -22.5000    7.5000 9698.8994   12.8947
    0.0000  -22.5000    7.500010219.9746   12.8891
    7.5000  -22.5000    7.5000 9747.9834   12.8291
   -7.5000  -15.0000    7.500010216.5176   12.8238
    0.0000  -15.0000    7.500010701.4150   12.8200
    7.5000  -15.0000    7.500010252.9375   12.7608
   -7.5000   -7.5000    7.500010493.1943   12.7445
    0.0000   -7.5000    7.500011000.1738   12.7420
    7.5000   -7.5000    7.500010507.6201   12.6888
   -7.5000    0.0000    7.500010528.9893   12.7226
    0.0000    0.0000    7.500011086.3369   12.7200
    7.5000    0.0000    7.500010539.7588   12.6720
   -7.5000    7.5000    7.5000 9689.5010   12.7913
    0.0000    7.5000    7.500010224.7305   12.7867
    7.5000    7.5000    7.5000 9698.3369   12.7385
   -7.5000   15.0000    7.5000 8831.8896   12.7214
    0.0000   15.0000    7.5000 9356.7490   12.7152
    7.5000   15.0000    7.5000 8855.3623   12.6615
   -7.5000   22.5000    7.5000 7989.2935   12.4530
    0.0000   22.5000    7.5000 8472.7188   12.4475
    7.5000   22.5000    7.5000 8015.4507   12.3895
   -7.5000   30.0000    7.5000 7295.4941   12.5642
    0.0000   30.0000    7.5000 7727.8184   12.5619
    7.5000   30.0000    7.5000 7319.1665   12.5035
   -7.5000   37.5000    7.5000 6581.8799   12.6461
    0.0000   37.5000    7.5000 6946.2002   12.6433
    7.5000   37.5000    7.5000 6592.4058   12.5877
   -7.5000   45.0000    7.5000 6116.0010   13.2709
    0.0000   45.0000    7.5000 6422.8232   13.2661
    7.5000   45.0000    7.5000 6097.0400   13.2077
   -7.5000  -45.0000   15.0000 8300.6016   11.7526
    0.0000  -45.0000   15.0000 8673.3770   11.7503
    7.5000  -45.0000   15.0000 8321.1406   11.7047
   -7.5000  -37.5000   15.0000 8677.6826   11.7884
    0.0000  -37.5000   15.0000 9198.4434   11.7858
    7.5000  -37.5000   15.0000 8744.4209   11.7413
   -7.5000  -30.0000   15.0000 9125.5098   12.5958
    0.0000  -30.0000   15.0000 9742.4619   12.5926
    7.5000  -30.0000   15.0000 9229.8730   12.5414
   -7.5000  -22.5000   15.0000 9541.0117   12.8952
    0.0000  -22.5000   15.000010040.0479   12.8927
    7.5000  -22.5000   15.0000 9620.1113   12.8358
   -7.5000  -15.0000   15.000010073.0029   12.8277
    0.0000  -15.0000   15.000010509.3232   12.8258
    7.5000  -15.0000   15.000010099.9678   12.7685
   -7.5000   -7.5000   15.000010276.6182   12.7556
    0.0000   -7.5000   15.000010734.3643   12.7528
    7.5000   -7.5000   15.000010262.4551   12.6988
   -7.5000    0.0000   15.000010258.5781   12.7368
    0.0000    0.0000   15.000010759.2227   12.7336
    7.5000    0.0000   15.000010248.2959   12.6840
   -7.5000    7.5000   15.0000 9383.0684   12.8018
    0.0000    7.5000   15.0000 9889.1943   12.7983
    7.5000    7.5000   15.0000 9393.3936   12.7497
   -7.5000   15.0000   15.0000 8532.8594   12.7252
    0.0000   15.0000   15.0000 9038.7451   12.7216
    7.5000   15.0000   15.0000 8562.2656   12.6696
   -7.5000   22.5000   15.0000 7707.0269   12.4536
    0.0000   22.5000   15.0000 8183.4321   12.4510
    7.5000   22.5000   15.0000 7734.5225   12.3959
   -7.5000   30.0000   15.0000 7028.0327   12.5682
    0.0000   30.0000   15.0000 7446.7383   12.5664
    7.5000   30.0000   15.0000 7055.7749   12.5104
   -7.5000   37.5000   15.0000 6321.0732   12.6532
    0.0000   37.5000   15.0000 6673.9214   12.6493
    7.5000   37.5000   15.0000 6339.5093   12.5940
   -7.5000   45.0000   15.0000 5854.1152   13.2794
    0.0000   45.0000   15.0000 6130.1606   13.2716
    7.5000   45.0000   15.0000 5837.0288   13.2109
   -7.5000  -45.0000   22.5000 7935.6235   11.7822
    0.0000  -45.0000   22.5000 8310.1533   11.7778
    7.5000  -45.0000   22.5000 7964.0503   11.7350
   -7.5000  -37.5000   22.5000 8248.3086   11.8222
    0.0000  -37.5000   22.5000 8711.4004   11.8177
    7.5000  -37.5000   22.5000 8308.9131   11.7747
   -7.5000  -30.0000   22.5000 8598.4971   12.6345
    0.0000  -30.0000   22.5000 9090.7236   12.6318
    7.5000  -30.0000   22.5000 8696.8809   12.5836
   -7.5000  -22.5000   22.5000 9015.3281   12.9298
    0.0000  -22.5000   22.5000 9525.5684   12.9291
    7.5000  -22.5000   22.5000 9107.4004   12.8781
   -7.5000  -15.0000   22.5000 9597.0283   12.8570
    0.0000  -15.0000   22.500010131.2090   12.8562
    7.5000  -15.0000   22.5000 9650.6289   12.8060
   -7.5000   -7.5000   22.5000 9739.5684   12.7869
    0.0000   -7.5000   22.500010283.4004   12.7834
    7.5000   -7.5000   22.5000 9752.4561   12.7352
   -7.5000    0.0000   22.5000 9688.8008   12.7761
    0.0000    0.0000   22.500010204.9902   12.7705
    7.5000    0.0000   22.5000 9705.1211   12.7238
   -7.5000    7.5000   22.5000 8851.3701   12.8456
    0.0000    7.5000   22.5000 9318.4697   12.8401
    7.5000    7.5000   22.5000 8877.0146   12.7931
   -7.5000   15.0000   22.5000 8070.2217   12.7649
    0.0000   15.0000   22.5000 8515.3818   12.7618
    7.5000   15.0000   22.5000 8108.9658   12.7129
   -7.5000   22.5000   22.5000 7322.8325   12.4928
    0.0000   22.5000   22.5000 7724.9800   12.4919
    7.5000   22.5000   22.5000 7354.7617   12.4426
   -7.5000   30.0000   22.5000 6678.7383   12.6151
    0.0000   30.0000   22.5000 7031.1709   12.6126
    7.5000   30.0000   22.5000 6703.9761   12.5632
   -7.5000   37.5000   22.5000 5996.0054   12.7077
    0.0000   37.5000   22.5000 6305.2432   12.7001
    7.5000   37.5000   22.5000 6008.5288   12.6480
   -7.5000   45.0000   22.5000 5544.8071   13.3496
    0.0000   45.0000   22.5000 5802.8457   13.3357
    7.5000   45.0000   22.5000 5537.7622   13.2764
   -7.5000  -45.0000   30.0000 7553.0298   11.6799
    0.0000  -45.0000   30.0000 7962.0488   11.6729
    7.5000  -45.0000   30.0000 7591.9995   11.6339
   -7.5000  -37.5000   30.0000 7813.3208   11.7268
    0.0000  -37.5000   30.0000 8228.3457   11.7192
    7.5000  -37.5000   30.0000 7868.0195   11.6778
   -7.5000  -30.0000   30.0000 8093.1230   12.5376
    0.0000  -30.0000   30.0000 8490.0381   12.5324
    7.5000  -30.0000   30.0000 8155.3916   12.4859
   -7.5000  -22.5000   30.0000 8464.8125   12.8173
    0.0000  -22.5000   30.0000 8892.8242   12.8149
    7.5000  -22.5000   30.0000 8528.6250   12.7669
   -7.5000  -15.0000   30.0000 9018.1895   12.7365
    0.0000  -15.0000   30.0000 9502.9268   12.7342
    7.5000  -15.0000   30.0000 9064.1182   12.6889
   -7.5000   -7.5000   30.0000 9134.9258   12.6641
    0.0000   -7.5000   30.0000 9632.7031   12.6590
    7.5000   -7.5000   30.0000 9176.9316   12.6163
   -7.5000    0.0000   30.0000 9099.7090   12.6593
    0.0000    0.0000   30.0000 9577.7100   12.6509
    7.5000    0.0000   30.0000 9147.2578   12.6082
   -7.5000    7.5000   30.0000 8334.1074   12.7362
    0.0000    7.5000   30.0000 8755.1816   12.7272
    7.5000    7.5000   30.0000 8368.4307   12.6820
   -7.5000   15.0000   30.0000 7627.3716   12.6567
    0.0000   15.0000   30.0000 8028.9556   12.6510
    7.5000   15.0000   30.0000 7656.4263   12.6039
   -7.5000   22.5000   30.0000 6919.1343   12.3841
    0.0000   22.5000   30.0000 7281.7002   12.3815
    7.5000   22.5000   30.0000 6943.2124   12.3351
   -7.5000   30.0000   30.0000 6299.1138   12.5042
    0.0000   30.0000   30.0000 6617.2549   12.4999
    7.5000   30.0000   30.0000 6316.7402   12.4540
   -7.5000   37.5000   30.0000 5658.1089   12.5953
    0.0000   37.5000   30.0000 5940.0601   12.5839
    7.5000   37.5000   30.0000 5672.5791   12.5335
   -7.5000   45.0000   30.0000 5231.7612   13.2448
    0.0000   45.0000   30.0000 5462.9194   13.2266
    7.5000   45.0000   30.0000 5227.3682   13.1700
   -7.5000  -45.0000   37.5000 7114.0015   11.6204
    0.0000  -45.0000   37.5000 7492.9297   11.6133
    7.5000  -45.0000   37.5000 7154.7568   11.5748
   -7.5000  -37.5000   37.5000 7338.4067   11.6716
    0.0000  -37.5000   37.5000 7699.8071   11.6627
    7.5000  -37.5000   37.5000 7365.4263   11.6209
   -7.5000  -30.0000   37.5000 7564.1704   12.4905
    0.0000  -30.0000   37.5000 7905.6841   12.4826
    7.5000  -30.0000   37.5000 7589.3359   12.4334
   -7.5000  -22.5000   37.5000 7891.9126   12.7629
    0.0000  -22.5000   37.5000 8270.0117   12.7574
    7.5000  -22.5000   37.5000 7923.2808   12.7050
   -7.5000  -15.0000   37.5000 8405.3066   12.6780
    0.0000  -15.0000   37.5000 8809.8652   12.6735
    7.5000  -15.0000   37.5000 8427.3311   12.6245
   -7.5000   -7.5000   37.5000 8518.9785   12.5956
    0.0000   -7.5000   37.5000 8912.1055   12.5900
    7.5000   -7.5000   37.5000 8530.5596   12.5464
   -7.5000    0.0000   37.5000 8511.0117   12.5847
    0.0000    0.0000   37.5000 8906.4541   12.5762
    7.5000    0.0000   37.5000 8523.2666   12.5341
   -7.5000    7.5000   37.5000 7799.8008   12.6659
    0.0000    7.5000   37.5000 8165.9712   12.6556
    7.5000    7.5000   37.5000 7810.7651   12.6100
   -7.5000   15.0000   37.5000 7150.1523   12.5958
    0.0000   15.0000   37.5000 7497.8672   12.5875
    7.5000   15.0000   37.5000 7169.5161   12.5376
   -7.5000   22.5000   37.5000 6463.5752   12.3307
    0.0000   22.5000   37.5000 6776.8955   12.3252
    7.5000   22.5000   37.5000 6487.4233   12.2745
   -7.5000   30.0000   37.5000 5880.3965   12.4535
    0.0000   30.0000   37.5000 6160.1660   12.4486
    7.5000   30.0000   37.5000 5907.0708   12.3985
   -7.5000   37.5000   37.5000 5314.0640   12.5426
    0.0000   37.5000   37.5000 5549.9785   12.5315
    7.5000   37.5000   37.5000 5321.3872   12.4789
   -7.5000   45.0000   37.5000 4915.7417   13.1825
    0.0000   45.0000   37.5000 5120.9883   13.1666
    7.5000   45.0000   37.5000 4903.8101   13.1106
   -7.5000  -45.0000   45.0000 6909.2749   11.9651
    0.0000  -45.0000   45.0000 7282.5400   11.9612
    7.5000  -45.0000   45.0000 6943.2383   11.9206
   -7.5000  -37.5000   45.0000 7096.4336   12.0186
    0.0000  -37.5000   45.0000 7463.6904   12.0119
    7.5000  -37.5000   45.0000 7126.8315   11.9682
   -7.5000  -30.0000   45.0000 7311.8384   12.8712
    0.0000  -30.0000   45.0000 7669.3247   12.8634
    7.5000  -30.0000   45.0000 7344.9722   12.8100
   -7.5000  -22.5000   45.0000 7631.7852   13.1601
    0.0000  -22.5000   45.0000 8015.5488   13.1541
    7.5000  -22.5000   45.0000 7658.7886   13.0949
   -7.5000  -15.0000   45.0000 8121.7446   13.0721
    0.0000  -15.0000   45.0000 8520.3066   13.0685
    7.5000  -15.0000   45.0000 8132.2935   13.0125
   -7.5000   -7.5000   45.0000 8226.7266   12.9781
    0.0000   -7.5000   45.0000 8613.9414   12.9753
    7.5000   -7.5000   45.0000 8225.0439   12.9269
   -7.5000    0.0000   45.0000 8229.9297   12.9581
    0.0000    0.0000   45.0000 8618.9932   12.9531
    7.5000    0.0000   45.0000 8225.0967   12.9088
   -7.5000    7.5000   45.0000 7562.9834   13.0430
    0.0000    7.5000   45.0000 7928.8979   13.0350
    7.5000    7.5000   45.0000 7564.8325   12.9874
   -7.5000   15.0000   45.0000 6932.5103   12.9800
    0.0000   15.0000   45.0000 7265.2305   12.9718
    7.5000   15.0000   45.0000 6945.9492   12.9178
   -7.5000   22.5000   45.0000 6251.6074   12.7151
    0.0000   22.5000   45.0000 6557.3340   12.7092
    7.5000   22.5000   45.0000 6280.2085   12.6520
   -7.5000   30.0000   45.0000 5692.9639   12.8466
    0.0000   30.0000   45.0000 5965.4785   12.8443
    7.5000   30.0000   45.0000 5719.2808   12.7879
   -7.5000   37.5000   45.0000 5157.9404   12.9353
    0.0000   37.5000   45.0000 5379.9824   12.9299
    7.5000   37.5000   45.0000 5161.7739   12.8752
   -7.5000   45.0000   45.0000 4763.7344   13.5883
    0.0000   45.0000   45.0000 4967.0513   13.5799
    7.5000   45.0000   45.0000 4753.8413   13.5228

---------------------------------------------------------------------
imgreg_4dfp /usr/local/freesurfer/7.4.1/average/711-2C_as_mni_average_305 /usr/local/freesurfer/7.4.1/average/711-2B_as_mni_average_305_mask talsrcimg_g11 none talsrcimg_to_711-2C_as_mni_average_305_t4 4355
---------------------------------------------------------------------

freesurfer imgreg_4dfp.c
/usr/local/freesurfer/7.4.1/average/711-2C_as_mni_average_305.4dfp.img
       256       256       256         1
  1.000000  1.000000  1.000000
orientation T byte_order littleendian
Reading image: /usr/local/freesurfer/7.4.1/average/711-2C_as_mni_average_305.4dfp.img
dimensions:      256       256       256
mmppix:       1.0000   -1.0000   -1.0000
center:     128.0000 -129.0000 -129.0000
/usr/local/freesurfer/7.4.1/average/711-2B_as_mni_average_305_mask.4dfp.img
       256       256       256         1
  1.000000  1.000000  1.000000
orientation T byte_order littleendian
Reading mask: /usr/local/freesurfer/7.4.1/average/711-2B_as_mni_average_305_mask.4dfp.img (2306576 pixels)
talsrcimg_g11.4dfp.img
       311       311       311         1
  0.700000  0.700000  0.700000
orientation T byte_order littleendian
Reading image: talsrcimg_g11.4dfp.img
dimensions:      311       311       311
mmppix:       0.7000   -0.7000   -0.7000
center:     109.2000 -109.2000 -109.2000
rotation matrix determinant  1.000000
image alignment mode   4355 decimal     1103 hex
   -7.5000  -45.0000  -45.0000 2067.5149   11.9335
    0.0000  -45.0000  -45.0000 2083.3127   11.8281
    7.5000  -45.0000  -45.0000 2074.5933   11.8305
   -7.5000  -37.5000  -45.0000 2080.5596   11.5783
    0.0000  -37.5000  -45.0000 2099.7654   11.4525
    7.5000  -37.5000  -45.0000 2093.9492   11.4832
   -7.5000  -30.0000  -45.0000 2092.7480   11.3876
    0.0000  -30.0000  -45.0000 2109.6230   11.2616
    7.5000  -30.0000  -45.0000 2108.6172   11.2983
   -7.5000  -22.5000  -45.0000 2083.9199   11.4440
    0.0000  -22.5000  -45.0000 2100.7349   11.2787
    7.5000  -22.5000  -45.0000 2098.6501   11.3312
   -7.5000  -15.0000  -45.0000 2072.1379   11.5821
    0.0000  -15.0000  -45.0000 2092.1355   11.4379
    7.5000  -15.0000  -45.0000 2086.5234   11.4968
   -7.5000   -7.5000  -45.0000 2045.6310   11.9690
    0.0000   -7.5000  -45.0000 2064.0945   11.7680
    7.5000   -7.5000  -45.0000 2054.6560   11.8683
   -7.5000    0.0000  -45.0000 2003.1204   12.5354
    0.0000    0.0000  -45.0000 2021.6385   12.3268
    7.5000    0.0000  -45.0000 2014.5448   12.4477
   -7.5000    7.5000  -45.0000 1952.2418   13.3776
    0.0000    7.5000  -45.0000 1971.3920   13.1356
    7.5000    7.5000  -45.0000 1963.7424   13.2655
   -7.5000   15.0000  -45.0000 1881.5747   14.5027
    0.0000   15.0000  -45.0000 1900.2250   14.2217
    7.5000   15.0000  -45.0000 1890.4229   14.4064
   -7.5000   22.5000  -45.0000 1791.6580   15.9774
    0.0000   22.5000  -45.0000 1811.0880   15.6976
    7.5000   22.5000  -45.0000 1797.5947   15.9012
   -7.5000   30.0000  -45.0000 1684.5623   17.8562
    0.0000   30.0000  -45.0000 1701.4640   17.5271
    7.5000   30.0000  -45.0000 1687.1304   17.7256
   -7.5000   37.5000  -45.0000 1539.3506   20.0950
    0.0000   37.5000  -45.0000 1555.7521   19.8406
    7.5000   37.5000  -45.0000 1543.2271   19.9885
   -7.5000   45.0000  -45.0000 1431.3223   23.7875
    0.0000   45.0000  -45.0000 1447.9106   23.5356
    7.5000   45.0000  -45.0000 1428.8253   23.6948
   -7.5000  -45.0000  -37.5000 2169.7964   10.8938
    0.0000  -45.0000  -37.5000 2188.7917   10.8230
    7.5000  -45.0000  -37.5000 2179.0713   10.8149
   -7.5000  -37.5000  -37.5000 2183.8447   10.5729
    0.0000  -37.5000  -37.5000 2204.3411   10.5037
    7.5000  -37.5000  -37.5000 2194.0415   10.5131
   -7.5000  -30.0000  -37.5000 2187.7915   10.4362
    0.0000  -30.0000  -37.5000 2207.8608   10.3399
    7.5000  -30.0000  -37.5000 2200.5464   10.3628
   -7.5000  -22.5000  -37.5000 2180.2151   10.4598
    0.0000  -22.5000  -37.5000 2198.0122   10.3514
    7.5000  -22.5000  -37.5000 2190.7021   10.3650
   -7.5000  -15.0000  -37.5000 2165.2366   10.5889
    0.0000  -15.0000  -37.5000 2186.8025   10.4686
    7.5000  -15.0000  -37.5000 2177.7432   10.5094
   -7.5000   -7.5000  -37.5000 2142.4397   10.8944
    0.0000   -7.5000  -37.5000 2159.6467   10.7400
    7.5000   -7.5000  -37.5000 2154.3462   10.8082
   -7.5000    0.0000  -37.5000 2103.4111   11.3880
    0.0000    0.0000  -37.5000 2124.8215   11.2228
    7.5000    0.0000  -37.5000 2117.3901   11.3128
   -7.5000    7.5000  -37.5000 2050.4014   12.1630
    0.0000    7.5000  -37.5000 2071.0630   11.9494
    7.5000    7.5000  -37.5000 2062.8057   12.0643
   -7.5000   15.0000  -37.5000 1972.8656   13.2198
    0.0000   15.0000  -37.5000 1991.5913   12.9842
    7.5000   15.0000  -37.5000 1981.4359   13.1400
   -7.5000   22.5000  -37.5000 1878.6787   14.6087
    0.0000   22.5000  -37.5000 1898.5389   14.3507
    7.5000   22.5000  -37.5000 1885.6573   14.5226
   -7.5000   30.0000  -37.5000 1762.8716   16.2934
    0.0000   30.0000  -37.5000 1778.1189   16.0239
    7.5000   30.0000  -37.5000 1766.8782   16.2055
   -7.5000   37.5000  -37.5000 1611.8909   18.2878
    0.0000   37.5000  -37.5000 1625.8666   18.0290
    7.5000   37.5000  -37.5000 1615.3352   18.1935
   -7.5000   45.0000  -37.5000 1494.7151   21.5220
    0.0000   45.0000  -37.5000 1504.3097   21.2413
    7.5000   45.0000  -37.5000 1490.3867   21.4303
   -7.5000  -45.0000  -30.0000 2339.5525   10.6337
    0.0000  -45.0000  -30.0000 2361.0095   10.5641
    7.5000  -45.0000  -30.0000 2350.0171   10.5523
   -7.5000  -37.5000  -30.0000 2363.3821   10.3096
    0.0000  -37.5000  -30.0000 2385.5369   10.2519
    7.5000  -37.5000  -30.0000 2368.4856   10.2603
   -7.5000  -30.0000  -30.0000 2364.3682   10.1792
    0.0000  -30.0000  -30.0000 2391.1040   10.1108
    7.5000  -30.0000  -30.0000 2378.5862   10.1109
   -7.5000  -22.5000  -30.0000 2356.2666   10.1856
    0.0000  -22.5000  -30.0000 2378.4404   10.1042
    7.5000  -22.5000  -30.0000 2370.4033   10.0985
   -7.5000  -15.0000  -30.0000 2341.2473   10.3230
    0.0000  -15.0000  -30.0000 2367.9612   10.2274
    7.5000  -15.0000  -30.0000 2359.0925   10.2418
   -7.5000   -7.5000  -30.0000 2316.7297   10.6197
    0.0000   -7.5000  -30.0000 2342.4324   10.5037
    7.5000   -7.5000  -30.0000 2331.9080   10.5475
   -7.5000    0.0000  -30.0000 2277.8167   11.1379
    0.0000    0.0000  -30.0000 2305.4246   11.0033
    7.5000    0.0000  -30.0000 2291.4788   11.0404
   -7.5000    7.5000  -30.0000 2215.7964   11.8781
    0.0000    7.5000  -30.0000 2241.2446   11.7203
    7.5000    7.5000  -30.0000 2227.2700   11.8071
   -7.5000   15.0000  -30.0000 2131.0249   12.9035
    0.0000   15.0000  -30.0000 2151.9285   12.7216
    7.5000   15.0000  -30.0000 2139.2434   12.8396
   -7.5000   22.5000  -30.0000 2030.6538   14.2397
    0.0000   22.5000  -30.0000 2048.8555   14.0399
    7.5000   22.5000  -30.0000 2032.8005   14.1693
   -7.5000   30.0000  -30.0000 1894.5981   15.8885
    0.0000   30.0000  -30.0000 1915.9773   15.6420
    7.5000   30.0000  -30.0000 1900.9580   15.7964
   -7.5000   37.5000  -30.0000 1734.5065   17.8855
    0.0000   37.5000  -30.0000 1753.5873   17.6214
    7.5000   37.5000  -30.0000 1739.0138   17.7721
   -7.5000   45.0000  -30.0000 1604.7908   20.9903
    0.0000   45.0000  -30.0000 1617.8097   20.6700
    7.5000   45.0000  -30.0000 1602.9583   20.9043
   -7.5000  -45.0000  -22.5000 2491.5769   10.3589
    0.0000  -45.0000  -22.5000 2512.0671   10.2678
    7.5000  -45.0000  -22.5000 2504.7014   10.2495
   -7.5000  -37.5000  -22.5000 2515.6255   10.0204
    0.0000  -37.5000  -22.5000 2540.9622    9.9463
    7.5000  -37.5000  -22.5000 2525.4250    9.9258
   -7.5000  -30.0000  -22.5000 2531.5439    9.8609
    0.0000  -30.0000  -22.5000 2558.6199    9.8152
    7.5000  -30.0000  -22.5000 2544.2668    9.7939
   -7.5000  -22.5000  -22.5000 2530.6897    9.8435
    0.0000  -22.5000  -22.5000 2557.5808    9.7946
    7.5000  -22.5000  -22.5000 2546.8860    9.7832
   -7.5000  -15.0000  -22.5000 2515.1616    9.9834
    0.0000  -15.0000  -22.5000 2546.9668    9.9211
    7.5000  -15.0000  -22.5000 2535.4890    9.9197
   -7.5000   -7.5000  -22.5000 2478.9385   10.3123
    0.0000   -7.5000  -22.5000 2511.5044   10.2375
    7.5000   -7.5000  -22.5000 2501.4097   10.2330
   -7.5000    0.0000  -22.5000 2434.5872   10.8417
    0.0000    0.0000  -22.5000 2465.9944   10.7252
    7.5000    0.0000  -22.5000 2449.7419   10.7407
   -7.5000    7.5000  -22.5000 2365.6453   11.5738
    0.0000    7.5000  -22.5000 2393.2693   11.4427
    7.5000    7.5000  -22.5000 2376.3354   11.4958
   -7.5000   15.0000  -22.5000 2274.9221   12.5642
    0.0000   15.0000  -22.5000 2302.1318   12.4169
    7.5000   15.0000  -22.5000 2285.0093   12.5129
   -7.5000   22.5000  -22.5000 2166.5879   13.8665
    0.0000   22.5000  -22.5000 2190.0781   13.6695
    7.5000   22.5000  -22.5000 2176.0435   13.7791
   -7.5000   30.0000  -22.5000 2017.6127   15.4465
    0.0000   30.0000  -22.5000 2038.7076   15.2178
    7.5000   30.0000  -22.5000 2025.4717   15.3673
   -7.5000   37.5000  -22.5000 1844.5674   17.3677
    0.0000   37.5000  -22.5000 1863.1775   17.1056
    7.5000   37.5000  -22.5000 1851.4816   17.2967
   -7.5000   45.0000  -22.5000 1709.0151   20.3772
    0.0000   45.0000  -22.5000 1714.3293   20.0766
    7.5000   45.0000  -22.5000 1709.5991   20.3148
   -7.5000  -45.0000  -15.0000 2615.7732    9.9749
    0.0000  -45.0000  -15.0000 2639.2734    9.8890
    7.5000  -45.0000  -15.0000 2628.2605    9.8563
   -7.5000  -37.5000  -15.0000 2643.8469    9.6481
    0.0000  -37.5000  -15.0000 2672.9360    9.5731
    7.5000  -37.5000  -15.0000 2661.9619    9.5420
   -7.5000  -30.0000  -15.0000 2676.6331    9.4936
    0.0000  -30.0000  -15.0000 2705.7676    9.4274
    7.5000  -30.0000  -15.0000 2694.0581    9.3961
   -7.5000  -22.5000  -15.0000 2682.3408    9.4482
    0.0000  -22.5000  -15.0000 2714.6982    9.4046
    7.5000  -22.5000  -15.0000 2702.6169    9.3730
   -7.5000  -15.0000  -15.0000 2668.5078    9.5780
    0.0000  -15.0000  -15.0000 2703.5049    9.5383
    7.5000  -15.0000  -15.0000 2688.4795    9.5233
   -7.5000   -7.5000  -15.0000 2630.7551    9.9297
    0.0000   -7.5000  -15.0000 2670.2383    9.8621
    7.5000   -7.5000  -15.0000 2650.7334    9.8549
   -7.5000    0.0000  -15.0000 2575.6094   10.4744
    0.0000    0.0000  -15.0000 2611.4912   10.3814
    7.5000    0.0000  -15.0000 2591.1169   10.3774
   -7.5000    7.5000  -15.0000 2496.8137   11.2196
    0.0000    7.5000  -15.0000 2526.9583   11.0972
    7.5000    7.5000  -15.0000 2507.9146   11.1182
   -7.5000   15.0000  -15.0000 2395.9956   12.2000
    0.0000   15.0000  -15.0000 2425.5847   12.0452
    7.5000   15.0000  -15.0000 2409.6514   12.0951
   -7.5000   22.5000  -15.0000 2283.6755   13.4848
    0.0000   22.5000  -15.0000 2307.4753   13.2955
    7.5000   22.5000  -15.0000 2294.0195   13.3601
   -7.5000   30.0000  -15.0000 2123.0076   15.0130
    0.0000   30.0000  -15.0000 2146.6194   14.8163
    7.5000   30.0000  -15.0000 2128.9673   14.8945
   -7.5000   37.5000  -15.0000 1935.9453   16.8224
    0.0000   37.5000  -15.0000 1954.7163   16.5906
    7.5000   37.5000  -15.0000 1940.6832   16.7196
   -7.5000   45.0000  -15.0000 1789.5608   19.7085
    0.0000   45.0000  -15.0000 1799.0747   19.4049
    7.5000   45.0000  -15.0000 1790.7096   19.5777
   -7.5000  -45.0000   -7.5000 2701.1074    9.5443
    0.0000  -45.0000   -7.5000 2729.2947    9.4430
    7.5000  -45.0000   -7.5000 2721.7698    9.4468
   -7.5000  -37.5000   -7.5000 2743.5669    9.2405
    0.0000  -37.5000   -7.5000 2775.4270    9.1462
    7.5000  -37.5000   -7.5000 2766.3953    9.1509
   -7.5000  -30.0000   -7.5000 2783.5720    9.0983
    0.0000  -30.0000   -7.5000 2821.3811    9.0138
    7.5000  -30.0000   -7.5000 2803.8784    8.9996
   -7.5000  -22.5000   -7.5000 2795.7427    9.0180
    0.0000  -22.5000   -7.5000 2838.4004    8.9559
    7.5000  -22.5000   -7.5000 2819.3816    8.9356
   -7.5000  -15.0000   -7.5000 2786.3420    9.1391
    0.0000  -15.0000   -7.5000 2829.7998    9.0917
    7.5000  -15.0000   -7.5000 2808.7156    9.0801
   -7.5000   -7.5000   -7.5000 2749.0684    9.5012
    0.0000   -7.5000   -7.5000 2790.6160    9.4401
    7.5000   -7.5000   -7.5000 2770.4934    9.4319
   -7.5000    0.0000   -7.5000 2684.9749   10.0568
    0.0000    0.0000   -7.5000 2723.1428    9.9710
    7.5000    0.0000   -7.5000 2702.9229    9.9606
   -7.5000    7.5000   -7.5000 2594.1309   10.8054
    0.0000    7.5000   -7.5000 2623.5242   10.6901
    7.5000    7.5000   -7.5000 2606.2439   10.6838
   -7.5000   15.0000   -7.5000 2479.2744   11.8114
    0.0000   15.0000   -7.5000 2509.9224   11.6518
    7.5000   15.0000   -7.5000 2493.2913   11.6655
   -7.5000   22.5000   -7.5000 2361.1035   13.0864
    0.0000   22.5000   -7.5000 2385.7424   12.9309
    7.5000   22.5000   -7.5000 2371.1538   12.9427
   -7.5000   30.0000   -7.5000 2198.0342   14.5537
    0.0000   30.0000   -7.5000 2222.4836   14.3775
    7.5000   30.0000   -7.5000 2206.6711   14.4216
   -7.5000   37.5000   -7.5000 1998.3525   16.2076
    0.0000   37.5000   -7.5000 2012.1406   15.9968
    7.5000   37.5000   -7.5000 2002.8564   16.1068
   -7.5000   45.0000   -7.5000 1839.8918   18.9128
    0.0000   45.0000   -7.5000 1854.9139   18.5936
    7.5000   45.0000   -7.5000 1842.1987   18.7782
   -7.5000  -45.0000    0.0000 2758.0349    9.1777
    0.0000  -45.0000    0.0000 2786.3225    9.0428
    7.5000  -45.0000    0.0000 2779.8311    9.0681
   -7.5000  -37.5000    0.0000 2815.2715    8.8944
    0.0000  -37.5000    0.0000 2848.3230    8.7599
    7.5000  -37.5000    0.0000 2839.7258    8.7930
   -7.5000  -30.0000    0.0000 2858.1248    8.7539
    0.0000  -30.0000    0.0000 2902.3762    8.6342
    7.5000  -30.0000    0.0000 2884.7192    8.6482
   -7.5000  -22.5000    0.0000 2878.2432    8.6557
    0.0000  -22.5000    0.0000 2931.8550    8.5310
    7.5000  -22.5000    0.0000 2904.4614    8.5590
   -7.5000  -15.0000    0.0000 2873.7119    8.7597
    0.0000  -15.0000    0.0000 2911.6719    8.6611
    7.5000  -15.0000    0.0000 2896.7888    8.6830
   -7.5000   -7.5000    0.0000 2828.3652    9.1110
    0.0000   -7.5000    0.0000 2867.6172    9.0288
    7.5000   -7.5000    0.0000 2850.3169    9.0361
   -7.5000    0.0000    0.0000 2753.2605    9.6756
    0.0000    0.0000    0.0000 2791.0271    9.5583
    7.5000    0.0000    0.0000 2771.9062    9.5704
   -7.5000    7.5000    0.0000 2651.4670   10.4305
    0.0000    7.5000    0.0000 2683.4048   10.2863
    7.5000    7.5000    0.0000 2663.6113   10.3121
   -7.5000   15.0000    0.0000 2531.9961   11.4485
    0.0000   15.0000    0.0000 2560.0195   11.2932
    7.5000   15.0000    0.0000 2540.9546   11.3124
   -7.5000   22.5000    0.0000 2408.0203   12.6906
    0.0000   22.5000    0.0000 2432.7007   12.5373
    7.5000   22.5000    0.0000 2416.4719   12.5621
   -7.5000   30.0000    0.0000 2240.3850   14.0883
    0.0000   30.0000    0.0000 2261.9319   13.9296
    7.5000   30.0000    0.0000 2251.1948   13.9906
   -7.5000   37.5000    0.0000 2028.8434   15.6988
    0.0000   37.5000    0.0000 2049.7856   15.4729
    7.5000   37.5000    0.0000 2039.8030   15.6065
   -7.5000   45.0000    0.0000 1869.9707   18.2195
    0.0000   45.0000    0.0000 1890.4083   17.9407
    7.5000   45.0000    0.0000 1874.4790   18.1618
   -7.5000  -45.0000    7.5000 2787.1919    8.8862
    0.0000  -45.0000    7.5000 2814.4849    8.7117
    7.5000  -45.0000    7.5000 2806.2112    8.7622
   -7.5000  -37.5000    7.5000 2859.1531    8.6319
    0.0000  -37.5000    7.5000 2892.0469    8.4677
    7.5000  -37.5000    7.5000 2880.7446    8.4906
   -7.5000  -30.0000    7.5000 2914.7839    8.5334
    0.0000  -30.0000    7.5000 2967.9680    8.3879
    7.5000  -30.0000    7.5000 2945.0728    8.4159
   -7.5000  -22.5000    7.5000 2938.4512    8.4248
    0.0000  -22.5000    7.5000 2997.2959    8.2425
    7.5000  -22.5000    7.5000 2966.9758    8.3338
   -7.5000  -15.0000    7.5000 2927.6858    8.4995
    0.0000  -15.0000    7.5000 2960.2800    8.3056
    7.5000  -15.0000    7.5000 2946.0115    8.4256
   -7.5000   -7.5000    7.5000 2878.1047    8.8369
    0.0000   -7.5000    7.5000 2907.1104    8.6773
    7.5000   -7.5000    7.5000 2896.8477    8.7385
   -7.5000    0.0000    7.5000 2788.8740    9.4001
    0.0000    0.0000    7.5000 2825.5547    9.2361
    7.5000    0.0000    7.5000 2808.9783    9.2752
   -7.5000    7.5000    7.5000 2681.0901   10.1576
    0.0000    7.5000    7.5000 2713.2605    9.9861
    7.5000    7.5000    7.5000 2695.6484   10.0347
   -7.5000   15.0000    7.5000 2559.2261   11.1306
    0.0000   15.0000    7.5000 2587.5703   10.9748
    7.5000   15.0000    7.5000 2570.5361   11.0064
   -7.5000   22.5000    7.5000 2428.4534   12.3525
    0.0000   22.5000    7.5000 2453.5559   12.1987
    7.5000   22.5000    7.5000 2438.5190   12.2245
   -7.5000   30.0000    7.5000 2257.7585   13.7754
    0.0000   30.0000    7.5000 2281.4309   13.5743
    7.5000   30.0000    7.5000 2266.7681   13.6674
   -7.5000   37.5000    7.5000 2047.9645   15.3842
    0.0000   37.5000    7.5000 2070.3169   15.1309
    7.5000   37.5000    7.5000 2059.1265   15.2826
   -7.5000   45.0000    7.5000 1882.8862   17.7482
    0.0000   45.0000    7.5000 1900.4994   17.4435
    7.5000   45.0000    7.5000 1888.8451   17.6831
   -7.5000  -45.0000   15.0000 2807.9229    8.7454
    0.0000  -45.0000   15.0000 2835.8240    8.5417
    7.5000  -45.0000   15.0000 2824.7869    8.6264
   -7.5000  -37.5000   15.0000 2883.5933    8.5063
    0.0000  -37.5000   15.0000 2919.3115    8.3219
    7.5000  -37.5000   15.0000 2908.6902    8.3918
   -7.5000  -30.0000   15.0000 2942.4385    8.4689
    0.0000  -30.0000   15.0000 2998.6387    8.3298
    7.5000  -30.0000   15.0000 2976.0042    8.3611
   -7.5000  -22.5000   15.0000 2975.3074    8.4215
    0.0000  -22.5000   15.0000 3035.4978    8.2456
    7.5000  -22.5000   15.0000 3001.5737    8.3449
   -7.5000  -15.0000   15.0000 2962.6099    8.4886
    0.0000  -15.0000   15.0000 2996.4270    8.2644
    7.5000  -15.0000   15.0000 2977.9641    8.4169
   -7.5000   -7.5000   15.0000 2901.8530    8.7703
    0.0000   -7.5000   15.0000 2930.6946    8.5838
    7.5000   -7.5000   15.0000 2916.2202    8.6733
   -7.5000    0.0000   15.0000 2806.7351    9.2539
    0.0000    0.0000   15.0000 2837.4302    9.0941
    7.5000    0.0000   15.0000 2822.9238    9.1417
   -7.5000    7.5000   15.0000 2689.2300    9.9838
    0.0000    7.5000   15.0000 2719.4426    9.8287
    7.5000    7.5000   15.0000 2705.0149    9.8589
   -7.5000   15.0000   15.0000 2562.3425   10.9444
    0.0000   15.0000   15.0000 2591.9165   10.8096
    7.5000   15.0000   15.0000 2575.2617   10.8355
   -7.5000   22.5000   15.0000 2430.1794   12.1655
    0.0000   22.5000   15.0000 2460.9543   12.0355
    7.5000   22.5000   15.0000 2437.2419   12.0695
   -7.5000   30.0000   15.0000 2257.1497   13.5889
    0.0000   30.0000   15.0000 2283.0212   13.4388
    7.5000   30.0000   15.0000 2266.9524   13.4913
   -7.5000   37.5000   15.0000 2051.4028   15.1651
    0.0000   37.5000   15.0000 2072.5574   14.9932
    7.5000   37.5000   15.0000 2057.7495   15.0762
   -7.5000   45.0000   15.0000 1889.4741   17.4628
    0.0000   45.0000   15.0000 1898.1414   17.2151
    7.5000   45.0000   15.0000 1890.1405   17.3943
   -7.5000  -45.0000   22.5000 2812.3916    8.7868
    0.0000  -45.0000   22.5000 2845.6995    8.5679
    7.5000  -45.0000   22.5000 2832.3801    8.6857
   -7.5000  -37.5000   22.5000 2881.2742    8.5604
    0.0000  -37.5000   22.5000 2921.9397    8.3921
    7.5000  -37.5000   22.5000 2904.1162    8.4631
   -7.5000  -30.0000   22.5000 2937.7205    8.5055
    0.0000  -30.0000   22.5000 2987.8962    8.3587
    7.5000  -30.0000   22.5000 2960.3071    8.4247
   -7.5000  -22.5000   22.5000 2964.3909    8.4729
    0.0000  -22.5000   22.5000 3015.9993    8.2973
    7.5000  -22.5000   22.5000 2981.0403    8.4204
   -7.5000  -15.0000   22.5000 2949.3035    8.6213
    0.0000  -15.0000   22.5000 2988.6194    8.4706
    7.5000  -15.0000   22.5000 2960.7578    8.5608
   -7.5000   -7.5000   22.5000 2883.3276    8.8720
    0.0000   -7.5000   22.5000 2918.3562    8.7520
    7.5000   -7.5000   22.5000 2895.9348    8.7940
   -7.5000    0.0000   22.5000 2789.5022    9.3097
    0.0000    0.0000   22.5000 2816.0403    9.1939
    7.5000    0.0000   22.5000 2801.9973    9.2122
   -7.5000    7.5000   22.5000 2671.4360   10.0189
    0.0000    7.5000   22.5000 2696.7131    9.8749
    7.5000    7.5000   22.5000 2682.8320    9.8961
   -7.5000   15.0000   22.5000 2547.6106   10.9517
    0.0000   15.0000   22.5000 2576.2029   10.8102
    7.5000   15.0000   22.5000 2557.4355   10.8314
   -7.5000   22.5000   22.5000 2417.9153   12.1468
    0.0000   22.5000   22.5000 2444.6392   11.9947
    7.5000   22.5000   22.5000 2425.3376   12.0479
   -7.5000   30.0000   22.5000 2243.8301   13.5524
    0.0000   30.0000   22.5000 2266.4622   13.3933
    7.5000   30.0000   22.5000 2251.8489   13.4783
   -7.5000   37.5000   22.5000 2035.8616   15.1152
    0.0000   37.5000   22.5000 2056.3818   14.9221
    7.5000   37.5000   22.5000 2039.4479   15.0221
   -7.5000   45.0000   22.5000 1882.0830   17.4715
    0.0000   45.0000   22.5000 1891.8053   17.2190
    7.5000   45.0000   22.5000 1883.7500   17.3728
   -7.5000  -45.0000   30.0000 2802.6465    8.9903
    0.0000  -45.0000   30.0000 2844.5039    8.7969
    7.5000  -45.0000   30.0000 2823.9587    8.9039
   -7.5000  -37.5000   30.0000 2860.9856    8.7544
    0.0000  -37.5000   30.0000 2900.7622    8.5897
    7.5000  -37.5000   30.0000 2885.7175    8.6731
   -7.5000  -30.0000   30.0000 2906.7104    8.6622
    0.0000  -30.0000   30.0000 2944.4983    8.4758
    7.5000  -30.0000   30.0000 2929.1152    8.5903
   -7.5000  -22.5000   30.0000 2926.0205    8.6425
    0.0000  -22.5000   30.0000 2965.4036    8.4751
    7.5000  -22.5000   30.0000 2942.4355    8.5882
   -7.5000  -15.0000   30.0000 2906.1216    8.8311
    0.0000  -15.0000   30.0000 2942.4260    8.7003
    7.5000  -15.0000   30.0000 2916.1423    8.7611
   -7.5000   -7.5000   30.0000 2838.0991    9.1113
    0.0000   -7.5000   30.0000 2873.7454    8.9888
    7.5000   -7.5000   30.0000 2851.2466    9.0300
   -7.5000    0.0000   30.0000 2743.3044    9.5730
    0.0000    0.0000   30.0000 2770.3430    9.4545
    7.5000    0.0000   30.0000 2755.6711    9.4852
   -7.5000    7.5000   30.0000 2633.1963   10.2392
    0.0000    7.5000   30.0000 2656.2998   10.1407
    7.5000    7.5000   30.0000 2642.1951   10.1576
   -7.5000   15.0000   30.0000 2517.9617   11.1172
    0.0000   15.0000   30.0000 2545.3154   11.0161
    7.5000   15.0000   30.0000 2522.5342   11.0267
   -7.5000   22.5000   30.0000 2387.6387   12.2723
    0.0000   22.5000   30.0000 2413.9084   12.1499
    7.5000   22.5000   30.0000 2391.8318   12.1855
   -7.5000   30.0000   30.0000 2210.0959   13.6644
    0.0000   30.0000   30.0000 2230.9641   13.5014
    7.5000   30.0000   30.0000 2215.9741   13.5497
   -7.5000   37.5000   30.0000 2008.2302   15.2359
    0.0000   37.5000   30.0000 2027.1052   15.0084
    7.5000   37.5000   30.0000 2014.8694   15.0971
   -7.5000   45.0000   30.0000 1865.1091   17.6114
    0.0000   45.0000   30.0000 1877.8442   17.3019
    7.5000   45.0000   30.0000 1871.3925   17.4757
   -7.5000  -45.0000   37.5000 2752.4749    9.2735
    0.0000  -45.0000   37.5000 2791.8828    9.1013
    7.5000  -45.0000   37.5000 2773.3088    9.1896
   -7.5000  -37.5000   37.5000 2799.6553    9.0354
    0.0000  -37.5000   37.5000 2840.3645    8.8474
    7.5000  -37.5000   37.5000 2823.0903    8.9315
   -7.5000  -30.0000   37.5000 2834.8628    8.9181
    0.0000  -30.0000   37.5000 2871.0874    8.7093
    7.5000  -30.0000   37.5000 2852.8879    8.8268
   -7.5000  -22.5000   37.5000 2844.9915    8.9068
    0.0000  -22.5000   37.5000 2879.5808    8.7681
    7.5000  -22.5000   37.5000 2861.3181    8.8400
   -7.5000  -15.0000   37.5000 2817.1436    9.1130
    0.0000  -15.0000   37.5000 2853.3848    8.9689
    7.5000  -15.0000   37.5000 2827.2720    9.0413
   -7.5000   -7.5000   37.5000 2749.3870    9.4401
    0.0000   -7.5000   37.5000 2776.5203    9.2924
    7.5000   -7.5000   37.5000 2759.5327    9.3543
   -7.5000    0.0000   37.5000 2663.3462    9.8976
    0.0000    0.0000   37.5000 2683.8206    9.7760
    7.5000    0.0000   37.5000 2668.7664    9.8136
   -7.5000    7.5000   37.5000 2557.8984   10.5542
    0.0000    7.5000   37.5000 2584.2378   10.4420
    7.5000    7.5000   37.5000 2565.2683   10.4723
   -7.5000   15.0000   37.5000 2445.0288   11.4259
    0.0000   15.0000   37.5000 2472.4041   11.3111
    7.5000   15.0000   37.5000 2455.0938   11.3390
   -7.5000   22.5000   37.5000 2317.4187   12.5570
    0.0000   22.5000   37.5000 2341.0779   12.4151
    7.5000   22.5000   37.5000 2325.4216   12.4441
   -7.5000   30.0000   37.5000 2146.1023   13.8837
    0.0000   30.0000   37.5000 2165.8745   13.7218
    7.5000   30.0000   37.5000 2153.4517   13.7706
   -7.5000   37.5000   37.5000 1958.3666   15.4299
    0.0000   37.5000   37.5000 1971.4580   15.2193
    7.5000   37.5000   37.5000 1961.1302   15.3195
   -7.5000   45.0000   37.5000 1822.8000   17.8556
    0.0000   45.0000   37.5000 1834.9238   17.5428
    7.5000   45.0000   37.5000 1826.9147   17.7130
   -7.5000  -45.0000   45.0000 2704.7976    9.7124
    0.0000  -45.0000   45.0000 2742.4456    9.5427
    7.5000  -45.0000   45.0000 2725.8906    9.6141
   -7.5000  -37.5000   45.0000 2751.0334    9.4489
    0.0000  -37.5000   45.0000 2794.5635    9.2380
    7.5000  -37.5000   45.0000 2773.9553    9.3253
   -7.5000  -30.0000   45.0000 2779.8591    9.3299
    0.0000  -30.0000   45.0000 2813.7681    9.1596
    7.5000  -30.0000   45.0000 2796.4304    9.2352
   -7.5000  -22.5000   45.0000 2776.5266    9.3386
    0.0000  -22.5000   45.0000 2808.3289    9.2021
    7.5000  -22.5000   45.0000 2789.7617    9.2550
   -7.5000  -15.0000   45.0000 2737.6777    9.5692
    0.0000  -15.0000   45.0000 2772.0618    9.4280
    7.5000  -15.0000   45.0000 2746.3337    9.4823
   -7.5000   -7.5000   45.0000 2671.7522    9.9030
    0.0000   -7.5000   45.0000 2698.0376    9.7611
    7.5000   -7.5000   45.0000 2680.4033    9.8244
   -7.5000    0.0000   45.0000 2589.9412   10.3866
    0.0000    0.0000   45.0000 2614.2461   10.2499
    7.5000    0.0000   45.0000 2594.7590   10.3056
   -7.5000    7.5000   45.0000 2494.8643   11.0329
    0.0000    7.5000   45.0000 2520.3843   10.9150
    7.5000    7.5000   45.0000 2502.0366   10.9530
   -7.5000   15.0000   45.0000 2382.1787   11.9123
    0.0000   15.0000   45.0000 2407.5059   11.7649
    7.5000   15.0000   45.0000 2393.6804   11.8174
   -7.5000   22.5000   45.0000 2250.6331   13.0204
    0.0000   22.5000   45.0000 2275.6572   12.8891
    7.5000   22.5000   45.0000 2261.6123   12.9491
   -7.5000   30.0000   45.0000 2091.6426   14.3700
    0.0000   30.0000   45.0000 2110.0283   14.2379
    7.5000   30.0000   45.0000 2094.8909   14.3298
   -7.5000   37.5000   45.0000 1918.8269   15.9369
    0.0000   37.5000   45.0000 1926.2628   15.7551
    7.5000   37.5000   45.0000 1917.7382   15.8915
   -7.5000   45.0000   45.0000 1781.0189   18.4248
    0.0000   45.0000   45.0000 1789.1215   18.1622
    7.5000   45.0000   45.0000 1781.7954   18.3227

---------------------------------------------------------------------
imgreg_4dfp /usr/local/freesurfer/7.4.1/average/711-2C_as_mni_average_305 /usr/local/freesurfer/7.4.1/average/711-2B_as_mni_average_305_mask talsrcimg_g11 none talsrcimg_to_711-2C_as_mni_average_305_t4 1283
---------------------------------------------------------------------

freesurfer imgreg_4dfp.c
/usr/local/freesurfer/7.4.1/average/711-2C_as_mni_average_305.4dfp.img
       256       256       256         1
  1.000000  1.000000  1.000000
orientation T byte_order littleendian
Reading image: /usr/local/freesurfer/7.4.1/average/711-2C_as_mni_average_305.4dfp.img
dimensions:      256       256       256
mmppix:       1.0000   -1.0000   -1.0000
center:     128.0000 -129.0000 -129.0000
/usr/local/freesurfer/7.4.1/average/711-2B_as_mni_average_305_mask.4dfp.img
       256       256       256         1
  1.000000  1.000000  1.000000
orientation T byte_order littleendian
Reading mask: /usr/local/freesurfer/7.4.1/average/711-2B_as_mni_average_305_mask.4dfp.img (2306576 pixels)
talsrcimg_g11.4dfp.img
       311       311       311         1
  0.700000  0.700000  0.700000
orientation T byte_order littleendian
Reading image: talsrcimg_g11.4dfp.img
dimensions:      311       311       311
mmppix:       0.7000   -0.7000   -0.7000
center:     109.2000 -109.2000 -109.2000
rotation matrix determinant  1.000000
fimgreg.f
image alignment mode   1283 decimal      503 hex
parameters
    0.0000  -22.5000   15.0000    0.0000    0.0000    0.0000
eta,q 0.95343  8.23001
niter,ni,del,rscale     5    3   12.0000    1.2000
parameters
    0.9650  -24.2380   16.7164   -1.7105   -0.2656    0.0113
eta,q 0.94945  8.32447
  0.0629  0.0536  0.0582  0.0507  0.0553  0.0539
  0.0572  0.0510  0.0542  0.0504  0.0531  0.0526
  0.0536  0.0503  0.0515  0.0506  0.0513  0.0510
  0.0513  0.0512  0.0503  0.0503  0.0506  0.0506
  0.0517  0.0532  0.0504  0.0504  0.0517  0.0512
  0.0542  0.0553  0.0511  0.0511  0.0536  0.0525
  0.0571  0.0590  0.0522  0.0528  0.0561  0.0539
niter,ni,del,rscale     4    3   12.0000    1.2000
parameters
    1.0179  -23.0899   16.5610   -1.7220   -0.3845    0.3175
eta,q 0.94961  8.30855
  0.0595  0.0585  0.0548  0.0528  0.0553  0.0541
  0.0556  0.0537  0.0517  0.0504  0.0530  0.0525
  0.0524  0.0519  0.0504  0.0505  0.0512  0.0508
  0.0506  0.0505  0.0504  0.0503  0.0503  0.0503
  0.0517  0.0506  0.0511  0.0504  0.0512  0.0508
  0.0555  0.0518  0.0522  0.0512  0.0533  0.0519
  0.0593  0.0537  0.0549  0.0524  0.0557  0.0534
niter,ni,del,rscale     3    3   12.0000    1.2000
parameters
    1.0485  -23.2132   16.5067   -1.5847   -0.4767    0.3470
eta,q 0.94963  8.31124
  0.0595  0.0552  0.0549  0.0530  0.0552  0.0539
  0.0552  0.0526  0.0518  0.0503  0.0530  0.0522
  0.0519  0.0510  0.0505  0.0505  0.0511  0.0506
  0.0504  0.0504  0.0504  0.0504  0.0504  0.0504
  0.0517  0.0513  0.0511  0.0504  0.0512  0.0510
  0.0555  0.0528  0.0522  0.0511  0.0531  0.0521
  0.0590  0.0555  0.0547  0.0522  0.0555  0.0537
niter,ni,del,rscale     2    3   12.0000    1.2000
parameters
    1.0684  -23.2228   16.5341   -1.5971   -0.4977    0.3471
eta,q 0.94962  8.31173
  0.0594  0.0553  0.0550  0.0527  0.0553  0.0538
  0.0552  0.0527  0.0519  0.0503  0.0531  0.0522
  0.0519  0.0510  0.0505  0.0505  0.0512  0.0506
  0.0504  0.0504  0.0504  0.0504  0.0504  0.0504
  0.0517  0.0512  0.0510  0.0504  0.0511  0.0510
  0.0555  0.0526  0.0521  0.0511  0.0530  0.0522
  0.0591  0.0553  0.0546  0.0522  0.0554  0.0537
registration optimization eta report
parameter search radius
    6.0000    6.0000    6.0000    6.0000    6.0000    6.0000
100000*second partial in parameter space
       24.       13.       13.        6.       13.        9.
  0.0594  0.0553  0.0550  0.0527  0.0553  0.0538
  0.0552  0.0527  0.0519  0.0503  0.0531  0.0522
  0.0519  0.0510  0.0505  0.0505  0.0512  0.0506
  0.0504  0.0504  0.0504  0.0504  0.0504  0.0504
  0.0517  0.0512  0.0510  0.0504  0.0511  0.0510
  0.0555  0.0526  0.0521  0.0511  0.0530  0.0522
  0.0591  0.0553  0.0546  0.0522  0.0554  0.0537
    1.0684  -23.2228   16.5341   -1.5971   -0.4977    0.3471
eta,q 0.94962  8.31173

---------------------------------------------------------------------
imgreg_4dfp /usr/local/freesurfer/7.4.1/average/711-2C_as_mni_average_305 /usr/local/freesurfer/7.4.1/average/711-2B_as_mni_average_305_mask talsrcimg_g11 none talsrcimg_to_711-2C_as_mni_average_305_t4 3335
---------------------------------------------------------------------

freesurfer imgreg_4dfp.c
/usr/local/freesurfer/7.4.1/average/711-2C_as_mni_average_305.4dfp.img
       256       256       256         1
  1.000000  1.000000  1.000000
orientation T byte_order littleendian
Reading image: /usr/local/freesurfer/7.4.1/average/711-2C_as_mni_average_305.4dfp.img
dimensions:      256       256       256
mmppix:       1.0000   -1.0000   -1.0000
center:     128.0000 -129.0000 -129.0000
/usr/local/freesurfer/7.4.1/average/711-2B_as_mni_average_305_mask.4dfp.img
       256       256       256         1
  1.000000  1.000000  1.000000
orientation T byte_order littleendian
Reading mask: /usr/local/freesurfer/7.4.1/average/711-2B_as_mni_average_305_mask.4dfp.img (2306576 pixels)
talsrcimg_g11.4dfp.img
       311       311       311         1
  0.700000  0.700000  0.700000
orientation T byte_order littleendian
Reading image: talsrcimg_g11.4dfp.img
dimensions:      311       311       311
mmppix:       0.7000   -0.7000   -0.7000
center:     109.2000 -109.2000 -109.2000
fimgreg.f
image alignment mode   3335 decimal      D07 hex
parameters
    1.0684  -23.2228   16.5341   -0.0056   -0.0408   -0.0426
   -0.6297    0.8515    0.6057    2.7924   -0.8687   -2.7870
eta,q 0.95435  8.25872
niter,ni,del,rscale     5    3    5.0000    1.2000
parameter  4  3.786441 ->  0.500000 qaram    1.1500
parameter  5  1.490731 ->  0.500000 qaram    1.1500
parameter  6  0.928119 ->  0.500000 qaram    1.1500
parameter 10  1.746634 ->  0.500000 qaram    1.1500
parameter 12  1.071155 ->  0.500000 qaram    1.1500
parameters
    0.9061  -22.8169   16.7123   -4.1456   -4.1808   -4.1826
    0.6892    0.4518   -0.6131   -1.3476   -0.5593   -6.9270
eta,q 0.96613  8.04745
  0.0473  0.0480  0.0469  0.0388  0.0369  0.0363  0.0393  0.0395  0.0374  0.0337  0.0352  0.0338
  0.0463  0.0468  0.0462  0.0407  0.0378  0.0368  0.0382  0.0380  0.0370  0.0344  0.0349  0.0338
  0.0458  0.0460  0.0458  0.0431  0.0393  0.0373  0.0374  0.0370  0.0368  0.0355  0.0347  0.0341
  0.0457  0.0456  0.0456  0.0456  0.0413  0.0382  0.0369  0.0368  0.0368  0.0368  0.0346  0.0346
  0.0460  0.0457  0.0457  0.0483  0.0439  0.0393  0.0369  0.0373  0.0370  0.0384  0.0347  0.0353
  0.0467  0.0461  0.0460  0.0513  0.0470  0.0414  0.0372  0.0385  0.0374  0.0402  0.0348  0.0361
  0.0477  0.0468  0.0465  0.0544  0.0504  0.0440  0.0381  0.0402  0.0378  0.0424  0.0351  0.0371
niter,ni,del,rscale     7    3    5.0000    1.2000
parameter  2 -0.685580 -> -0.500000 qaram    1.1500
parameter  4  1.073262 ->  0.500000 qaram    1.3225
parameter  5  0.913459 ->  0.500000 qaram    1.3225
parameters
    1.2021  -21.4369   17.5796   -8.9066   -8.9418   -5.0258
    1.4354    0.8329    0.5521   -2.8260   -0.7871   -5.8644
eta,q 0.97291  7.80961
  0.0370  0.0380  0.0353  0.0293  0.0269  0.0292  0.0303  0.0315  0.0293  0.0293  0.0281  0.0290
  0.0355  0.0363  0.0342  0.0293  0.0271  0.0283  0.0289  0.0295  0.0283  0.0280  0.0275  0.0282
  0.0344  0.0348  0.0334  0.0303  0.0279  0.0277  0.0279  0.0280  0.0277  0.0273  0.0272  0.0275
  0.0339  0.0338  0.0330  0.0328  0.0294  0.0273  0.0274  0.0273  0.0273  0.0272  0.0272  0.0272
  0.0339  0.0332  0.0328  0.0360  0.0317  0.0276  0.0274  0.0276  0.0273  0.0280  0.0273  0.0271
  0.0346  0.0329  0.0329  0.0393  0.0348  0.0287  0.0281  0.0288  0.0276  0.0295  0.0276  0.0275
  0.0359  0.0332  0.0333  0.0430  0.0383  0.0306  0.0294  0.0309  0.0284  0.0315  0.0282  0.0284
niter,ni,del,rscale     7    3    5.0000    1.2000
parameters
    1.2107  -21.2741   17.8493  -12.3595  -12.4849   -5.2490
    1.2305    0.8886   -0.0176   -2.3354   -0.1526   -5.0488
eta,q 0.97339  7.54097
  0.0306  0.0303  0.0288  0.0284  0.0278  0.0283  0.0289  0.0299  0.0281  0.0297  0.0277  0.0284
  0.0287  0.0286  0.0279  0.0275  0.0269  0.0274  0.0277  0.0282  0.0272  0.0281  0.0272  0.0276
  0.0275  0.0275  0.0274  0.0270  0.0267  0.0269  0.0269  0.0272  0.0268  0.0271  0.0268  0.0270
  0.0271  0.0271  0.0271  0.0271  0.0271  0.0267  0.0267  0.0267  0.0267  0.0267  0.0267  0.0267
  0.0275  0.0273  0.0271  0.0287  0.0281  0.0268  0.0271  0.0270  0.0270  0.0269  0.0267  0.0267
  0.0287  0.0282  0.0275  0.0319  0.0301  0.0274  0.0279  0.0280  0.0276  0.0277  0.0269  0.0271
  0.0305  0.0296  0.0282  0.0355  0.0331  0.0286  0.0292  0.0299  0.0285  0.0290  0.0274  0.0279
niter,ni,del,rscale     6    3    5.0000    1.2000
parameters
    1.1827  -21.2206   18.3834  -13.3097  -13.2649   -5.3444
    1.2364    1.0012   -0.4925   -2.4668   -0.2228   -4.8450
eta,q 0.97336  7.46316
  0.0294  0.0296  0.0286  0.0290  0.0290  0.0284  0.0291  0.0298  0.0280  0.0293  0.0276  0.0283
  0.0279  0.0279  0.0277  0.0277  0.0277  0.0275  0.0278  0.0282  0.0272  0.0277  0.0271  0.0275
  0.0269  0.0269  0.0270  0.0269  0.0269  0.0270  0.0269  0.0271  0.0268  0.0268  0.0268  0.0269
  0.0266  0.0266  0.0266  0.0265  0.0267  0.0267  0.0267  0.0267  0.0267  0.0266  0.0266  0.0266
  0.0269  0.0270  0.0265  0.0265  0.0271  0.0267  0.0270  0.0269  0.0269  0.0270  0.0267  0.0268
  0.0279  0.0279  0.0268  0.0281  0.0281  0.0274  0.0278  0.0279  0.0275  0.0279  0.0271  0.0273
  0.0295  0.0292  0.0274  0.0311  0.0302  0.0287  0.0290  0.0297  0.0284  0.0293  0.0276  0.0282
niter,ni,del,rscale     5    3    5.0000    1.2000
parameters
    1.1986  -21.2094   18.5209  -13.4163  -13.4372   -5.3158
    1.2855    1.0330   -0.5499   -2.5240   -0.2659   -4.7866
eta,q 0.97336  7.45247
  0.0294  0.0295  0.0282  0.0293  0.0293  0.0285  0.0291  0.0297  0.0282  0.0293  0.0276  0.0282
  0.0279  0.0278  0.0274  0.0280  0.0279  0.0275  0.0278  0.0281  0.0274  0.0277  0.0271  0.0274
  0.0270  0.0269  0.0269  0.0271  0.0270  0.0270  0.0269  0.0271  0.0268  0.0268  0.0268  0.0269
  0.0266  0.0266  0.0266  0.0266  0.0266  0.0266  0.0266  0.0266  0.0266  0.0266  0.0266  0.0266
  0.0269  0.0270  0.0267  0.0264  0.0269  0.0267  0.0269  0.0269  0.0268  0.0270  0.0268  0.0268
  0.0278  0.0279  0.0272  0.0274  0.0279  0.0274  0.0278  0.0280  0.0274  0.0279  0.0271  0.0273
  0.0293  0.0293  0.0279  0.0301  0.0296  0.0286  0.0290  0.0298  0.0283  0.0293  0.0276  0.0282
niter,ni,del,rscale     4    3    5.0000    1.2000
parameters
    1.2023  -21.2156   18.5613  -13.4140  -13.4557   -5.2935
    1.2978    1.0359   -0.5435   -2.5600   -0.2913   -4.7711
eta,q 0.97337  7.45267
  0.0294  0.0294  0.0281  0.0294  0.0293  0.0284  0.0290  0.0297  0.0283  0.0294  0.0276  0.0282
  0.0279  0.0278  0.0273  0.0280  0.0280  0.0275  0.0277  0.0281  0.0274  0.0277  0.0271  0.0274
  0.0269  0.0269  0.0268  0.0271  0.0270  0.0270  0.0269  0.0271  0.0268  0.0268  0.0268  0.0269
  0.0266  0.0266  0.0266  0.0266  0.0266  0.0266  0.0266  0.0266  0.0266  0.0266  0.0266  0.0266
  0.0269  0.0270  0.0268  0.0264  0.0269  0.0267  0.0270  0.0269  0.0268  0.0270  0.0267  0.0268
  0.0279  0.0280  0.0272  0.0274  0.0278  0.0274  0.0278  0.0280  0.0274  0.0279  0.0271  0.0274
  0.0294  0.0293  0.0280  0.0300  0.0295  0.0286  0.0290  0.0298  0.0283  0.0293  0.0276  0.0282
niter,ni,del,rscale     3    3    5.0000    1.2000
parameters
    1.2029  -21.2245   18.5733  -13.4120  -13.4533   -5.2735
    1.2959    1.0330   -0.5380   -2.5767   -0.2999   -4.7555
eta,q 0.97337  7.45361
  0.0294  0.0294  0.0280  0.0294  0.0293  0.0284  0.0290  0.0297  0.0283  0.0294  0.0276  0.0282
  0.0279  0.0278  0.0273  0.0280  0.0280  0.0275  0.0277  0.0281  0.0274  0.0277  0.0271  0.0274
  0.0269  0.0269  0.0268  0.0271  0.0270  0.0270  0.0269  0.0271  0.0268  0.0268  0.0268  0.0269
  0.0266  0.0266  0.0266  0.0266  0.0266  0.0266  0.0266  0.0266  0.0266  0.0266  0.0266  0.0266
  0.0269  0.0270  0.0268  0.0264  0.0269  0.0267  0.0269  0.0269  0.0268  0.0270  0.0267  0.0268
  0.0279  0.0280  0.0273  0.0274  0.0278  0.0274  0.0278  0.0280  0.0274  0.0279  0.0271  0.0274
  0.0294  0.0293  0.0280  0.0300  0.0295  0.0286  0.0290  0.0298  0.0282  0.0292  0.0276  0.0282
registration optimization eta report
parameter search radius
    2.4000    2.7600    2.4000    9.5220    9.5220    8.2800
    7.2000    7.2000    7.2000    8.2800    7.2000    8.2800
100000*second partial in parameter space
       48.       36.       24.        4.        3.        3.
        5.        6.        3.        4.        2.        2.
  0.0294  0.0294  0.0280  0.0294  0.0293  0.0284  0.0290  0.0297  0.0283  0.0294  0.0276  0.0282
  0.0279  0.0278  0.0273  0.0280  0.0280  0.0275  0.0277  0.0281  0.0274  0.0277  0.0271  0.0274
  0.0269  0.0269  0.0268  0.0271  0.0270  0.0270  0.0269  0.0271  0.0268  0.0268  0.0268  0.0269
  0.0266  0.0266  0.0266  0.0266  0.0266  0.0266  0.0266  0.0266  0.0266  0.0266  0.0266  0.0266
  0.0269  0.0270  0.0268  0.0264  0.0269  0.0267  0.0269  0.0269  0.0268  0.0270  0.0267  0.0268
  0.0279  0.0280  0.0273  0.0274  0.0278  0.0274  0.0278  0.0280  0.0274  0.0279  0.0271  0.0274
  0.0294  0.0293  0.0280  0.0300  0.0295  0.0286  0.0290  0.0298  0.0282  0.0292  0.0276  0.0282
    1.2029  -21.2245   18.5733  -13.4120  -13.4533   -5.2735
    1.2959    1.0330   -0.5380   -2.5767   -0.2999   -4.7555
eta,q 0.97337  7.45361

---------------------------------------------------------------------
imgreg_4dfp /usr/local/freesurfer/7.4.1/average/711-2C_as_mni_average_305 /usr/local/freesurfer/7.4.1/average/711-2B_as_mni_average_305_mask talsrcimg_g11 none talsrcimg_to_711-2C_as_mni_average_305_t4 2311
---------------------------------------------------------------------

freesurfer imgreg_4dfp.c
/usr/local/freesurfer/7.4.1/average/711-2C_as_mni_average_305.4dfp.img
       256       256       256         1
  1.000000  1.000000  1.000000
orientation T byte_order littleendian
Reading image: /usr/local/freesurfer/7.4.1/average/711-2C_as_mni_average_305.4dfp.img
dimensions:      256       256       256
mmppix:       1.0000   -1.0000   -1.0000
center:     128.0000 -129.0000 -129.0000
/usr/local/freesurfer/7.4.1/average/711-2B_as_mni_average_305_mask.4dfp.img
       256       256       256         1
  1.000000  1.000000  1.000000
orientation T byte_order littleendian
Reading mask: /usr/local/freesurfer/7.4.1/average/711-2B_as_mni_average_305_mask.4dfp.img (2306576 pixels)
talsrcimg_g11.4dfp.img
       311       311       311         1
  0.700000  0.700000  0.700000
orientation T byte_order littleendian
Reading image: talsrcimg_g11.4dfp.img
dimensions:      311       311       311
mmppix:       0.7000   -0.7000   -0.7000
center:     109.2000 -109.2000 -109.2000
fimgreg.f
image alignment mode   2311 decimal      907 hex
parameters
    1.2029  -21.2245   18.5733  -13.4120  -13.4533   -5.2735
    1.2959    1.0330   -0.5380   -2.5767   -0.2999   -4.7555
eta,q 0.97337  7.45361
niter,ni,del,rscale     5    3    5.0000    0.8000
parameters
    1.2027  -21.3009   18.6073  -11.3157  -12.9221   -3.7933
    1.5063    1.0576   -0.1862   -2.7031   -0.2592   -4.2844
eta,q 0.97372  7.62582
  0.0279  0.0275  0.0273  0.0275  0.0273  0.0274  0.0276  0.0279  0.0272  0.0272  0.0268  0.0270
  0.0272  0.0270  0.0269  0.0271  0.0269  0.0270  0.0269  0.0271  0.0267  0.0267  0.0265  0.0267
  0.0268  0.0267  0.0267  0.0268  0.0266  0.0267  0.0265  0.0265  0.0264  0.0264  0.0264  0.0264
  0.0266  0.0266  0.0266  0.0266  0.0264  0.0264  0.0263  0.0263  0.0263  0.0263  0.0263  0.0263
  0.0268  0.0268  0.0267  0.0264  0.0264  0.0263  0.0264  0.0265  0.0263  0.0264  0.0263  0.0263
  0.0272  0.0271  0.0269  0.0264  0.0266  0.0264  0.0268  0.0270  0.0266  0.0267  0.0265  0.0265
  0.0279  0.0277  0.0273  0.0267  0.0270  0.0267  0.0274  0.0279  0.0270  0.0273  0.0268  0.0268
niter,ni,del,rscale     4    3    5.0000    0.7000
parameters
    1.1963  -21.4975   18.6963  -11.5102  -12.5722   -3.7279
    1.4753    1.0661   -0.1867   -2.9060   -0.1632   -4.0901
eta,q 0.97374  7.63297
  0.0274  0.0268  0.0269  0.0269  0.0270  0.0270  0.0272  0.0275  0.0269  0.0270  0.0267  0.0268
  0.0268  0.0265  0.0265  0.0266  0.0266  0.0266  0.0267  0.0269  0.0265  0.0266  0.0265  0.0265
  0.0264  0.0263  0.0263  0.0264  0.0264  0.0264  0.0264  0.0264  0.0263  0.0264  0.0263  0.0263
  0.0263  0.0263  0.0263  0.0263  0.0263  0.0263  0.0263  0.0263  0.0263  0.0263  0.0263  0.0263
  0.0264  0.0264  0.0263  0.0263  0.0263  0.0263  0.0264  0.0264  0.0263  0.0264  0.0263  0.0263
  0.0268  0.0268  0.0265  0.0266  0.0265  0.0265  0.0267  0.0268  0.0265  0.0267  0.0264  0.0264
  0.0274  0.0273  0.0267  0.0272  0.0268  0.0270  0.0272  0.0275  0.0269  0.0272  0.0267  0.0267
niter,ni,del,rscale     3    3    5.0000    0.6000
parameters
    1.1950  -21.5700   18.7375  -11.2776  -12.5544   -3.5810
    1.4890    1.0604   -0.2222   -2.9690   -0.1516   -3.9896
eta,q 0.97376  7.64790
  0.0271  0.0268  0.0267  0.0268  0.0267  0.0268  0.0269  0.0272  0.0267  0.0268  0.0265  0.0266
  0.0266  0.0265  0.0265  0.0266  0.0265  0.0265  0.0266  0.0267  0.0264  0.0265  0.0264  0.0264
  0.0264  0.0263  0.0263  0.0264  0.0263  0.0263  0.0263  0.0263  0.0263  0.0263  0.0263  0.0263
  0.0263  0.0263  0.0263  0.0263  0.0262  0.0262  0.0262  0.0262  0.0262  0.0262  0.0262  0.0262
  0.0264  0.0264  0.0263  0.0262  0.0263  0.0263  0.0263  0.0263  0.0263  0.0263  0.0263  0.0263
  0.0266  0.0266  0.0264  0.0264  0.0264  0.0264  0.0266  0.0267  0.0264  0.0265  0.0264  0.0264
  0.0271  0.0269  0.0266  0.0268  0.0267  0.0268  0.0269  0.0272  0.0267  0.0269  0.0265  0.0266
niter,ni,del,rscale     2    3    5.0000    0.5000
parameters
    1.1926  -21.5933   18.7572  -11.0763  -12.5504   -3.4987
    1.4957    1.0628   -0.2261   -2.9554   -0.1616   -3.9326
eta,q 0.97378  7.65890
  0.0268  0.0266  0.0265  0.0267  0.0266  0.0266  0.0267  0.0269  0.0265  0.0267  0.0264  0.0265
  0.0265  0.0264  0.0264  0.0265  0.0264  0.0264  0.0264  0.0265  0.0264  0.0264  0.0263  0.0263
  0.0263  0.0263  0.0263  0.0264  0.0263  0.0263  0.0263  0.0263  0.0263  0.0263  0.0262  0.0263
  0.0262  0.0262  0.0262  0.0262  0.0262  0.0262  0.0262  0.0262  0.0262  0.0262  0.0262  0.0262
  0.0263  0.0263  0.0263  0.0262  0.0263  0.0263  0.0263  0.0263  0.0263  0.0263  0.0262  0.0262
  0.0265  0.0264  0.0264  0.0263  0.0264  0.0264  0.0264  0.0265  0.0264  0.0264  0.0263  0.0263
  0.0268  0.0267  0.0265  0.0266  0.0266  0.0266  0.0267  0.0269  0.0265  0.0267  0.0264  0.0265
niter,ni,del,rscale     1    3    5.0000    0.4000
parameters
    1.1895  -21.5979   18.7550  -10.9018  -12.5248   -3.4550
    1.4962    1.0645   -0.2338   -2.9307   -0.1941   -3.9002
eta,q 0.97379  7.66834
  0.0266  0.0265  0.0264  0.0265  0.0264  0.0265  0.0265  0.0267  0.0264  0.0265  0.0264  0.0264
  0.0264  0.0263  0.0263  0.0264  0.0263  0.0263  0.0264  0.0264  0.0263  0.0264  0.0263  0.0263
  0.0263  0.0263  0.0262  0.0263  0.0262  0.0262  0.0262  0.0263  0.0262  0.0263  0.0262  0.0262
  0.0262  0.0262  0.0262  0.0262  0.0262  0.0262  0.0262  0.0262  0.0262  0.0262  0.0262  0.0262
  0.0263  0.0263  0.0262  0.0262  0.0262  0.0262  0.0263  0.0263  0.0262  0.0262  0.0262  0.0262
  0.0264  0.0263  0.0263  0.0263  0.0263  0.0263  0.0264  0.0264  0.0263  0.0263  0.0263  0.0263
  0.0266  0.0265  0.0264  0.0265  0.0264  0.0265  0.0265  0.0267  0.0264  0.0265  0.0264  0.0264
registration optimization eta report
parameter search radius
    0.8000    0.8000    0.8000    2.4000    2.4000    2.4000
    2.4000    2.4000    2.4000    2.4000    2.4000    2.4000
100000*second partial in parameter space
       60.       42.       28.        5.        4.        5.
        6.        8.        4.        5.        2.        3.
  0.0266  0.0265  0.0264  0.0265  0.0264  0.0265  0.0265  0.0267  0.0264  0.0265  0.0264  0.0264
  0.0264  0.0263  0.0263  0.0264  0.0263  0.0263  0.0264  0.0264  0.0263  0.0264  0.0263  0.0263
  0.0263  0.0263  0.0262  0.0263  0.0262  0.0262  0.0262  0.0263  0.0262  0.0263  0.0262  0.0262
  0.0262  0.0262  0.0262  0.0262  0.0262  0.0262  0.0262  0.0262  0.0262  0.0262  0.0262  0.0262
  0.0263  0.0263  0.0262  0.0262  0.0262  0.0262  0.0263  0.0263  0.0262  0.0262  0.0262  0.0262
  0.0264  0.0263  0.0263  0.0263  0.0263  0.0263  0.0264  0.0264  0.0263  0.0263  0.0263  0.0263
  0.0266  0.0265  0.0264  0.0265  0.0264  0.0265  0.0265  0.0267  0.0264  0.0265  0.0264  0.0264
    1.1895  -21.5979   18.7550  -10.9018  -12.5248   -3.4550
    1.4962    1.0645   -0.2338   -2.9307   -0.1941   -3.9002
eta,q 0.97379  7.66834

---------------------------------------------------------------------
imgreg_4dfp /usr/local/freesurfer/7.4.1/average/711-2C_as_mni_average_305 /usr/local/freesurfer/7.4.1/average/711-2B_as_mni_average_305_mask talsrcimg_g11 none talsrcimg_to_711-2C_as_mni_average_305_t4 2311
---------------------------------------------------------------------

freesurfer imgreg_4dfp.c
/usr/local/freesurfer/7.4.1/average/711-2C_as_mni_average_305.4dfp.img
       256       256       256         1
  1.000000  1.000000  1.000000
orientation T byte_order littleendian
Reading image: /usr/local/freesurfer/7.4.1/average/711-2C_as_mni_average_305.4dfp.img
dimensions:      256       256       256
mmppix:       1.0000   -1.0000   -1.0000
center:     128.0000 -129.0000 -129.0000
/usr/local/freesurfer/7.4.1/average/711-2B_as_mni_average_305_mask.4dfp.img
       256       256       256         1
  1.000000  1.000000  1.000000
orientation T byte_order littleendian
Reading mask: /usr/local/freesurfer/7.4.1/average/711-2B_as_mni_average_305_mask.4dfp.img (2306576 pixels)
talsrcimg_g11.4dfp.img
       311       311       311         1
  0.700000  0.700000  0.700000
orientation T byte_order littleendian
Reading image: talsrcimg_g11.4dfp.img
dimensions:      311       311       311
mmppix:       0.7000   -0.7000   -0.7000
center:     109.2000 -109.2000 -109.2000
fimgreg.f
image alignment mode   2311 decimal      907 hex
parameters
    1.1895  -21.5979   18.7550  -10.9018  -12.5248   -3.4550
    1.4962    1.0645   -0.2338   -2.9307   -0.1941   -3.9002
eta,q 0.97379  7.66834
niter,ni,del,rscale     5    3    5.0000    0.8000
parameters
    1.1791  -21.5771   18.7609  -11.6405  -12.5998   -3.8195
    1.5068    1.0195   -0.2324   -3.0921   -0.1433   -4.0142
eta,q 0.97373  7.62166
  0.0277  0.0273  0.0269  0.0269  0.0271  0.0270  0.0275  0.0279  0.0271  0.0273  0.0268  0.0269
  0.0269  0.0267  0.0265  0.0266  0.0267  0.0267  0.0268  0.0270  0.0266  0.0267  0.0265  0.0266
  0.0264  0.0263  0.0263  0.0264  0.0264  0.0264  0.0264  0.0265  0.0264  0.0264  0.0263  0.0263
  0.0262  0.0262  0.0262  0.0262  0.0263  0.0263  0.0263  0.0263  0.0263  0.0263  0.0263  0.0263
  0.0264  0.0263  0.0263  0.0263  0.0264  0.0264  0.0264  0.0264  0.0264  0.0264  0.0263  0.0263
  0.0269  0.0267  0.0265  0.0269  0.0267  0.0268  0.0268  0.0270  0.0266  0.0268  0.0265  0.0266
  0.0277  0.0272  0.0269  0.0279  0.0272  0.0274  0.0275  0.0280  0.0271  0.0274  0.0268  0.0270
niter,ni,del,rscale     4    3    5.0000    0.7000
parameters
    1.1872  -21.5892   18.7639  -11.5096  -12.6232   -3.6761
    1.5040    1.0356   -0.2603   -3.0549   -0.1337   -3.9985
eta,q 0.97374  7.63164
  0.0274  0.0271  0.0268  0.0269  0.0269  0.0270  0.0272  0.0275  0.0269  0.0271  0.0267  0.0268
  0.0268  0.0266  0.0265  0.0267  0.0265  0.0267  0.0267  0.0269  0.0265  0.0267  0.0265  0.0265
  0.0264  0.0264  0.0263  0.0265  0.0263  0.0264  0.0264  0.0264  0.0263  0.0264  0.0263  0.0263
  0.0263  0.0263  0.0263  0.0263  0.0263  0.0263  0.0263  0.0263  0.0263  0.0263  0.0263  0.0263
  0.0264  0.0264  0.0263  0.0262  0.0263  0.0263  0.0264  0.0264  0.0263  0.0263  0.0263  0.0263
  0.0267  0.0266  0.0265  0.0265  0.0265  0.0265  0.0267  0.0268  0.0265  0.0266  0.0264  0.0265
  0.0274  0.0271  0.0268  0.0270  0.0269  0.0269  0.0272  0.0275  0.0269  0.0271  0.0267  0.0268
niter,ni,del,rscale     3    3    5.0000    0.6000
parameters
    1.1889  -21.5949   18.7729  -11.2732  -12.5821   -3.5484
    1.5091    1.0520   -0.2452   -3.0093   -0.1472   -3.9568
eta,q 0.97376  7.64787
  0.0271  0.0268  0.0267  0.0268  0.0267  0.0268  0.0269  0.0272  0.0267  0.0269  0.0265  0.0266
  0.0266  0.0265  0.0264  0.0266  0.0265  0.0265  0.0265  0.0267  0.0264  0.0265  0.0264  0.0264
  0.0264  0.0263  0.0263  0.0264  0.0263  0.0263  0.0263  0.0263  0.0263  0.0263  0.0263  0.0263
  0.0263  0.0263  0.0263  0.0263  0.0262  0.0262  0.0262  0.0262  0.0262  0.0262  0.0262  0.0262
  0.0263  0.0263  0.0263  0.0262  0.0263  0.0263  0.0263  0.0263  0.0263  0.0263  0.0263  0.0263
  0.0266  0.0265  0.0264  0.0264  0.0264  0.0264  0.0266  0.0267  0.0264  0.0265  0.0264  0.0264
  0.0271  0.0269  0.0266  0.0268  0.0267  0.0268  0.0269  0.0272  0.0267  0.0269  0.0265  0.0266
niter,ni,del,rscale     2    3    5.0000    0.5000
parameters
    1.1896  -21.6009   18.7729  -11.0639  -12.5614   -3.4746
    1.5032    1.0597   -0.2370   -2.9785   -0.1778   -3.9221
eta,q 0.97378  7.65977
  0.0268  0.0267  0.0265  0.0267  0.0266  0.0266  0.0267  0.0269  0.0265  0.0267  0.0264  0.0265
  0.0265  0.0264  0.0264  0.0265  0.0264  0.0264  0.0264  0.0265  0.0264  0.0264  0.0263  0.0263
  0.0263  0.0263  0.0263  0.0264  0.0263  0.0263  0.0263  0.0263  0.0263  0.0263  0.0262  0.0263
  0.0262  0.0262  0.0262  0.0262  0.0262  0.0262  0.0262  0.0262  0.0262  0.0262  0.0262  0.0262
  0.0263  0.0263  0.0263  0.0262  0.0263  0.0263  0.0263  0.0263  0.0263  0.0263  0.0262  0.0262
  0.0265  0.0264  0.0264  0.0263  0.0264  0.0264  0.0264  0.0265  0.0264  0.0264  0.0263  0.0263
  0.0268  0.0267  0.0265  0.0266  0.0266  0.0266  0.0267  0.0269  0.0265  0.0267  0.0265  0.0265
niter,ni,del,rscale     1    3    5.0000    0.4000
parameters
    1.1887  -21.6017   18.7676  -10.8929  -12.5369   -3.4378
    1.4910    1.0577   -0.2242   -2.9317   -0.1841   -3.8871
eta,q 0.97379  7.66883
  0.0266  0.0265  0.0264  0.0265  0.0264  0.0265  0.0265  0.0267  0.0264  0.0265  0.0264  0.0264
  0.0264  0.0263  0.0263  0.0264  0.0263  0.0263  0.0264  0.0264  0.0263  0.0264  0.0263  0.0263
  0.0263  0.0263  0.0262  0.0263  0.0262  0.0262  0.0262  0.0263  0.0262  0.0263  0.0262  0.0262
  0.0262  0.0262  0.0262  0.0262  0.0262  0.0262  0.0262  0.0262  0.0262  0.0262  0.0262  0.0262
  0.0263  0.0263  0.0262  0.0262  0.0262  0.0262  0.0263  0.0263  0.0262  0.0262  0.0262  0.0262
  0.0264  0.0263  0.0263  0.0263  0.0263  0.0263  0.0264  0.0264  0.0263  0.0263  0.0263  0.0263
  0.0266  0.0265  0.0264  0.0265  0.0264  0.0265  0.0265  0.0267  0.0264  0.0265  0.0264  0.0264
registration optimization eta report
parameter search radius
    0.8000    0.8000    0.8000    2.4000    2.4000    2.4000
    2.4000    2.4000    2.4000    2.4000    2.4000    2.4000
100000*second partial in parameter space
       59.       41.       28.        5.        4.        5.
        6.        8.        4.        5.        2.        3.
  0.0266  0.0265  0.0264  0.0265  0.0264  0.0265  0.0265  0.0267  0.0264  0.0265  0.0264  0.0264
  0.0264  0.0263  0.0263  0.0264  0.0263  0.0263  0.0264  0.0264  0.0263  0.0264  0.0263  0.0263
  0.0263  0.0263  0.0262  0.0263  0.0262  0.0262  0.0262  0.0263  0.0262  0.0263  0.0262  0.0262
  0.0262  0.0262  0.0262  0.0262  0.0262  0.0262  0.0262  0.0262  0.0262  0.0262  0.0262  0.0262
  0.0263  0.0263  0.0262  0.0262  0.0262  0.0262  0.0263  0.0263  0.0262  0.0262  0.0262  0.0262
  0.0264  0.0263  0.0263  0.0263  0.0263  0.0263  0.0264  0.0264  0.0263  0.0263  0.0263  0.0263
  0.0266  0.0265  0.0264  0.0265  0.0264  0.0265  0.0265  0.0267  0.0264  0.0265  0.0264  0.0264
    1.1887  -21.6017   18.7676  -10.8929  -12.5369   -3.4378
    1.4910    1.0577   -0.2242   -2.9317   -0.1841   -3.8871
eta,q 0.97379  7.66883

---------------------------------------------------------------------
compute_vox2vox talsrcimg talsrcimg_to_711-2C_as_mni_average_305_t4 /usr/local/freesurfer/7.4.1/average/711-2C_as_mni_average_305
---------------------------------------------------------------------

freesurfer compute_vox2vox.c
Reading: talsrcimg.4dfp.ifh
Reading: talsrcimg_to_711-2C_as_mni_average_305_t4
Reading: /usr/local/freesurfer/7.4.1/average/711-2C_as_mni_average_305.4dfp.ifh
Writing: talsrcimg_to_711-2C_as_mni_average_305_t4_vox2vox.txt

start time Fri Aug 18 12:16:16 EDT 2023
end		time Fri Aug 18 12:16:48 EDT 2023

mpr2mni305 success

avi2talxfm orig_nu.mgz /usr/local/freesurfer/7.4.1/average/mni305.cor.mgz talsrcimg_to_711-2C_as_mni_average_305_t4_vox2vox.txt transforms/talairach.auto.xfm
avi2talxfm done
mv -f /home/bverreman/Desktop/test2_high_res/mri/talsrcimg_to_711-2C_as_mni_average_305_t4_vox2vox.txt /home/bverreman/Desktop/test2_high_res/mri/transforms/talsrcimg_to_711-2C_as_mni_average_305_t4_vox2vox.txt
lta_convert --src orig_nu.mgz --trg /usr/local/freesurfer/7.4.1/average/mni305.cor.mgz --inxfm transforms/talairach.auto.xfm --outlta transforms/talairach.auto.xfm.lta --subject fsaverage
7.4.1

--src: orig_nu.mgz src image (geometry).
--trg: /usr/local/freesurfer/7.4.1/average/mni305.cor.mgz trg image (geometry).
--inmni: transforms/talairach.auto.xfm input MNI/XFM transform.
--outlta: transforms/talairach.auto.xfm.lta output LTA.
--s: fsaverage subject name
 LTA read, type : 1
 1.12217  -0.01289  -0.01970  -0.63252;
 0.00226   1.03698   0.04605  -2.21197;
 0.00295   0.03472   1.14483   2.53221;
 0.00000   0.00000   0.00000   1.00000;
setting subject to fsaverage
Writing  LTA to file transforms/talairach.auto.xfm.lta...
lta_convert successful.
 
 
Started at Fri Aug 18 12:16:14 EDT 2023
Ended   at Fri Aug 18 12:16:49 EDT 2023
talairach_avi done
