status file for recon-all
Fri Aug 18 12:09:55 EDT 2023
#@# MotionCor Fri Aug 18 12:10:03 EDT 2023
#@# Talairach Fri Aug 18 12:10:16 EDT 2023
#@# Talairach Failure Detection Fri Aug 18 12:16:51 EDT 2023
#@# Nu Intensity Correction Fri Aug 18 12:16:51 EDT 2023
#@# Intensity Normalization Fri Aug 18 12:23:15 EDT 2023
#@# Skull Stripping Fri Aug 18 12:28:02 EDT 2023
#@# EM Registration Fri Aug 18 12:40:23 EDT 2023
#@# CA Normalize Fri Aug 18 12:55:37 EDT 2023
#@# CA Reg Fri Aug 18 12:57:35 EDT 2023
#@# SubCort Seg Fri Aug 18 14:49:42 EDT 2023
#@# CC Seg Fri Aug 18 16:27:16 EDT 2023
#@# Merge ASeg Fri Aug 18 16:28:13 EDT 2023
#@# Intensity Normalization2 Fri Aug 18 16:28:13 EDT 2023
#@# Mask BFS Fri Aug 18 16:34:52 EDT 2023
#@# WM Segmentation Fri Aug 18 16:34:55 EDT 2023
#@# Fill Fri Aug 18 16:41:03 EDT 2023
#@# Tessellate lh Fri Aug 18 16:43:35 EDT 2023
#@# Tessellate rh Fri Aug 18 16:44:12 EDT 2023
#@# Smooth1 lh Fri Aug 18 16:44:46 EDT 2023
#@# Smooth1 rh Fri Aug 18 16:44:49 EDT 2023
#@# Inflation1 lh Fri Aug 18 16:44:53 EDT 2023
#@# Inflation1 rh Fri Aug 18 16:50:45 EDT 2023
#@# QSphere lh Fri Aug 18 16:56:24 EDT 2023
#@# QSphere rh Fri Aug 18 16:59:08 EDT 2023
#@# Fix Topology lh Fri Aug 18 17:01:51 EDT 2023
#@# Fix Topology rh Fri Aug 18 17:04:14 EDT 2023
#@# Smooth2 lh Fri Aug 18 17:21:55 EDT 2023
#@# Smooth2 rh Fri Aug 18 17:22:01 EDT 2023
#@# Inflation2 lh Fri Aug 18 17:22:06 EDT 2023
#@# Inflation2 rh Fri Aug 18 17:23:00 EDT 2023
#@# Curv .H and .K lh Fri Aug 18 17:23:53 EDT 2023
#@# Curv .H and .K rh Fri Aug 18 17:24:55 EDT 2023
#@# Sphere lh Fri Aug 18 17:25:58 EDT 2023
#@# Sphere rh Mon Aug 21 10:20:06 EDT 2023
#@# Surf Reg lh Mon Aug 21 10:25:03 EDT 2023
#@# Surf Reg rh Mon Aug 21 10:34:26 EDT 2023
#@# Jacobian white lh Mon Aug 21 10:44:52 EDT 2023
#@# Jacobian white rh Mon Aug 21 10:44:54 EDT 2023
#@# AvgCurv lh Mon Aug 21 10:44:56 EDT 2023
#@# AvgCurv rh Mon Aug 21 10:44:57 EDT 2023
#@# Cortical Parc lh Mon Aug 21 10:44:59 EDT 2023
#@# Cortical Parc rh Mon Aug 21 10:45:25 EDT 2023
#@# white curv lh Mon Aug 21 11:05:06 EDT 2023
#@# white area lh Mon Aug 21 11:05:10 EDT 2023
#@# pial curv lh Mon Aug 21 11:05:11 EDT 2023
#@# pial area lh Mon Aug 21 11:05:15 EDT 2023
#@# thickness lh Mon Aug 21 11:05:17 EDT 2023
#@# area and vertex vol lh Mon Aug 21 11:06:15 EDT 2023
#@# white curv rh Mon Aug 21 11:06:19 EDT 2023
#@# white area rh Mon Aug 21 11:06:22 EDT 2023
#@# pial curv rh Mon Aug 21 11:06:24 EDT 2023
#@# pial area rh Mon Aug 21 11:06:28 EDT 2023
#@# thickness rh Mon Aug 21 11:06:30 EDT 2023
#@# area and vertex vol rh Mon Aug 21 11:07:25 EDT 2023
#@# Curvature Stats lh Mon Aug 21 11:07:29 EDT 2023
#@# Curvature Stats rh Mon Aug 21 11:07:33 EDT 2023
#@# Cortical ribbon mask Mon Aug 21 11:07:37 EDT 2023
#@# Cortical Parc 2 lh Mon Aug 21 11:34:35 EDT 2023
#@# Cortical Parc 2 rh Mon Aug 21 11:35:00 EDT 2023
#@# Cortical Parc 3 lh Mon Aug 21 11:35:23 EDT 2023
#@# Cortical Parc 3 rh Mon Aug 21 11:35:39 EDT 2023
#@# WM/GM Contrast lh Mon Aug 21 11:35:54 EDT 2023
#@# WM/GM Contrast rh Mon Aug 21 11:36:01 EDT 2023
#@# Relabel Hypointensities Mon Aug 21 11:36:08 EDT 2023
#@# APas-to-ASeg Mon Aug 21 11:36:49 EDT 2023
#@# AParc-to-ASeg aparc Mon Aug 21 11:37:15 EDT 2023
#@# AParc-to-ASeg aparc.a2009s Mon Aug 21 11:45:49 EDT 2023
#@# AParc-to-ASeg aparc.DKTatlas Mon Aug 21 11:54:17 EDT 2023
#@# WMParc Mon Aug 21 12:03:16 EDT 2023
#@# Parcellation Stats lh Mon Aug 21 12:23:12 EDT 2023
#@# Parcellation Stats rh Mon Aug 21 12:23:39 EDT 2023
#@# Parcellation Stats 2 lh Mon Aug 21 12:24:07 EDT 2023
#@# Parcellation Stats 2 rh Mon Aug 21 12:24:22 EDT 2023
#@# Parcellation Stats 3 lh Mon Aug 21 12:24:38 EDT 2023
#@# Parcellation Stats 3 rh Mon Aug 21 12:24:51 EDT 2023
#@# ASeg Stats Mon Aug 21 12:25:05 EDT 2023
#@# BA_exvivo Labels lh Mon Aug 21 12:33:17 EDT 2023
#@# BA_exvivo Labels rh Mon Aug 21 12:38:15 EDT 2023
recon-all -s test2_high_res finished without error at Mon Aug 21 12:43:09 EDT 2023



#New# invocation of recon-all 



status file for recon-all
Tue Aug 22 12:13:14 EDT 2023
#@# Mask BFS Tue Aug 22 12:13:14 EDT 2023
#@# Fill Tue Aug 22 12:13:18 EDT 2023
#@# Tessellate lh Tue Aug 22 12:15:16 EDT 2023
#@# Tessellate rh Tue Aug 22 12:15:24 EDT 2023
#@# Smooth1 lh Tue Aug 22 12:15:33 EDT 2023
#@# Smooth1 rh Tue Aug 22 12:15:39 EDT 2023
#@# Inflation1 lh Tue Aug 22 12:15:45 EDT 2023
#@# Inflation1 rh Tue Aug 22 12:23:07 EDT 2023
#@# QSphere lh Tue Aug 22 12:32:44 EDT 2023
#@# QSphere rh Tue Aug 22 12:36:17 EDT 2023
#@# Fix Topology lh Tue Aug 22 12:40:39 EDT 2023
#@# Fix Topology rh Tue Aug 22 12:41:40 EDT 2023
#@# Smooth2 lh Tue Aug 22 13:04:51 EDT 2023
#@# Smooth2 rh Tue Aug 22 13:04:58 EDT 2023
#@# Inflation2 lh Tue Aug 22 13:05:05 EDT 2023
#@# Inflation2 rh Tue Aug 22 13:06:11 EDT 2023
#@# Curv .H and .K lh Tue Aug 22 13:07:11 EDT 2023
#@# Curv .H and .K rh Tue Aug 22 13:08:50 EDT 2023
#@# Sphere lh Tue Aug 22 13:10:29 EDT 2023
#@# Sphere rh Tue Aug 22 13:31:06 EDT 2023
#@# Surf Reg lh Tue Aug 22 13:55:07 EDT 2023
#@# Surf Reg rh Tue Aug 22 14:19:33 EDT 2023
#@# Jacobian white lh Tue Aug 22 14:49:40 EDT 2023
#@# Jacobian white rh Tue Aug 22 14:49:44 EDT 2023
#@# AvgCurv lh Tue Aug 22 14:49:49 EDT 2023
#@# AvgCurv rh Tue Aug 22 14:49:52 EDT 2023
#@# Cortical Parc lh Tue Aug 22 14:49:56 EDT 2023
#@# Cortical Parc rh Tue Aug 22 14:50:44 EDT 2023
#@# white curv lh Tue Aug 22 15:44:12 EDT 2023
#@# white area lh Tue Aug 22 15:44:19 EDT 2023
#@# pial curv lh Tue Aug 22 15:44:22 EDT 2023
#@# pial area lh Tue Aug 22 15:44:29 EDT 2023
#@# thickness lh Tue Aug 22 15:44:33 EDT 2023
#@# area and vertex vol lh Tue Aug 22 15:46:17 EDT 2023
#@# white curv rh Tue Aug 22 15:46:24 EDT 2023
#@# white area rh Tue Aug 22 15:46:31 EDT 2023
#@# pial curv rh Tue Aug 22 15:46:35 EDT 2023
#@# pial area rh Tue Aug 22 15:46:42 EDT 2023
#@# thickness rh Tue Aug 22 15:46:47 EDT 2023
#@# area and vertex vol rh Tue Aug 22 15:48:32 EDT 2023
#@# Curvature Stats lh Tue Aug 22 15:48:39 EDT 2023
#@# Curvature Stats rh Tue Aug 22 15:48:48 EDT 2023
#@# Cortical ribbon mask Tue Aug 22 15:48:57 EDT 2023
#@# Cortical Parc 2 lh Tue Aug 22 16:33:21 EDT 2023
#@# Cortical Parc 2 rh Tue Aug 22 16:34:25 EDT 2023
#@# Cortical Parc 3 lh Tue Aug 22 16:35:21 EDT 2023
#@# Cortical Parc 3 rh Tue Aug 22 16:35:53 EDT 2023
#@# WM/GM Contrast lh Tue Aug 22 16:36:26 EDT 2023
#@# WM/GM Contrast rh Tue Aug 22 16:36:39 EDT 2023
#@# Relabel Hypointensities Tue Aug 22 16:36:51 EDT 2023
#@# APas-to-ASeg Tue Aug 22 16:37:55 EDT 2023
#@# AParc-to-ASeg aparc Tue Aug 22 16:38:41 EDT 2023
#@# AParc-to-ASeg aparc.a2009s Tue Aug 22 16:53:53 EDT 2023
#@# AParc-to-ASeg aparc.DKTatlas Tue Aug 22 17:08:44 EDT 2023
#@# WMParc Tue Aug 22 17:23:58 EDT 2023
#@# Parcellation Stats lh Tue Aug 22 17:45:50 EDT 2023
#@# Parcellation Stats rh Tue Aug 22 17:47:13 EDT 2023
#@# Parcellation Stats 2 lh Tue Aug 22 17:48:38 EDT 2023
#@# Parcellation Stats 2 rh Tue Aug 22 17:49:27 EDT 2023
#@# Parcellation Stats 3 lh Tue Aug 22 17:50:10 EDT 2023
#@# Parcellation Stats 3 rh Tue Aug 22 17:50:51 EDT 2023
#@# ASeg Stats Tue Aug 22 17:51:31 EDT 2023
#@# BA_exvivo Labels lh Tue Aug 22 18:00:26 EDT 2023
#@# BA_exvivo Labels rh Tue Aug 22 18:10:39 EDT 2023
recon-all -s corrected_filled finished without error at Tue Aug 22 18:20:46 EDT 2023
