/HCP/hcpdb/build_ssd/chpc/BUILD/HCP_Staging/1396128475_198451/STRUCTURAL/198451/T1w/198451/mri
/export/freesurfer-5.3-HCP/bin/mri_nu_correct.mni
--n 1 --proto-iters 1000 --distance 50 --no-rescale --i orig.mgz --o orig_nu.mgz
nIters 1
$Id: mri_nu_correct.mni,v 1.18.2.1 2013/01/09 21:23:42 nicks Exp $
Linux node136 2.6.18-164.el5 #1 SMP Tue Aug 18 15:51:48 EDT 2009 x86_64 x86_64 x86_64 GNU/Linux
Sat Mar 29 19:13:50 CDT 2014
Program nu_correct, built from:
Package MNI N3, version 1.10, compiled by nicks@minerva (x86_64-unknown-linux-gnu) on 2010-02-20 at 17:32:37
tmpdir is ./tmp.mri_nu_correct.mni.26661
/HCP/hcpdb/build_ssd/chpc/BUILD/HCP_Staging/1396128475_198451/STRUCTURAL/198451/T1w/198451/mri
mri_convert orig.mgz ./tmp.mri_nu_correct.mni.26661/nu0.mnc -odt float
mri_convert orig.mgz ./tmp.mri_nu_correct.mni.26661/nu0.mnc -odt float 
$Id: mri_convert.c,v 1.179.2.7 2012/09/05 21:55:16 mreuter Exp $
reading from orig.mgz...
TR=2400.00, TE=0.00, TI=0.00, flip angle=0.00
i_ras = (-1, 0, 0)
j_ras = (0, 0, -1)
k_ras = (0, 1, 0)
changing data type from uchar to float (noscale = 0)...
writing to ./tmp.mri_nu_correct.mni.26661/nu0.mnc...
 
--------------------------------------------------------
Iteration 1 Sat Mar 29 19:13:52 CDT 2014
nu_correct -clobber ./tmp.mri_nu_correct.mni.26661/nu0.mnc ./tmp.mri_nu_correct.mni.26661/nu1.mnc -tmpdir ./tmp.mri_nu_correct.mni.26661/0/ -iterations 1000 -distance 50
[HCPpipeline@node136:/HCP/hcpdb/build_ssd/chpc/BUILD/HCP_Staging/1396128475_198451/STRUCTURAL/198451/T1w/198451/mri/] [2014-03-29 19:13:52] running:
  /export/freesurfer-5.3-HCP/mni/bin/nu_estimate_np_and_em -parzen -log -sharpen 0.15 0.01 -iterations 1000 -stop 0.001 -shrink 4 -auto_mask -nonotify -b_spline 1 -distance 50 -quiet -execute -clobber -nokeeptmp -tmpdir ./tmp.mri_nu_correct.mni.26661/0/ ./tmp.mri_nu_correct.mni.26661/nu0.mnc ./tmp.mri_nu_correct.mni.26661/nu1.imp

Processing:.................................................................Done
Processing:.................................................................Done
Processing:.................................................................Done
Processing:.................................................................Done
Processing:.................................................................Done
Processing:.................................................................Done
Processing:.................................................................Done
Processing:.................................................................Done
Processing:.................................................................Done
Processing:.................................................................Done
Processing:.................................................................Done
Processing:.................................................................Done
Processing:.................................................................Done
Processing:.................................................................Done
Processing:.................................................................Done
Processing:.................................................................Done
Processing:.................................................................Done
Processing:.................................................................Done
Processing:.................................................................Done
Processing:.................................................................Done
Processing:.................................................................Done
Processing:.................................................................Done
Processing:.................................................................Done
Number of iterations: 23 
CV of field change: 0.000963097
[HCPpipeline@node136:/HCP/hcpdb/build_ssd/chpc/BUILD/HCP_Staging/1396128475_198451/STRUCTURAL/198451/T1w/198451/mri/] [2014-03-29 19:14:16] running:
  /export/freesurfer-5.3-HCP/mni/bin/make_template -quiet -shrink 3 ./tmp.mri_nu_correct.mni.26661/nu0.mnc ./tmp.mri_nu_correct.mni.26661/0//template.mnc

Transforming slices:......................................................................................Done
Transforming slices:................................................................................................................................................................................................................................................................Done
 
 
 
mri_convert ./tmp.mri_nu_correct.mni.26661/nu1.mnc orig_nu.mgz --like orig.mgz --conform
mri_convert ./tmp.mri_nu_correct.mni.26661/nu1.mnc orig_nu.mgz --like orig.mgz --conform 
$Id: mri_convert.c,v 1.179.2.7 2012/09/05 21:55:16 mreuter Exp $
reading from ./tmp.mri_nu_correct.mni.26661/nu1.mnc...
TR=0.00, TE=0.00, TI=0.00, flip angle=0.00
i_ras = (-1, 0, 0)
j_ras = (0, 0, -1)
k_ras = (0, 1, 0)
Original Data has (1, 1, 1) mm size and (256, 256, 256) voxels.
Data is conformed to 1 mm size and 256 voxels for all directions
INFO: transform src into the like-volume: orig.mgz
changing data type from float to uchar (noscale = 0)...
MRIchangeType: Building histogram 
writing to orig_nu.mgz...
 
 
Sat Mar 29 19:14:32 CDT 2014
mri_nu_correct.mni done
